<?xml version="1.0" encoding="UTF-8"?>
<testsuites name="Feature Login" time="43.192" tests="3" failures="0" errors="1">
   <testsuite name="Feature Login" tests="3" failures="0" errors="1" time="43.192" skipped="0" timestamp="2023-07-24 21:09:49" hostname="User - WINDOWS-5V2O60F" id="Test Suites/secondhand-web/Feature Login">
      <properties>
         <property name="deviceName" value=""/>
         <property name="devicePlatform" value=""/>
         <property name="logFolder" value="C:\\Users\\User\\SQA-Wave9-Kelompok2\\Reports\\20230724_210944\\secondhand-web\\Feature Login\\20230724_210945"/>
         <property name="logFiles" value="C:\\Users\\User\\SQA-Wave9-Kelompok2\\Reports\\20230724_210944\\secondhand-web\\Feature Login\\20230724_210945\\execution0.log"/>
         <property name="attachments" value="C:\\Users\\User\\SQA-Wave9-Kelompok2\\Reports\\20230724_210944\\secondhand-web\\Feature Login\\20230724_210945\\1690207805628.png, C:\\Users\\User\\SQA-Wave9-Kelompok2\\Reports\\20230724_210944\\secondhand-web\\Feature Login\\20230724_210945\\1690207809311.png, C:\\Users\\User\\SQA-Wave9-Kelompok2\\Reports\\20230724_210944\\secondhand-web\\Feature Login\\20230724_210945\\1690207819127.png, C:\\Users\\User\\SQA-Wave9-Kelompok2\\Reports\\20230724_210944\\secondhand-web\\Feature Login\\20230724_210945\\1690207821635.png"/>
         <property name="hostName" value="User - WINDOWS-5V2O60F"/>
         <property name="os" value="Windows 10 64bit"/>
         <property name="katalonVersion" value="8.6.5.208"/>
         <property name="browser" value="Chrome 115.0.0.0"/>
         <property name="hostAddress" value="192.168.50.93"/>
         <property name="sessionId" value="81af498db709c2137891335685416cdb"/>
         <property name="seleniumVersion" value="3.141.59"/>
         <property name="proxyInformation" value="ProxyInformation { proxyOption=NO_PROXY, proxyServerType=HTTP, username=, password=********, proxyServerAddress=, proxyServerPort=0, executionList=&quot;&quot;, isApplyToDesiredCapabilities=true }"/>
         <property name="platform" value="Windows 10"/>
      </properties>
      <testcase name="Test Cases/secondhand-web/Step Definition/Feature Login/LG0001 - user should be able to login using valid credential" time="22.635" classname="Test Cases/secondhand-web/Step Definition/Feature Login/LG0001 - user should be able to login using valid credential" status="PASSED">
         <system-out><![CDATA[2023-07-24 21:09:50 - [TEST_CASE][PASSED] - Test Cases/secondhand-web/Step Definition/Feature Login/LG0001 - user should be able to login using valid credential: Test Cases/secondhand-web/Step Definition/Feature Login/LG0001 - user should be able to login using valid credential

2023-07-24 21:09:50 - [TEST_STEP][PASSED] - callTestCase(findTestCase("secondhand-web/Common/Launch Web"), [:], STOP_ON_FAILURE): Call Test Case 'Test Cases/secondhand-web/Common/Launch Web' successfully

2023-07-24 21:09:51 - [MESSAGE][INFO] - Checking called Test Case

2023-07-24 21:09:51 - [MESSAGE][INFO] - Starting to call Test Case 'Test Cases/secondhand-web/Common/Launch Web'

2023-07-24 21:09:51 - [TEST_CASE][PASSED] - Test Cases/secondhand-web/Common/Launch Web: Test Cases/secondhand-web/Common/Launch Web

2023-07-24 21:09:51 - [TEST_STEP][PASSED] - openBrowser(""): Browser is opened with url: ''

2023-07-24 21:09:52 - [MESSAGE][INFO] - Opening browser

2023-07-24 21:09:52 - [MESSAGE][INFO] - Starting 'Chrome' driver

2023-07-24 21:09:52 - [MESSAGE][INFO] - Action delay is set to 0 milliseconds

2023-07-24 21:09:55 - [MESSAGE][PASSED] - Browser is opened with url: ''

2023-07-24 21:09:55 - [TEST_STEP][PASSED] - maximizeWindow(): Current window maximized

2023-07-24 21:09:55 - [MESSAGE][INFO] - Maximizing current window

2023-07-24 21:09:55 - [MESSAGE][PASSED] - Current window maximized

2023-07-24 21:09:55 - [MESSAGE][PASSED] - Call Test Case 'Test Cases/secondhand-web/Common/Launch Web' successfully

2023-07-24 21:09:55 - [TEST_STEP][PASSED] - callTestCase(findTestCase("secondhand-web/Common/Navigate To Web"), [:], STOP_ON_FAILURE): Call Test Case 'Test Cases/secondhand-web/Common/Navigate To Web' successfully

2023-07-24 21:09:55 - [MESSAGE][INFO] - Checking called Test Case

2023-07-24 21:09:55 - [MESSAGE][INFO] - Starting to call Test Case 'Test Cases/secondhand-web/Common/Navigate To Web'

2023-07-24 21:09:55 - [TEST_CASE][PASSED] - Test Cases/secondhand-web/Common/Navigate To Web: Test Cases/secondhand-web/Common/Navigate To Web

2023-07-24 21:09:56 - [TEST_STEP][PASSED] - navigateToUrl(baseUrl): Navigate to 'https://secondhand.binaracademy.org/' successfully

2023-07-24 21:09:57 - [MESSAGE][INFO] - Checking url

2023-07-24 21:09:57 - [MESSAGE][INFO] - Navigating to 'https://secondhand.binaracademy.org/'

2023-07-24 21:09:58 - [MESSAGE][PASSED] - Navigate to 'https://secondhand.binaracademy.org/' successfully

2023-07-24 21:09:58 - [MESSAGE][PASSED] - Call Test Case 'Test Cases/secondhand-web/Common/Navigate To Web' successfully

2023-07-24 21:09:58 - [TEST_STEP][PASSED] - callTestCase(findTestCase("secondhand-web/Pages/User Login/Click Button Masuk"), [:], STOP_ON_FAILURE): Call Test Case 'Test Cases/secondhand-web/Pages/User Login/Click Button Masuk' successfully

2023-07-24 21:09:58 - [MESSAGE][INFO] - Checking called Test Case

2023-07-24 21:09:58 - [MESSAGE][INFO] - Starting to call Test Case 'Test Cases/secondhand-web/Pages/User Login/Click Button Masuk'

2023-07-24 21:09:58 - [TEST_CASE][PASSED] - Test Cases/secondhand-web/Pages/User Login/Click Button Masuk: Test Cases/secondhand-web/Pages/User Login/Click Button Masuk

2023-07-24 21:09:58 - [TEST_STEP][PASSED] - verifyElementVisible(findTestObject("secondhand-web/Login/Click Button Masuk"), STOP_ON_FAILURE): Object 'Object Repository/secondhand-web/Login/Click Button Masuk' is visible

2023-07-24 21:09:58 - [MESSAGE][INFO] - Finding Test Object 'Object Repository/secondhand-web/Login/Click Button Masuk'

2023-07-24 21:09:59 - [MESSAGE][INFO] - Checking object

2023-07-24 21:09:59 - [MESSAGE][INFO] - Finding web element from Test Object's properties

2023-07-24 21:09:59 - [MESSAGE][INFO] - Checking timeout

2023-07-24 21:09:59 - [MESSAGE][INFO] - Finding web element with id: 'Object Repository/secondhand-web/Login/Click Button Masuk' located by 'By.xpath: //div[@id='navbarSupportedContent']/div/a' in '30' second(s)

2023-07-24 21:09:59 - [MESSAGE][INFO] - Smart Wait Function is triggered

2023-07-24 21:09:59 - [MESSAGE][INFO] - Found 1 web elements with id: 'Object Repository/secondhand-web/Login/Click Button Masuk' located by 'By.xpath: //div[@id='navbarSupportedContent']/div/a' in '30' second(s)

2023-07-24 21:09:59 - [MESSAGE][PASSED] - Object 'Object Repository/secondhand-web/Login/Click Button Masuk' is visible

2023-07-24 21:09:59 - [TEST_STEP][PASSED] - click(findTestObject("secondhand-web/Login/Click Button Masuk")): Object: 'Object Repository/secondhand-web/Login/Click Button Masuk' is clicked on

2023-07-24 21:09:59 - [MESSAGE][INFO] - Finding Test Object 'Object Repository/secondhand-web/Login/Click Button Masuk'

2023-07-24 21:09:59 - [MESSAGE][INFO] - Checking object

2023-07-24 21:09:59 - [MESSAGE][INFO] - Checking timeout

2023-07-24 21:09:59 - [MESSAGE][INFO] - Finding web element from Test Object's properties

2023-07-24 21:09:59 - [MESSAGE][INFO] - Checking timeout

2023-07-24 21:09:59 - [MESSAGE][INFO] - Finding web element with id: 'Object Repository/secondhand-web/Login/Click Button Masuk' located by 'By.xpath: //div[@id='navbarSupportedContent']/div/a' in '30' second(s)

2023-07-24 21:09:59 - [MESSAGE][INFO] - Smart Wait Function is triggered

2023-07-24 21:09:59 - [MESSAGE][INFO] - Found 1 web elements with id: 'Object Repository/secondhand-web/Login/Click Button Masuk' located by 'By.xpath: //div[@id='navbarSupportedContent']/div/a' in '30' second(s)

2023-07-24 21:09:59 - [MESSAGE][INFO] - Clicking on object: 'Object Repository/secondhand-web/Login/Click Button Masuk'

2023-07-24 21:10:00 - [MESSAGE][PASSED] - Object: 'Object Repository/secondhand-web/Login/Click Button Masuk' is clicked on

2023-07-24 21:10:00 - [MESSAGE][PASSED] - Call Test Case 'Test Cases/secondhand-web/Pages/User Login/Click Button Masuk' successfully

2023-07-24 21:10:00 - [TEST_STEP][PASSED] - callTestCase(findTestCase("secondhand-web/Pages/User Login/Input Email"), ["email":EmailAsiyah], STOP_ON_FAILURE): Call Test Case 'Test Cases/secondhand-web/Pages/User Login/Input Email' successfully

2023-07-24 21:10:00 - [MESSAGE][INFO] - Checking called Test Case

2023-07-24 21:10:00 - [MESSAGE][INFO] - Starting to call Test Case 'Test Cases/secondhand-web/Pages/User Login/Input Email'

2023-07-24 21:10:00 - [TEST_CASE][PASSED] - Test Cases/secondhand-web/Pages/User Login/Input Email: Test Cases/secondhand-web/Pages/User Login/Input Email

2023-07-24 21:10:01 - [TEST_STEP][PASSED] - waitForElementVisible(findTestObject("secondhand-web/Login/Input_email"), 3): Object 'Object Repository/secondhand-web/Login/Input_email' is visible

2023-07-24 21:10:01 - [MESSAGE][INFO] - Finding Test Object 'Object Repository/secondhand-web/Login/Input_email'

2023-07-24 21:10:01 - [MESSAGE][INFO] - Checking object

2023-07-24 21:10:01 - [MESSAGE][INFO] - Checking timeout

2023-07-24 21:10:01 - [MESSAGE][INFO] - Finding web element from Test Object's properties

2023-07-24 21:10:01 - [MESSAGE][INFO] - Checking timeout

2023-07-24 21:10:01 - [MESSAGE][INFO] - Finding web element with id: 'Object Repository/secondhand-web/Login/Input_email' located by 'By.xpath: //input[@id='user_email']' in '3' second(s)

2023-07-24 21:10:01 - [MESSAGE][INFO] - Smart Wait Function is triggered

2023-07-24 21:10:02 - [MESSAGE][INFO] - Found 1 web elements with id: 'Object Repository/secondhand-web/Login/Input_email' located by 'By.xpath: //input[@id='user_email']' in '3' second(s)

2023-07-24 21:10:03 - [MESSAGE][PASSED] - Object 'Object Repository/secondhand-web/Login/Input_email' is visible

2023-07-24 21:10:03 - [TEST_STEP][PASSED] - setText(findTestObject("secondhand-web/Login/Input_email"), email): Text 'nurasiyah727@gmail.com' is set on object 'Object Repository/secondhand-web/Login/Input_email'

2023-07-24 21:10:03 - [MESSAGE][INFO] - Finding Test Object 'Object Repository/secondhand-web/Login/Input_email'

2023-07-24 21:10:03 - [MESSAGE][INFO] - Checking object

2023-07-24 21:10:03 - [MESSAGE][INFO] - Checking text

2023-07-24 21:10:03 - [MESSAGE][INFO] - Finding web element from Test Object's properties

2023-07-24 21:10:03 - [MESSAGE][INFO] - Checking timeout

2023-07-24 21:10:03 - [MESSAGE][INFO] - Finding web element with id: 'Object Repository/secondhand-web/Login/Input_email' located by 'By.xpath: //input[@id='user_email']' in '30' second(s)

2023-07-24 21:10:03 - [MESSAGE][INFO] - Smart Wait Function is triggered

2023-07-24 21:10:04 - [MESSAGE][INFO] - Found 1 web elements with id: 'Object Repository/secondhand-web/Login/Input_email' located by 'By.xpath: //input[@id='user_email']' in '30' second(s)

2023-07-24 21:10:04 - [MESSAGE][INFO] - Clearing text of object 'Object Repository/secondhand-web/Login/Input_email'

2023-07-24 21:10:04 - [MESSAGE][INFO] - Finding web element from Test Object's properties

2023-07-24 21:10:04 - [MESSAGE][INFO] - Checking timeout

2023-07-24 21:10:04 - [MESSAGE][INFO] - Finding web element with id: 'Object Repository/secondhand-web/Login/Input_email' located by 'By.xpath: //input[@id='user_email']' in '30' second(s)

2023-07-24 21:10:04 - [MESSAGE][INFO] - Smart Wait Function is triggered

2023-07-24 21:10:05 - [MESSAGE][INFO] - Found 1 web elements with id: 'Object Repository/secondhand-web/Login/Input_email' located by 'By.xpath: //input[@id='user_email']' in '30' second(s)

2023-07-24 21:10:05 - [MESSAGE][INFO] - Setting text of object 'Object Repository/secondhand-web/Login/Input_email' to value 'nurasiyah727@gmail.com'

2023-07-24 21:10:05 - [MESSAGE][PASSED] - Text 'nurasiyah727@gmail.com' is set on object 'Object Repository/secondhand-web/Login/Input_email'

2023-07-24 21:10:05 - [TEST_STEP][PASSED] - takeScreenshot(): Taking screenshot successfully

2023-07-24 21:10:05 - [MESSAGE][INFO] - Smart Wait Function is triggered

2023-07-24 21:10:06 - [MESSAGE][PASSED] - Taking screenshot successfully
[[ATTACHMENT|C:\\Users\\User\\SQA-Wave9-Kelompok2\\Reports\\20230724_210944\\secondhand-web\\Feature Login\\20230724_210945\\1690207805628.png]]

2023-07-24 21:10:06 - [MESSAGE][PASSED] - Call Test Case 'Test Cases/secondhand-web/Pages/User Login/Input Email' successfully

2023-07-24 21:10:06 - [TEST_STEP][PASSED] - callTestCase(findTestCase("secondhand-web/Pages/User Login/Input Password"), ["password":PasswordAsiyah], STOP_ON_FAILURE): Call Test Case 'Test Cases/secondhand-web/Pages/User Login/Input Password' successfully

2023-07-24 21:10:06 - [MESSAGE][INFO] - Checking called Test Case

2023-07-24 21:10:06 - [MESSAGE][INFO] - Starting to call Test Case 'Test Cases/secondhand-web/Pages/User Login/Input Password'

2023-07-24 21:10:06 - [TEST_CASE][PASSED] - Test Cases/secondhand-web/Pages/User Login/Input Password: Test Cases/secondhand-web/Pages/User Login/Input Password

2023-07-24 21:10:07 - [TEST_STEP][PASSED] - waitForElementVisible(findTestObject("secondhand-web/Login/Input_password"), 3): Object 'Object Repository/secondhand-web/Login/Input_password' is visible

2023-07-24 21:10:07 - [MESSAGE][INFO] - Finding Test Object 'Object Repository/secondhand-web/Login/Input_password'

2023-07-24 21:10:07 - [MESSAGE][INFO] - Checking object

2023-07-24 21:10:07 - [MESSAGE][INFO] - Checking timeout

2023-07-24 21:10:07 - [MESSAGE][INFO] - Finding web element from Test Object's properties

2023-07-24 21:10:07 - [MESSAGE][INFO] - Checking timeout

2023-07-24 21:10:07 - [MESSAGE][INFO] - Finding web element with id: 'Object Repository/secondhand-web/Login/Input_password' located by 'By.xpath: //input[@id='user_password']' in '3' second(s)

2023-07-24 21:10:07 - [MESSAGE][INFO] - Smart Wait Function is triggered

2023-07-24 21:10:08 - [MESSAGE][INFO] - Found 1 web elements with id: 'Object Repository/secondhand-web/Login/Input_password' located by 'By.xpath: //input[@id='user_password']' in '3' second(s)

2023-07-24 21:10:08 - [MESSAGE][PASSED] - Object 'Object Repository/secondhand-web/Login/Input_password' is visible

2023-07-24 21:10:08 - [TEST_STEP][PASSED] - setText(findTestObject("secondhand-web/Login/Input_password"), password): Text 'pass.123' is set on object 'Object Repository/secondhand-web/Login/Input_password'

2023-07-24 21:10:08 - [MESSAGE][INFO] - Finding Test Object 'Object Repository/secondhand-web/Login/Input_password'

2023-07-24 21:10:08 - [MESSAGE][INFO] - Checking object

2023-07-24 21:10:08 - [MESSAGE][INFO] - Checking text

2023-07-24 21:10:08 - [MESSAGE][INFO] - Finding web element from Test Object's properties

2023-07-24 21:10:08 - [MESSAGE][INFO] - Checking timeout

2023-07-24 21:10:08 - [MESSAGE][INFO] - Finding web element with id: 'Object Repository/secondhand-web/Login/Input_password' located by 'By.xpath: //input[@id='user_password']' in '30' second(s)

2023-07-24 21:10:08 - [MESSAGE][INFO] - Smart Wait Function is triggered

2023-07-24 21:10:08 - [MESSAGE][INFO] - Found 1 web elements with id: 'Object Repository/secondhand-web/Login/Input_password' located by 'By.xpath: //input[@id='user_password']' in '30' second(s)

2023-07-24 21:10:08 - [MESSAGE][INFO] - Clearing text of object 'Object Repository/secondhand-web/Login/Input_password'

2023-07-24 21:10:08 - [MESSAGE][INFO] - Finding web element from Test Object's properties

2023-07-24 21:10:08 - [MESSAGE][INFO] - Checking timeout

2023-07-24 21:10:08 - [MESSAGE][INFO] - Finding web element with id: 'Object Repository/secondhand-web/Login/Input_password' located by 'By.xpath: //input[@id='user_password']' in '30' second(s)

2023-07-24 21:10:08 - [MESSAGE][INFO] - Smart Wait Function is triggered

2023-07-24 21:10:08 - [MESSAGE][INFO] - Found 1 web elements with id: 'Object Repository/secondhand-web/Login/Input_password' located by 'By.xpath: //input[@id='user_password']' in '30' second(s)

2023-07-24 21:10:08 - [MESSAGE][INFO] - Setting text of object 'Object Repository/secondhand-web/Login/Input_password' to value 'pass.123'

2023-07-24 21:10:09 - [MESSAGE][PASSED] - Text 'pass.123' is set on object 'Object Repository/secondhand-web/Login/Input_password'

2023-07-24 21:10:09 - [TEST_STEP][PASSED] - takeScreenshot(): Taking screenshot successfully

2023-07-24 21:10:09 - [MESSAGE][INFO] - Smart Wait Function is triggered

2023-07-24 21:10:10 - [MESSAGE][PASSED] - Taking screenshot successfully
[[ATTACHMENT|C:\\Users\\User\\SQA-Wave9-Kelompok2\\Reports\\20230724_210944\\secondhand-web\\Feature Login\\20230724_210945\\1690207809311.png]]

2023-07-24 21:10:10 - [MESSAGE][PASSED] - Call Test Case 'Test Cases/secondhand-web/Pages/User Login/Input Password' successfully

2023-07-24 21:10:10 - [TEST_STEP][PASSED] - callTestCase(findTestCase("secondhand-web/Pages/User Login/Button Masuk"), [:], STOP_ON_FAILURE): Call Test Case 'Test Cases/secondhand-web/Pages/User Login/Button Masuk' successfully

2023-07-24 21:10:10 - [MESSAGE][INFO] - Checking called Test Case

2023-07-24 21:10:10 - [MESSAGE][INFO] - Starting to call Test Case 'Test Cases/secondhand-web/Pages/User Login/Button Masuk'

2023-07-24 21:10:10 - [TEST_CASE][PASSED] - Test Cases/secondhand-web/Pages/User Login/Button Masuk: Test Cases/secondhand-web/Pages/User Login/Button Masuk

2023-07-24 21:10:10 - [TEST_STEP][PASSED] - verifyElementVisible(findTestObject("secondhand-web/Login/Button Masuk"), STOP_ON_FAILURE): Object 'Object Repository/secondhand-web/Login/Button Masuk' is visible

2023-07-24 21:10:10 - [MESSAGE][INFO] - Finding Test Object 'Object Repository/secondhand-web/Login/Button Masuk'

2023-07-24 21:10:10 - [MESSAGE][INFO] - Checking object

2023-07-24 21:10:10 - [MESSAGE][INFO] - Finding web element from Test Object's properties

2023-07-24 21:10:10 - [MESSAGE][INFO] - Checking timeout

2023-07-24 21:10:10 - [MESSAGE][INFO] - Finding web element with id: 'Object Repository/secondhand-web/Login/Button Masuk' located by 'By.xpath: //input[@name='commit']' in '30' second(s)

2023-07-24 21:10:10 - [MESSAGE][INFO] - Smart Wait Function is triggered

2023-07-24 21:10:10 - [MESSAGE][INFO] - Found 1 web elements with id: 'Object Repository/secondhand-web/Login/Button Masuk' located by 'By.xpath: //input[@name='commit']' in '30' second(s)

2023-07-24 21:10:11 - [MESSAGE][PASSED] - Object 'Object Repository/secondhand-web/Login/Button Masuk' is visible

2023-07-24 21:10:11 - [TEST_STEP][PASSED] - click(findTestObject("secondhand-web/Login/Button Masuk")): Object: 'Object Repository/secondhand-web/Login/Button Masuk' is clicked on

2023-07-24 21:10:11 - [MESSAGE][INFO] - Finding Test Object 'Object Repository/secondhand-web/Login/Button Masuk'

2023-07-24 21:10:11 - [MESSAGE][INFO] - Checking object

2023-07-24 21:10:11 - [MESSAGE][INFO] - Checking timeout

2023-07-24 21:10:11 - [MESSAGE][INFO] - Finding web element from Test Object's properties

2023-07-24 21:10:11 - [MESSAGE][INFO] - Checking timeout

2023-07-24 21:10:11 - [MESSAGE][INFO] - Finding web element with id: 'Object Repository/secondhand-web/Login/Button Masuk' located by 'By.xpath: //input[@name='commit']' in '30' second(s)

2023-07-24 21:10:11 - [MESSAGE][INFO] - Smart Wait Function is triggered

2023-07-24 21:10:11 - [MESSAGE][INFO] - Found 1 web elements with id: 'Object Repository/secondhand-web/Login/Button Masuk' located by 'By.xpath: //input[@name='commit']' in '30' second(s)

2023-07-24 21:10:11 - [MESSAGE][INFO] - Clicking on object: 'Object Repository/secondhand-web/Login/Button Masuk'

2023-07-24 21:10:11 - [MESSAGE][PASSED] - Object: 'Object Repository/secondhand-web/Login/Button Masuk' is clicked on

2023-07-24 21:10:11 - [MESSAGE][PASSED] - Call Test Case 'Test Cases/secondhand-web/Pages/User Login/Button Masuk' successfully

2023-07-24 21:10:11 - [TEST_STEP][PASSED] - callTestCase(findTestCase("secondhand-web/Common/Close Web"), [:], STOP_ON_FAILURE): Call Test Case 'Test Cases/secondhand-web/Common/Close Web' successfully

2023-07-24 21:10:11 - [MESSAGE][INFO] - Checking called Test Case

2023-07-24 21:10:11 - [MESSAGE][INFO] - Starting to call Test Case 'Test Cases/secondhand-web/Common/Close Web'

2023-07-24 21:10:11 - [TEST_CASE][PASSED] - Test Cases/secondhand-web/Common/Close Web: Test Cases/secondhand-web/Common/Close Web

2023-07-24 21:10:12 - [TEST_STEP][PASSED] - closeBrowser(): Browser is closed

2023-07-24 21:10:12 - [MESSAGE][INFO] - Closing browser

2023-07-24 21:10:13 - [MESSAGE][PASSED] - Browser is closed

2023-07-24 21:10:13 - [MESSAGE][PASSED] - Call Test Case 'Test Cases/secondhand-web/Common/Close Web' successfully]]></system-out>
         <system-err><![CDATA[]]></system-err>
      </testcase>
      <testcase name="Test Cases/secondhand-web/Step Definition/Feature Login/LG0002 - user should not be able to login using invalid email" time="13.483" classname="Test Cases/secondhand-web/Step Definition/Feature Login/LG0002 - user should not be able to login using invalid email" status="PASSED">
         <system-out><![CDATA[2023-07-24 21:10:13 - [TEST_CASE][PASSED] - Test Cases/secondhand-web/Step Definition/Feature Login/LG0002 - user should not be able to login using invalid email: Test Cases/secondhand-web/Step Definition/Feature Login/LG0002 - user should not be able to login using invalid email

2023-07-24 21:10:13 - [TEST_STEP][PASSED] - callTestCase(findTestCase("secondhand-web/Common/Launch Web"), [:], STOP_ON_FAILURE): Call Test Case 'Test Cases/secondhand-web/Common/Launch Web' successfully

2023-07-24 21:10:13 - [MESSAGE][INFO] - Checking called Test Case

2023-07-24 21:10:13 - [MESSAGE][INFO] - Starting to call Test Case 'Test Cases/secondhand-web/Common/Launch Web'

2023-07-24 21:10:13 - [TEST_CASE][PASSED] - Test Cases/secondhand-web/Common/Launch Web: Test Cases/secondhand-web/Common/Launch Web

2023-07-24 21:10:13 - [TEST_STEP][PASSED] - openBrowser(""): Browser is opened with url: ''

2023-07-24 21:10:13 - [MESSAGE][INFO] - Opening browser

2023-07-24 21:10:13 - [MESSAGE][INFO] - Starting 'Chrome' driver

2023-07-24 21:10:13 - [MESSAGE][INFO] - Action delay is set to 0 milliseconds

2023-07-24 21:10:15 - [MESSAGE][PASSED] - Browser is opened with url: ''

2023-07-24 21:10:15 - [TEST_STEP][PASSED] - maximizeWindow(): Current window maximized

2023-07-24 21:10:15 - [MESSAGE][INFO] - Maximizing current window

2023-07-24 21:10:15 - [MESSAGE][PASSED] - Current window maximized

2023-07-24 21:10:15 - [MESSAGE][PASSED] - Call Test Case 'Test Cases/secondhand-web/Common/Launch Web' successfully

2023-07-24 21:10:15 - [TEST_STEP][PASSED] - callTestCase(findTestCase("secondhand-web/Common/Navigate To Web"), [:], STOP_ON_FAILURE): Call Test Case 'Test Cases/secondhand-web/Common/Navigate To Web' successfully

2023-07-24 21:10:15 - [MESSAGE][INFO] - Checking called Test Case

2023-07-24 21:10:15 - [MESSAGE][INFO] - Starting to call Test Case 'Test Cases/secondhand-web/Common/Navigate To Web'

2023-07-24 21:10:15 - [TEST_CASE][PASSED] - Test Cases/secondhand-web/Common/Navigate To Web: Test Cases/secondhand-web/Common/Navigate To Web

2023-07-24 21:10:15 - [TEST_STEP][PASSED] - navigateToUrl(baseUrl): Navigate to 'https://secondhand.binaracademy.org/' successfully

2023-07-24 21:10:15 - [MESSAGE][INFO] - Checking url

2023-07-24 21:10:15 - [MESSAGE][INFO] - Navigating to 'https://secondhand.binaracademy.org/'

2023-07-24 21:10:16 - [MESSAGE][PASSED] - Navigate to 'https://secondhand.binaracademy.org/' successfully

2023-07-24 21:10:16 - [MESSAGE][PASSED] - Call Test Case 'Test Cases/secondhand-web/Common/Navigate To Web' successfully

2023-07-24 21:10:16 - [TEST_STEP][PASSED] - callTestCase(findTestCase("secondhand-web/Pages/User Login/Click Button Masuk"), [:], STOP_ON_FAILURE): Call Test Case 'Test Cases/secondhand-web/Pages/User Login/Click Button Masuk' successfully

2023-07-24 21:10:16 - [MESSAGE][INFO] - Checking called Test Case

2023-07-24 21:10:16 - [MESSAGE][INFO] - Starting to call Test Case 'Test Cases/secondhand-web/Pages/User Login/Click Button Masuk'

2023-07-24 21:10:16 - [TEST_CASE][PASSED] - Test Cases/secondhand-web/Pages/User Login/Click Button Masuk: Test Cases/secondhand-web/Pages/User Login/Click Button Masuk

2023-07-24 21:10:16 - [TEST_STEP][PASSED] - verifyElementVisible(findTestObject("secondhand-web/Login/Click Button Masuk"), STOP_ON_FAILURE): Object 'Object Repository/secondhand-web/Login/Click Button Masuk' is visible

2023-07-24 21:10:16 - [MESSAGE][INFO] - Finding Test Object 'Object Repository/secondhand-web/Login/Click Button Masuk'

2023-07-24 21:10:16 - [MESSAGE][INFO] - Checking object

2023-07-24 21:10:16 - [MESSAGE][INFO] - Finding web element from Test Object's properties

2023-07-24 21:10:16 - [MESSAGE][INFO] - Checking timeout

2023-07-24 21:10:16 - [MESSAGE][INFO] - Finding web element with id: 'Object Repository/secondhand-web/Login/Click Button Masuk' located by 'By.xpath: //div[@id='navbarSupportedContent']/div/a' in '30' second(s)

2023-07-24 21:10:16 - [MESSAGE][INFO] - Smart Wait Function is triggered

2023-07-24 21:10:16 - [MESSAGE][INFO] - Found 1 web elements with id: 'Object Repository/secondhand-web/Login/Click Button Masuk' located by 'By.xpath: //div[@id='navbarSupportedContent']/div/a' in '30' second(s)

2023-07-24 21:10:16 - [MESSAGE][PASSED] - Object 'Object Repository/secondhand-web/Login/Click Button Masuk' is visible

2023-07-24 21:10:16 - [TEST_STEP][PASSED] - click(findTestObject("secondhand-web/Login/Click Button Masuk")): Object: 'Object Repository/secondhand-web/Login/Click Button Masuk' is clicked on

2023-07-24 21:10:16 - [MESSAGE][INFO] - Finding Test Object 'Object Repository/secondhand-web/Login/Click Button Masuk'

2023-07-24 21:10:16 - [MESSAGE][INFO] - Checking object

2023-07-24 21:10:16 - [MESSAGE][INFO] - Checking timeout

2023-07-24 21:10:16 - [MESSAGE][INFO] - Finding web element from Test Object's properties

2023-07-24 21:10:16 - [MESSAGE][INFO] - Checking timeout

2023-07-24 21:10:16 - [MESSAGE][INFO] - Finding web element with id: 'Object Repository/secondhand-web/Login/Click Button Masuk' located by 'By.xpath: //div[@id='navbarSupportedContent']/div/a' in '30' second(s)

2023-07-24 21:10:16 - [MESSAGE][INFO] - Smart Wait Function is triggered

2023-07-24 21:10:17 - [MESSAGE][INFO] - Found 1 web elements with id: 'Object Repository/secondhand-web/Login/Click Button Masuk' located by 'By.xpath: //div[@id='navbarSupportedContent']/div/a' in '30' second(s)

2023-07-24 21:10:17 - [MESSAGE][INFO] - Clicking on object: 'Object Repository/secondhand-web/Login/Click Button Masuk'

2023-07-24 21:10:17 - [MESSAGE][PASSED] - Object: 'Object Repository/secondhand-web/Login/Click Button Masuk' is clicked on

2023-07-24 21:10:17 - [MESSAGE][PASSED] - Call Test Case 'Test Cases/secondhand-web/Pages/User Login/Click Button Masuk' successfully

2023-07-24 21:10:17 - [TEST_STEP][PASSED] - callTestCase(findTestCase("secondhand-web/Pages/User Login/Input Email"), ["email":InvalidEmailAsiyah], STOP_ON_FAILURE): Call Test Case 'Test Cases/secondhand-web/Pages/User Login/Input Email' successfully

2023-07-24 21:10:17 - [MESSAGE][INFO] - Checking called Test Case

2023-07-24 21:10:17 - [MESSAGE][INFO] - Starting to call Test Case 'Test Cases/secondhand-web/Pages/User Login/Input Email'

2023-07-24 21:10:17 - [TEST_CASE][PASSED] - Test Cases/secondhand-web/Pages/User Login/Input Email: Test Cases/secondhand-web/Pages/User Login/Input Email

2023-07-24 21:10:17 - [TEST_STEP][PASSED] - waitForElementVisible(findTestObject("secondhand-web/Login/Input_email"), 3): Object 'Object Repository/secondhand-web/Login/Input_email' is visible

2023-07-24 21:10:17 - [MESSAGE][INFO] - Finding Test Object 'Object Repository/secondhand-web/Login/Input_email'

2023-07-24 21:10:17 - [MESSAGE][INFO] - Checking object

2023-07-24 21:10:17 - [MESSAGE][INFO] - Checking timeout

2023-07-24 21:10:17 - [MESSAGE][INFO] - Finding web element from Test Object's properties

2023-07-24 21:10:17 - [MESSAGE][INFO] - Checking timeout

2023-07-24 21:10:17 - [MESSAGE][INFO] - Finding web element with id: 'Object Repository/secondhand-web/Login/Input_email' located by 'By.xpath: //input[@id='user_email']' in '3' second(s)

2023-07-24 21:10:17 - [MESSAGE][INFO] - Smart Wait Function is triggered

2023-07-24 21:10:17 - [MESSAGE][INFO] - Found 1 web elements with id: 'Object Repository/secondhand-web/Login/Input_email' located by 'By.xpath: //input[@id='user_email']' in '3' second(s)

2023-07-24 21:10:17 - [MESSAGE][PASSED] - Object 'Object Repository/secondhand-web/Login/Input_email' is visible

2023-07-24 21:10:17 - [TEST_STEP][PASSED] - setText(findTestObject("secondhand-web/Login/Input_email"), email): Text 'nurasiyah72@gmail.com' is set on object 'Object Repository/secondhand-web/Login/Input_email'

2023-07-24 21:10:17 - [MESSAGE][INFO] - Finding Test Object 'Object Repository/secondhand-web/Login/Input_email'

2023-07-24 21:10:18 - [MESSAGE][INFO] - Checking object

2023-07-24 21:10:18 - [MESSAGE][INFO] - Checking text

2023-07-24 21:10:18 - [MESSAGE][INFO] - Finding web element from Test Object's properties

2023-07-24 21:10:18 - [MESSAGE][INFO] - Checking timeout

2023-07-24 21:10:18 - [MESSAGE][INFO] - Finding web element with id: 'Object Repository/secondhand-web/Login/Input_email' located by 'By.xpath: //input[@id='user_email']' in '30' second(s)

2023-07-24 21:10:18 - [MESSAGE][INFO] - Smart Wait Function is triggered

2023-07-24 21:10:18 - [MESSAGE][INFO] - Found 1 web elements with id: 'Object Repository/secondhand-web/Login/Input_email' located by 'By.xpath: //input[@id='user_email']' in '30' second(s)

2023-07-24 21:10:18 - [MESSAGE][INFO] - Clearing text of object 'Object Repository/secondhand-web/Login/Input_email'

2023-07-24 21:10:18 - [MESSAGE][INFO] - Finding web element from Test Object's properties

2023-07-24 21:10:18 - [MESSAGE][INFO] - Checking timeout

2023-07-24 21:10:18 - [MESSAGE][INFO] - Finding web element with id: 'Object Repository/secondhand-web/Login/Input_email' located by 'By.xpath: //input[@id='user_email']' in '30' second(s)

2023-07-24 21:10:18 - [MESSAGE][INFO] - Smart Wait Function is triggered

2023-07-24 21:10:18 - [MESSAGE][INFO] - Found 1 web elements with id: 'Object Repository/secondhand-web/Login/Input_email' located by 'By.xpath: //input[@id='user_email']' in '30' second(s)

2023-07-24 21:10:18 - [MESSAGE][INFO] - Setting text of object 'Object Repository/secondhand-web/Login/Input_email' to value 'nurasiyah72@gmail.com'

2023-07-24 21:10:18 - [MESSAGE][PASSED] - Text 'nurasiyah72@gmail.com' is set on object 'Object Repository/secondhand-web/Login/Input_email'

2023-07-24 21:10:18 - [TEST_STEP][PASSED] - takeScreenshot(): Taking screenshot successfully

2023-07-24 21:10:18 - [MESSAGE][INFO] - Smart Wait Function is triggered

2023-07-24 21:10:19 - [MESSAGE][PASSED] - Taking screenshot successfully
[[ATTACHMENT|C:\\Users\\User\\SQA-Wave9-Kelompok2\\Reports\\20230724_210944\\secondhand-web\\Feature Login\\20230724_210945\\1690207819127.png]]

2023-07-24 21:10:19 - [MESSAGE][PASSED] - Call Test Case 'Test Cases/secondhand-web/Pages/User Login/Input Email' successfully

2023-07-24 21:10:19 - [TEST_STEP][PASSED] - callTestCase(findTestCase("secondhand-web/Pages/User Login/Input Password"), ["password":InvalidPasswordAsiyah], STOP_ON_FAILURE): Call Test Case 'Test Cases/secondhand-web/Pages/User Login/Input Password' successfully

2023-07-24 21:10:19 - [MESSAGE][INFO] - Checking called Test Case

2023-07-24 21:10:19 - [MESSAGE][INFO] - Starting to call Test Case 'Test Cases/secondhand-web/Pages/User Login/Input Password'

2023-07-24 21:10:20 - [TEST_CASE][PASSED] - Test Cases/secondhand-web/Pages/User Login/Input Password: Test Cases/secondhand-web/Pages/User Login/Input Password

2023-07-24 21:10:20 - [TEST_STEP][PASSED] - waitForElementVisible(findTestObject("secondhand-web/Login/Input_password"), 3): Object 'Object Repository/secondhand-web/Login/Input_password' is visible

2023-07-24 21:10:20 - [MESSAGE][INFO] - Finding Test Object 'Object Repository/secondhand-web/Login/Input_password'

2023-07-24 21:10:20 - [MESSAGE][INFO] - Checking object

2023-07-24 21:10:20 - [MESSAGE][INFO] - Checking timeout

2023-07-24 21:10:20 - [MESSAGE][INFO] - Finding web element from Test Object's properties

2023-07-24 21:10:20 - [MESSAGE][INFO] - Checking timeout

2023-07-24 21:10:20 - [MESSAGE][INFO] - Finding web element with id: 'Object Repository/secondhand-web/Login/Input_password' located by 'By.xpath: //input[@id='user_password']' in '3' second(s)

2023-07-24 21:10:20 - [MESSAGE][INFO] - Smart Wait Function is triggered

2023-07-24 21:10:20 - [MESSAGE][INFO] - Found 1 web elements with id: 'Object Repository/secondhand-web/Login/Input_password' located by 'By.xpath: //input[@id='user_password']' in '3' second(s)

2023-07-24 21:10:20 - [MESSAGE][PASSED] - Object 'Object Repository/secondhand-web/Login/Input_password' is visible

2023-07-24 21:10:20 - [TEST_STEP][PASSED] - setText(findTestObject("secondhand-web/Login/Input_password"), password): Text 'pass.12345' is set on object 'Object Repository/secondhand-web/Login/Input_password'

2023-07-24 21:10:20 - [MESSAGE][INFO] - Finding Test Object 'Object Repository/secondhand-web/Login/Input_password'

2023-07-24 21:10:20 - [MESSAGE][INFO] - Checking object

2023-07-24 21:10:20 - [MESSAGE][INFO] - Checking text

2023-07-24 21:10:20 - [MESSAGE][INFO] - Finding web element from Test Object's properties

2023-07-24 21:10:20 - [MESSAGE][INFO] - Checking timeout

2023-07-24 21:10:20 - [MESSAGE][INFO] - Finding web element with id: 'Object Repository/secondhand-web/Login/Input_password' located by 'By.xpath: //input[@id='user_password']' in '30' second(s)

2023-07-24 21:10:20 - [MESSAGE][INFO] - Smart Wait Function is triggered

2023-07-24 21:10:20 - [MESSAGE][INFO] - Found 1 web elements with id: 'Object Repository/secondhand-web/Login/Input_password' located by 'By.xpath: //input[@id='user_password']' in '30' second(s)

2023-07-24 21:10:20 - [MESSAGE][INFO] - Clearing text of object 'Object Repository/secondhand-web/Login/Input_password'

2023-07-24 21:10:21 - [MESSAGE][INFO] - Finding web element from Test Object's properties

2023-07-24 21:10:21 - [MESSAGE][INFO] - Checking timeout

2023-07-24 21:10:21 - [MESSAGE][INFO] - Finding web element with id: 'Object Repository/secondhand-web/Login/Input_password' located by 'By.xpath: //input[@id='user_password']' in '30' second(s)

2023-07-24 21:10:21 - [MESSAGE][INFO] - Smart Wait Function is triggered

2023-07-24 21:10:21 - [MESSAGE][INFO] - Found 1 web elements with id: 'Object Repository/secondhand-web/Login/Input_password' located by 'By.xpath: //input[@id='user_password']' in '30' second(s)

2023-07-24 21:10:21 - [MESSAGE][INFO] - Setting text of object 'Object Repository/secondhand-web/Login/Input_password' to value 'pass.12345'

2023-07-24 21:10:21 - [MESSAGE][PASSED] - Text 'pass.12345' is set on object 'Object Repository/secondhand-web/Login/Input_password'

2023-07-24 21:10:21 - [TEST_STEP][PASSED] - takeScreenshot(): Taking screenshot successfully

2023-07-24 21:10:21 - [MESSAGE][INFO] - Smart Wait Function is triggered

2023-07-24 21:10:22 - [MESSAGE][PASSED] - Taking screenshot successfully
[[ATTACHMENT|C:\\Users\\User\\SQA-Wave9-Kelompok2\\Reports\\20230724_210944\\secondhand-web\\Feature Login\\20230724_210945\\1690207821635.png]]

2023-07-24 21:10:22 - [MESSAGE][PASSED] - Call Test Case 'Test Cases/secondhand-web/Pages/User Login/Input Password' successfully

2023-07-24 21:10:22 - [TEST_STEP][PASSED] - callTestCase(findTestCase("secondhand-web/Pages/User Login/Button Masuk"), [:], STOP_ON_FAILURE): Call Test Case 'Test Cases/secondhand-web/Pages/User Login/Button Masuk' successfully

2023-07-24 21:10:22 - [MESSAGE][INFO] - Checking called Test Case

2023-07-24 21:10:22 - [MESSAGE][INFO] - Starting to call Test Case 'Test Cases/secondhand-web/Pages/User Login/Button Masuk'

2023-07-24 21:10:22 - [TEST_CASE][PASSED] - Test Cases/secondhand-web/Pages/User Login/Button Masuk: Test Cases/secondhand-web/Pages/User Login/Button Masuk

2023-07-24 21:10:22 - [TEST_STEP][PASSED] - verifyElementVisible(findTestObject("secondhand-web/Login/Button Masuk"), STOP_ON_FAILURE): Object 'Object Repository/secondhand-web/Login/Button Masuk' is visible

2023-07-24 21:10:22 - [MESSAGE][INFO] - Finding Test Object 'Object Repository/secondhand-web/Login/Button Masuk'

2023-07-24 21:10:22 - [MESSAGE][INFO] - Checking object

2023-07-24 21:10:22 - [MESSAGE][INFO] - Finding web element from Test Object's properties

2023-07-24 21:10:22 - [MESSAGE][INFO] - Checking timeout

2023-07-24 21:10:22 - [MESSAGE][INFO] - Finding web element with id: 'Object Repository/secondhand-web/Login/Button Masuk' located by 'By.xpath: //input[@name='commit']' in '30' second(s)

2023-07-24 21:10:22 - [MESSAGE][INFO] - Smart Wait Function is triggered

2023-07-24 21:10:23 - [MESSAGE][INFO] - Found 1 web elements with id: 'Object Repository/secondhand-web/Login/Button Masuk' located by 'By.xpath: //input[@name='commit']' in '30' second(s)

2023-07-24 21:10:23 - [MESSAGE][PASSED] - Object 'Object Repository/secondhand-web/Login/Button Masuk' is visible

2023-07-24 21:10:23 - [TEST_STEP][PASSED] - click(findTestObject("secondhand-web/Login/Button Masuk")): Object: 'Object Repository/secondhand-web/Login/Button Masuk' is clicked on

2023-07-24 21:10:23 - [MESSAGE][INFO] - Finding Test Object 'Object Repository/secondhand-web/Login/Button Masuk'

2023-07-24 21:10:23 - [MESSAGE][INFO] - Checking object

2023-07-24 21:10:23 - [MESSAGE][INFO] - Checking timeout

2023-07-24 21:10:23 - [MESSAGE][INFO] - Finding web element from Test Object's properties

2023-07-24 21:10:23 - [MESSAGE][INFO] - Checking timeout

2023-07-24 21:10:23 - [MESSAGE][INFO] - Finding web element with id: 'Object Repository/secondhand-web/Login/Button Masuk' located by 'By.xpath: //input[@name='commit']' in '30' second(s)

2023-07-24 21:10:23 - [MESSAGE][INFO] - Smart Wait Function is triggered

2023-07-24 21:10:24 - [MESSAGE][INFO] - Found 1 web elements with id: 'Object Repository/secondhand-web/Login/Button Masuk' located by 'By.xpath: //input[@name='commit']' in '30' second(s)

2023-07-24 21:10:24 - [MESSAGE][INFO] - Clicking on object: 'Object Repository/secondhand-web/Login/Button Masuk'

2023-07-24 21:10:24 - [MESSAGE][PASSED] - Object: 'Object Repository/secondhand-web/Login/Button Masuk' is clicked on

2023-07-24 21:10:24 - [MESSAGE][PASSED] - Call Test Case 'Test Cases/secondhand-web/Pages/User Login/Button Masuk' successfully

2023-07-24 21:10:24 - [TEST_STEP][PASSED] - callTestCase(findTestCase("secondhand-web/Pages/User Login/Error Message"), ["expected":"Invalid Email or password."], STOP_ON_FAILURE): Call Test Case 'Test Cases/secondhand-web/Pages/User Login/Error Message' successfully

2023-07-24 21:10:24 - [MESSAGE][INFO] - Checking called Test Case

2023-07-24 21:10:24 - [MESSAGE][INFO] - Starting to call Test Case 'Test Cases/secondhand-web/Pages/User Login/Error Message'

2023-07-24 21:10:24 - [TEST_CASE][PASSED] - Test Cases/secondhand-web/Pages/User Login/Error Message: Test Cases/secondhand-web/Pages/User Login/Error Message

2023-07-24 21:10:24 - [TEST_STEP][PASSED] - verifyElementPresent(findTestObject("secondhand-web/Login/Error Message"), 3): Object 'Object Repository/secondhand-web/Login/Error Message' is present

2023-07-24 21:10:24 - [MESSAGE][INFO] - Finding Test Object 'Object Repository/secondhand-web/Login/Error Message'

2023-07-24 21:10:24 - [MESSAGE][INFO] - Checking object

2023-07-24 21:10:24 - [MESSAGE][INFO] - Finding web element from Test Object's properties

2023-07-24 21:10:24 - [MESSAGE][INFO] - Checking timeout

2023-07-24 21:10:24 - [MESSAGE][INFO] - Finding web element with id: 'Object Repository/secondhand-web/Login/Error Message' located by 'By.xpath: (.//*[normalize-space(text()) and normalize-space(.)='SecondHand.'])[1]/preceding::div[1]' in '3' second(s)

2023-07-24 21:10:24 - [MESSAGE][INFO] - Smart Wait Function is triggered

2023-07-24 21:10:25 - [MESSAGE][INFO] - Found 1 web elements with id: 'Object Repository/secondhand-web/Login/Error Message' located by 'By.xpath: (.//*[normalize-space(text()) and normalize-space(.)='SecondHand.'])[1]/preceding::div[1]' in '3' second(s)

2023-07-24 21:10:25 - [MESSAGE][PASSED] - Object 'Object Repository/secondhand-web/Login/Error Message' is present

2023-07-24 21:10:25 - [TEST_STEP][PASSED] - errorText = getText(findTestObject("secondhand-web/Login/Error Message")): Text of object 'Object Repository/secondhand-web/Login/Error Message' is: 'Invalid Email or password.'

2023-07-24 21:10:25 - [MESSAGE][INFO] - Finding Test Object 'Object Repository/secondhand-web/Login/Error Message'

2023-07-24 21:10:25 - [MESSAGE][INFO] - Checking object

2023-07-24 21:10:25 - [MESSAGE][INFO] - Finding web element from Test Object's properties

2023-07-24 21:10:25 - [MESSAGE][INFO] - Checking timeout

2023-07-24 21:10:25 - [MESSAGE][INFO] - Finding web element with id: 'Object Repository/secondhand-web/Login/Error Message' located by 'By.xpath: (.//*[normalize-space(text()) and normalize-space(.)='SecondHand.'])[1]/preceding::div[1]' in '30' second(s)

2023-07-24 21:10:25 - [MESSAGE][INFO] - Smart Wait Function is triggered

2023-07-24 21:10:25 - [MESSAGE][INFO] - Found 1 web elements with id: 'Object Repository/secondhand-web/Login/Error Message' located by 'By.xpath: (.//*[normalize-space(text()) and normalize-space(.)='SecondHand.'])[1]/preceding::div[1]' in '30' second(s)

2023-07-24 21:10:25 - [MESSAGE][INFO] - Getting text of object 'Object Repository/secondhand-web/Login/Error Message'

2023-07-24 21:10:25 - [MESSAGE][PASSED] - Text of object 'Object Repository/secondhand-web/Login/Error Message' is: 'Invalid Email or password.'

2023-07-24 21:10:25 - [TEST_STEP][PASSED] - logInfo("Error Text : " + errorText): Error Text : Invalid Email or password.

2023-07-24 21:10:25 - [MESSAGE][INFO] - Error Text : Invalid Email or password.

2023-07-24 21:10:25 - [TEST_STEP][PASSED] - verifyMatch(errorText, expected, false): Actual text 'Invalid Email or password.' and expected text 'Invalid Email or password.' are matched 

2023-07-24 21:10:25 - [MESSAGE][INFO] - Matching actual text 'Invalid Email or password.' with expected text 'Invalid Email or password.'

2023-07-24 21:10:25 - [MESSAGE][PASSED] - Actual text 'Invalid Email or password.' and expected text 'Invalid Email or password.' are matched 

2023-07-24 21:10:25 - [MESSAGE][PASSED] - Call Test Case 'Test Cases/secondhand-web/Pages/User Login/Error Message' successfully

2023-07-24 21:10:25 - [TEST_STEP][PASSED] - callTestCase(findTestCase("secondhand-web/Common/Close Web"), [:], STOP_ON_FAILURE): Call Test Case 'Test Cases/secondhand-web/Common/Close Web' successfully

2023-07-24 21:10:25 - [MESSAGE][INFO] - Checking called Test Case

2023-07-24 21:10:25 - [MESSAGE][INFO] - Starting to call Test Case 'Test Cases/secondhand-web/Common/Close Web'

2023-07-24 21:10:25 - [TEST_CASE][PASSED] - Test Cases/secondhand-web/Common/Close Web: Test Cases/secondhand-web/Common/Close Web

2023-07-24 21:10:25 - [TEST_STEP][PASSED] - closeBrowser(): Browser is closed

2023-07-24 21:10:25 - [MESSAGE][INFO] - Closing browser

2023-07-24 21:10:26 - [MESSAGE][PASSED] - Browser is closed

2023-07-24 21:10:26 - [MESSAGE][PASSED] - Call Test Case 'Test Cases/secondhand-web/Common/Close Web' successfully]]></system-out>
         <system-err><![CDATA[]]></system-err>
      </testcase>
      <testcase name="Test Cases/secondhand-web/Step Definition/Feature Login/LG0003 - user should not be able to login using invalid password" time="6.613" classname="Test Cases/secondhand-web/Step Definition/Feature Login/LG0003 - user should not be able to login using invalid password" status="ERROR">
         <error type="ERROR" message="Test Cases/secondhand-web/Step Definition/Feature Login/LG0003 - user should not be able to login using invalid password FAILED.
Reason:
groovy.lang.MissingPropertyException: No such property: AsiyahEmailSellerEmailAsiyah for class: internal.GlobalVariable
	at LG0003 - user should not be able to login using invalid password.run(LG0003 - user should not be able to login using invalid password:26)
	at com.kms.katalon.core.main.ScriptEngine.run(ScriptEngine.java:194)
	at com.kms.katalon.core.main.ScriptEngine.runScriptAsRawText(ScriptEngine.java:119)
	at com.kms.katalon.core.main.TestCaseExecutor.runScript(TestCaseExecutor.java:448)
	at com.kms.katalon.core.main.TestCaseExecutor.doExecute(TestCaseExecutor.java:439)
	at com.kms.katalon.core.main.TestCaseExecutor.processExecutionPhase(TestCaseExecutor.java:418)
	at com.kms.katalon.core.main.TestCaseExecutor.accessMainPhase(TestCaseExecutor.java:410)
	at com.kms.katalon.core.main.TestCaseExecutor.execute(TestCaseExecutor.java:285)
	at com.kms.katalon.core.common.CommonExecutor.accessTestCaseMainPhase(CommonExecutor.java:65)
	at com.kms.katalon.core.main.TestSuiteExecutor.accessTestSuiteMainPhase(TestSuiteExecutor.java:148)
	at com.kms.katalon.core.main.TestSuiteExecutor.execute(TestSuiteExecutor.java:106)
	at com.kms.katalon.core.main.TestCaseMain.startTestSuite(TestCaseMain.java:187)
	at com.kms.katalon.core.main.TestCaseMain$startTestSuite$0.call(Unknown Source)
	at TempTestSuite1690207785920.run(TempTestSuite1690207785920.groovy:36)
"/>
         <system-out><![CDATA[2023-07-24 21:10:26 - [TEST_CASE][ERROR] - Test Cases/secondhand-web/Step Definition/Feature Login/LG0003 - user should not be able to login using invalid password: Test Cases/secondhand-web/Step Definition/Feature Login/LG0003 - user should not be able to login using invalid password FAILED.
Reason:
groovy.lang.MissingPropertyException: No such property: AsiyahEmailSellerEmailAsiyah for class: internal.GlobalVariable
	at LG0003 - user should not be able to login using invalid password.run(LG0003 - user should not be able to login using invalid password:26)
	at com.kms.katalon.core.main.ScriptEngine.run(ScriptEngine.java:194)
	at com.kms.katalon.core.main.ScriptEngine.runScriptAsRawText(ScriptEngine.java:119)
	at com.kms.katalon.core.main.TestCaseExecutor.runScript(TestCaseExecutor.java:448)
	at com.kms.katalon.core.main.TestCaseExecutor.doExecute(TestCaseExecutor.java:439)
	at com.kms.katalon.core.main.TestCaseExecutor.processExecutionPhase(TestCaseExecutor.java:418)
	at com.kms.katalon.core.main.TestCaseExecutor.accessMainPhase(TestCaseExecutor.java:410)
	at com.kms.katalon.core.main.TestCaseExecutor.execute(TestCaseExecutor.java:285)
	at com.kms.katalon.core.common.CommonExecutor.accessTestCaseMainPhase(CommonExecutor.java:65)
	at com.kms.katalon.core.main.TestSuiteExecutor.accessTestSuiteMainPhase(TestSuiteExecutor.java:148)
	at com.kms.katalon.core.main.TestSuiteExecutor.execute(TestSuiteExecutor.java:106)
	at com.kms.katalon.core.main.TestCaseMain.startTestSuite(TestCaseMain.java:187)
	at com.kms.katalon.core.main.TestCaseMain$startTestSuite$0.call(Unknown Source)
	at TempTestSuite1690207785920.run(TempTestSuite1690207785920.groovy:36)


2023-07-24 21:10:26 - [TEST_STEP][PASSED] - callTestCase(findTestCase("secondhand-web/Common/Launch Web"), [:], STOP_ON_FAILURE): Call Test Case 'Test Cases/secondhand-web/Common/Launch Web' successfully

2023-07-24 21:10:26 - [MESSAGE][INFO] - Checking called Test Case

2023-07-24 21:10:26 - [MESSAGE][INFO] - Starting to call Test Case 'Test Cases/secondhand-web/Common/Launch Web'

2023-07-24 21:10:27 - [TEST_CASE][PASSED] - Test Cases/secondhand-web/Common/Launch Web: Test Cases/secondhand-web/Common/Launch Web

2023-07-24 21:10:27 - [TEST_STEP][PASSED] - openBrowser(""): Browser is opened with url: ''

2023-07-24 21:10:27 - [MESSAGE][INFO] - Opening browser

2023-07-24 21:10:27 - [MESSAGE][INFO] - Starting 'Chrome' driver

2023-07-24 21:10:27 - [MESSAGE][INFO] - Action delay is set to 0 milliseconds

2023-07-24 21:10:28 - [MESSAGE][PASSED] - Browser is opened with url: ''

2023-07-24 21:10:28 - [TEST_STEP][PASSED] - maximizeWindow(): Current window maximized

2023-07-24 21:10:28 - [MESSAGE][INFO] - Maximizing current window

2023-07-24 21:10:28 - [MESSAGE][PASSED] - Current window maximized

2023-07-24 21:10:28 - [MESSAGE][PASSED] - Call Test Case 'Test Cases/secondhand-web/Common/Launch Web' successfully

2023-07-24 21:10:28 - [TEST_STEP][PASSED] - callTestCase(findTestCase("secondhand-web/Common/Navigate To Web"), [:], STOP_ON_FAILURE): Call Test Case 'Test Cases/secondhand-web/Common/Navigate To Web' successfully

2023-07-24 21:10:28 - [MESSAGE][INFO] - Checking called Test Case

2023-07-24 21:10:28 - [MESSAGE][INFO] - Starting to call Test Case 'Test Cases/secondhand-web/Common/Navigate To Web'

2023-07-24 21:10:28 - [TEST_CASE][PASSED] - Test Cases/secondhand-web/Common/Navigate To Web: Test Cases/secondhand-web/Common/Navigate To Web

2023-07-24 21:10:28 - [TEST_STEP][PASSED] - navigateToUrl(baseUrl): Navigate to 'https://secondhand.binaracademy.org/' successfully

2023-07-24 21:10:28 - [MESSAGE][INFO] - Checking url

2023-07-24 21:10:28 - [MESSAGE][INFO] - Navigating to 'https://secondhand.binaracademy.org/'

2023-07-24 21:10:32 - [MESSAGE][PASSED] - Navigate to 'https://secondhand.binaracademy.org/' successfully

2023-07-24 21:10:32 - [MESSAGE][PASSED] - Call Test Case 'Test Cases/secondhand-web/Common/Navigate To Web' successfully

2023-07-24 21:10:32 - [TEST_STEP][PASSED] - callTestCase(findTestCase("secondhand-web/Pages/User Login/Click Button Masuk"), [:], STOP_ON_FAILURE): Call Test Case 'Test Cases/secondhand-web/Pages/User Login/Click Button Masuk' successfully

2023-07-24 21:10:32 - [MESSAGE][INFO] - Checking called Test Case

2023-07-24 21:10:32 - [MESSAGE][INFO] - Starting to call Test Case 'Test Cases/secondhand-web/Pages/User Login/Click Button Masuk'

2023-07-24 21:10:32 - [TEST_CASE][PASSED] - Test Cases/secondhand-web/Pages/User Login/Click Button Masuk: Test Cases/secondhand-web/Pages/User Login/Click Button Masuk

2023-07-24 21:10:32 - [TEST_STEP][PASSED] - verifyElementVisible(findTestObject("secondhand-web/Login/Click Button Masuk"), STOP_ON_FAILURE): Object 'Object Repository/secondhand-web/Login/Click Button Masuk' is visible

2023-07-24 21:10:32 - [MESSAGE][INFO] - Finding Test Object 'Object Repository/secondhand-web/Login/Click Button Masuk'

2023-07-24 21:10:32 - [MESSAGE][INFO] - Checking object

2023-07-24 21:10:32 - [MESSAGE][INFO] - Finding web element from Test Object's properties

2023-07-24 21:10:32 - [MESSAGE][INFO] - Checking timeout

2023-07-24 21:10:32 - [MESSAGE][INFO] - Finding web element with id: 'Object Repository/secondhand-web/Login/Click Button Masuk' located by 'By.xpath: //div[@id='navbarSupportedContent']/div/a' in '30' second(s)

2023-07-24 21:10:32 - [MESSAGE][INFO] - Smart Wait Function is triggered

2023-07-24 21:10:32 - [MESSAGE][INFO] - Found 1 web elements with id: 'Object Repository/secondhand-web/Login/Click Button Masuk' located by 'By.xpath: //div[@id='navbarSupportedContent']/div/a' in '30' second(s)

2023-07-24 21:10:32 - [MESSAGE][PASSED] - Object 'Object Repository/secondhand-web/Login/Click Button Masuk' is visible

2023-07-24 21:10:32 - [TEST_STEP][PASSED] - click(findTestObject("secondhand-web/Login/Click Button Masuk")): Object: 'Object Repository/secondhand-web/Login/Click Button Masuk' is clicked on

2023-07-24 21:10:32 - [MESSAGE][INFO] - Finding Test Object 'Object Repository/secondhand-web/Login/Click Button Masuk'

2023-07-24 21:10:32 - [MESSAGE][INFO] - Checking object

2023-07-24 21:10:32 - [MESSAGE][INFO] - Checking timeout

2023-07-24 21:10:32 - [MESSAGE][INFO] - Finding web element from Test Object's properties

2023-07-24 21:10:32 - [MESSAGE][INFO] - Checking timeout

2023-07-24 21:10:32 - [MESSAGE][INFO] - Finding web element with id: 'Object Repository/secondhand-web/Login/Click Button Masuk' located by 'By.xpath: //div[@id='navbarSupportedContent']/div/a' in '30' second(s)

2023-07-24 21:10:32 - [MESSAGE][INFO] - Smart Wait Function is triggered

2023-07-24 21:10:33 - [MESSAGE][INFO] - Found 1 web elements with id: 'Object Repository/secondhand-web/Login/Click Button Masuk' located by 'By.xpath: //div[@id='navbarSupportedContent']/div/a' in '30' second(s)

2023-07-24 21:10:33 - [MESSAGE][INFO] - Clicking on object: 'Object Repository/secondhand-web/Login/Click Button Masuk'

2023-07-24 21:10:33 - [MESSAGE][PASSED] - Object: 'Object Repository/secondhand-web/Login/Click Button Masuk' is clicked on

2023-07-24 21:10:33 - [MESSAGE][PASSED] - Call Test Case 'Test Cases/secondhand-web/Pages/User Login/Click Button Masuk' successfully

2023-07-24 21:10:33 - [TEST_STEP][ERROR] - callTestCase(findTestCase("secondhand-web/Pages/User Login/Input Email"), ["email":AsiyahEmailSellerEmailAsiyah], STOP_ON_FAILURE): Test Cases/secondhand-web/Step Definition/Feature Login/LG0003 - user should not be able to login using invalid password FAILED.
Reason:
groovy.lang.MissingPropertyException: No such property: AsiyahEmailSellerEmailAsiyah for class: internal.GlobalVariable
	at LG0003 - user should not be able to login using invalid password.run(LG0003 - user should not be able to login using invalid password:26)
	at com.kms.katalon.core.main.ScriptEngine.run(ScriptEngine.java:194)
	at com.kms.katalon.core.main.ScriptEngine.runScriptAsRawText(ScriptEngine.java:119)
	at com.kms.katalon.core.main.TestCaseExecutor.runScript(TestCaseExecutor.java:448)
	at com.kms.katalon.core.main.TestCaseExecutor.doExecute(TestCaseExecutor.java:439)
	at com.kms.katalon.core.main.TestCaseExecutor.processExecutionPhase(TestCaseExecutor.java:418)
	at com.kms.katalon.core.main.TestCaseExecutor.accessMainPhase(TestCaseExecutor.java:410)
	at com.kms.katalon.core.main.TestCaseExecutor.execute(TestCaseExecutor.java:285)
	at com.kms.katalon.core.common.CommonExecutor.accessTestCaseMainPhase(CommonExecutor.java:65)
	at com.kms.katalon.core.main.TestSuiteExecutor.accessTestSuiteMainPhase(TestSuiteExecutor.java:148)
	at com.kms.katalon.core.main.TestSuiteExecutor.execute(TestSuiteExecutor.java:106)
	at com.kms.katalon.core.main.TestCaseMain.startTestSuite(TestCaseMain.java:187)
	at com.kms.katalon.core.main.TestCaseMain$startTestSuite$0.call(Unknown Source)
	at TempTestSuite1690207785920.run(TempTestSuite1690207785920.groovy:36)


2023-07-24 21:10:33 - [MESSAGE][ERROR] - Test Cases/secondhand-web/Step Definition/Feature Login/LG0003 - user should not be able to login using invalid password FAILED.
Reason:
groovy.lang.MissingPropertyException: No such property: AsiyahEmailSellerEmailAsiyah for class: internal.GlobalVariable
	at LG0003 - user should not be able to login using invalid password.run(LG0003 - user should not be able to login using invalid password:26)
	at com.kms.katalon.core.main.ScriptEngine.run(ScriptEngine.java:194)
	at com.kms.katalon.core.main.ScriptEngine.runScriptAsRawText(ScriptEngine.java:119)
	at com.kms.katalon.core.main.TestCaseExecutor.runScript(TestCaseExecutor.java:448)
	at com.kms.katalon.core.main.TestCaseExecutor.doExecute(TestCaseExecutor.java:439)
	at com.kms.katalon.core.main.TestCaseExecutor.processExecutionPhase(TestCaseExecutor.java:418)
	at com.kms.katalon.core.main.TestCaseExecutor.accessMainPhase(TestCaseExecutor.java:410)
	at com.kms.katalon.core.main.TestCaseExecutor.execute(TestCaseExecutor.java:285)
	at com.kms.katalon.core.common.CommonExecutor.accessTestCaseMainPhase(CommonExecutor.java:65)
	at com.kms.katalon.core.main.TestSuiteExecutor.accessTestSuiteMainPhase(TestSuiteExecutor.java:148)
	at com.kms.katalon.core.main.TestSuiteExecutor.execute(TestSuiteExecutor.java:106)
	at com.kms.katalon.core.main.TestCaseMain.startTestSuite(TestCaseMain.java:187)
	at com.kms.katalon.core.main.TestCaseMain$startTestSuite$0.call(Unknown Source)
	at TempTestSuite1690207785920.run(TempTestSuite1690207785920.groovy:36)]]></system-out>
         <system-err><![CDATA[2023-07-24 21:10:26 - [TEST_CASE][ERROR] - Test Cases/secondhand-web/Step Definition/Feature Login/LG0003 - user should not be able to login using invalid password: Test Cases/secondhand-web/Step Definition/Feature Login/LG0003 - user should not be able to login using invalid password FAILED.
Reason:
groovy.lang.MissingPropertyException: No such property: AsiyahEmailSellerEmailAsiyah for class: internal.GlobalVariable
	at LG0003 - user should not be able to login using invalid password.run(LG0003 - user should not be able to login using invalid password:26)
	at com.kms.katalon.core.main.ScriptEngine.run(ScriptEngine.java:194)
	at com.kms.katalon.core.main.ScriptEngine.runScriptAsRawText(ScriptEngine.java:119)
	at com.kms.katalon.core.main.TestCaseExecutor.runScript(TestCaseExecutor.java:448)
	at com.kms.katalon.core.main.TestCaseExecutor.doExecute(TestCaseExecutor.java:439)
	at com.kms.katalon.core.main.TestCaseExecutor.processExecutionPhase(TestCaseExecutor.java:418)
	at com.kms.katalon.core.main.TestCaseExecutor.accessMainPhase(TestCaseExecutor.java:410)
	at com.kms.katalon.core.main.TestCaseExecutor.execute(TestCaseExecutor.java:285)
	at com.kms.katalon.core.common.CommonExecutor.accessTestCaseMainPhase(CommonExecutor.java:65)
	at com.kms.katalon.core.main.TestSuiteExecutor.accessTestSuiteMainPhase(TestSuiteExecutor.java:148)
	at com.kms.katalon.core.main.TestSuiteExecutor.execute(TestSuiteExecutor.java:106)
	at com.kms.katalon.core.main.TestCaseMain.startTestSuite(TestCaseMain.java:187)
	at com.kms.katalon.core.main.TestCaseMain$startTestSuite$0.call(Unknown Source)
	at TempTestSuite1690207785920.run(TempTestSuite1690207785920.groovy:36)]]></system-err>
      </testcase>
      <system-out><![CDATA[2023-07-24 21:09:49 - [TEST_SUITE][ERROR] - Feature Login: Test Cases/secondhand-web/Step Definition/Feature Login/LG0003 - user should not be able to login using invalid password FAILED.
Reason:
groovy.lang.MissingPropertyException: No such property: AsiyahEmailSellerEmailAsiyah for class: internal.GlobalVariable
	at LG0003 - user should not be able to login using invalid password.run(LG0003 - user should not be able to login using invalid password:26)
	at com.kms.katalon.core.main.ScriptEngine.run(ScriptEngine.java:194)
	at com.kms.katalon.core.main.ScriptEngine.runScriptAsRawText(ScriptEngine.java:119)
	at com.kms.katalon.core.main.TestCaseExecutor.runScript(TestCaseExecutor.java:448)
	at com.kms.katalon.core.main.TestCaseExecutor.doExecute(TestCaseExecutor.java:439)
	at com.kms.katalon.core.main.TestCaseExecutor.processExecutionPhase(TestCaseExecutor.java:418)
	at com.kms.katalon.core.main.TestCaseExecutor.accessMainPhase(TestCaseExecutor.java:410)
	at com.kms.katalon.core.main.TestCaseExecutor.execute(TestCaseExecutor.java:285)
	at com.kms.katalon.core.common.CommonExecutor.accessTestCaseMainPhase(CommonExecutor.java:65)
	at com.kms.katalon.core.main.TestSuiteExecutor.accessTestSuiteMainPhase(TestSuiteExecutor.java:148)
	at com.kms.katalon.core.main.TestSuiteExecutor.execute(TestSuiteExecutor.java:106)
	at com.kms.katalon.core.main.TestCaseMain.startTestSuite(TestCaseMain.java:187)
	at com.kms.katalon.core.main.TestCaseMain$startTestSuite$0.call(Unknown Source)
	at TempTestSuite1690207785920.run(TempTestSuite1690207785920.groovy:36)]]></system-out>
      <system-err><![CDATA[2023-07-24 21:09:49 - [TEST_SUITE][ERROR] - Feature Login: Test Cases/secondhand-web/Step Definition/Feature Login/LG0003 - user should not be able to login using invalid password FAILED.
Reason:
groovy.lang.MissingPropertyException: No such property: AsiyahEmailSellerEmailAsiyah for class: internal.GlobalVariable
	at LG0003 - user should not be able to login using invalid password.run(LG0003 - user should not be able to login using invalid password:26)
	at com.kms.katalon.core.main.ScriptEngine.run(ScriptEngine.java:194)
	at com.kms.katalon.core.main.ScriptEngine.runScriptAsRawText(ScriptEngine.java:119)
	at com.kms.katalon.core.main.TestCaseExecutor.runScript(TestCaseExecutor.java:448)
	at com.kms.katalon.core.main.TestCaseExecutor.doExecute(TestCaseExecutor.java:439)
	at com.kms.katalon.core.main.TestCaseExecutor.processExecutionPhase(TestCaseExecutor.java:418)
	at com.kms.katalon.core.main.TestCaseExecutor.accessMainPhase(TestCaseExecutor.java:410)
	at com.kms.katalon.core.main.TestCaseExecutor.execute(TestCaseExecutor.java:285)
	at com.kms.katalon.core.common.CommonExecutor.accessTestCaseMainPhase(CommonExecutor.java:65)
	at com.kms.katalon.core.main.TestSuiteExecutor.accessTestSuiteMainPhase(TestSuiteExecutor.java:148)
	at com.kms.katalon.core.main.TestSuiteExecutor.execute(TestSuiteExecutor.java:106)
	at com.kms.katalon.core.main.TestCaseMain.startTestSuite(TestCaseMain.java:187)
	at com.kms.katalon.core.main.TestCaseMain$startTestSuite$0.call(Unknown Source)
	at TempTestSuite1690207785920.run(TempTestSuite1690207785920.groovy:36)]]></system-err>
   </testsuite>
</testsuites>
