<?xml version="1.0" encoding="UTF-8"?>
<testsuites name="Feature Register" time="201.109" tests="4" failures="2" errors="0">
   <testsuite name="Feature Register" tests="4" failures="2" errors="0" time="201.109" skipped="0" timestamp="2023-07-20 20:24:49" hostname="user - LAPTOP-905USH3S" id="Test Suites/secondhand-web/Feature Register">
      <properties>
         <property name="deviceName" value=""/>
         <property name="devicePlatform" value=""/>
         <property name="logFolder" value="D:\\Binar Academy\\Platinum Challenge\\SQA-Wave9-Kelompok2\\Reports\\20230720_202447\\secondhand-web\\Feature Register\\20230720_202447"/>
         <property name="logFiles" value="D:\\Binar Academy\\Platinum Challenge\\SQA-Wave9-Kelompok2\\Reports\\20230720_202447\\secondhand-web\\Feature Register\\20230720_202447\\execution0.log"/>
         <property name="attachments" value="D:\\Binar Academy\\Platinum Challenge\\SQA-Wave9-Kelompok2\\Reports\\20230720_202447\\secondhand-web\\Feature Register\\20230720_202447\\1689859504105.png, D:\\Binar Academy\\Platinum Challenge\\SQA-Wave9-Kelompok2\\Reports\\20230720_202447\\secondhand-web\\Feature Register\\20230720_202447\\1689859507025.png, D:\\Binar Academy\\Platinum Challenge\\SQA-Wave9-Kelompok2\\Reports\\20230720_202447\\secondhand-web\\Feature Register\\20230720_202447\\1689859509777.png, D:\\Binar Academy\\Platinum Challenge\\SQA-Wave9-Kelompok2\\Reports\\20230720_202447\\secondhand-web\\Feature Register\\20230720_202447\\1689859521027.png, D:\\Binar Academy\\Platinum Challenge\\SQA-Wave9-Kelompok2\\Reports\\20230720_202447\\secondhand-web\\Feature Register\\20230720_202447\\1689859523409.png, D:\\Binar Academy\\Platinum Challenge\\SQA-Wave9-Kelompok2\\Reports\\20230720_202447\\secondhand-web\\Feature Register\\20230720_202447\\1689859525850.png, D:\\Binar Academy\\Platinum Challenge\\SQA-Wave9-Kelompok2\\Reports\\20230720_202447\\secondhand-web\\Feature Register\\20230720_202447\\1689859531986.png, D:\\Binar Academy\\Platinum Challenge\\SQA-Wave9-Kelompok2\\Reports\\20230720_202447\\secondhand-web\\Feature Register\\20230720_202447\\1689859532663.png, D:\\Binar Academy\\Platinum Challenge\\SQA-Wave9-Kelompok2\\Reports\\20230720_202447\\secondhand-web\\Feature Register\\20230720_202447\\1689859545012.png, D:\\Binar Academy\\Platinum Challenge\\SQA-Wave9-Kelompok2\\Reports\\20230720_202447\\secondhand-web\\Feature Register\\20230720_202447\\1689859547343.png, D:\\Binar Academy\\Platinum Challenge\\SQA-Wave9-Kelompok2\\Reports\\20230720_202447\\secondhand-web\\Feature Register\\20230720_202447\\1689859549448.png, D:\\Binar Academy\\Platinum Challenge\\SQA-Wave9-Kelompok2\\Reports\\20230720_202447\\secondhand-web\\Feature Register\\20230720_202447\\1689859555178.png, D:\\Binar Academy\\Platinum Challenge\\SQA-Wave9-Kelompok2\\Reports\\20230720_202447\\secondhand-web\\Feature Register\\20230720_202447\\1689859555834.png, D:\\Binar Academy\\Platinum Challenge\\SQA-Wave9-Kelompok2\\Reports\\20230720_202447\\secondhand-web\\Feature Register\\20230720_202447\\1689859563923.png, D:\\Binar Academy\\Platinum Challenge\\SQA-Wave9-Kelompok2\\Reports\\20230720_202447\\secondhand-web\\Feature Register\\20230720_202447\\1689859566184.png, D:\\Binar Academy\\Platinum Challenge\\SQA-Wave9-Kelompok2\\Reports\\20230720_202447\\secondhand-web\\Feature Register\\20230720_202447\\1689859568359.png, D:\\Binar Academy\\Platinum Challenge\\SQA-Wave9-Kelompok2\\Reports\\20230720_202447\\secondhand-web\\Feature Register\\20230720_202447\\1689859574319.png, D:\\Binar Academy\\Platinum Challenge\\SQA-Wave9-Kelompok2\\Reports\\20230720_202447\\secondhand-web\\Feature Register\\20230720_202447\\1689859574979.png, D:\\Binar Academy\\Platinum Challenge\\SQA-Wave9-Kelompok2\\Reports\\20230720_202447\\secondhand-web\\Feature Register\\20230720_202447\\1689859584847.png, D:\\Binar Academy\\Platinum Challenge\\SQA-Wave9-Kelompok2\\Reports\\20230720_202447\\secondhand-web\\Feature Register\\20230720_202447\\1689859587092.png, D:\\Binar Academy\\Platinum Challenge\\SQA-Wave9-Kelompok2\\Reports\\20230720_202447\\secondhand-web\\Feature Register\\20230720_202447\\1689859589274.png, D:\\Binar Academy\\Platinum Challenge\\SQA-Wave9-Kelompok2\\Reports\\20230720_202447\\secondhand-web\\Feature Register\\20230720_202447\\1689859594992.png, D:\\Binar Academy\\Platinum Challenge\\SQA-Wave9-Kelompok2\\Reports\\20230720_202447\\secondhand-web\\Feature Register\\20230720_202447\\1689859595653.png, D:\\Binar Academy\\Platinum Challenge\\SQA-Wave9-Kelompok2\\Reports\\20230720_202447\\secondhand-web\\Feature Register\\20230720_202447\\1689859604367.png, D:\\Binar Academy\\Platinum Challenge\\SQA-Wave9-Kelompok2\\Reports\\20230720_202447\\secondhand-web\\Feature Register\\20230720_202447\\1689859606658.png, D:\\Binar Academy\\Platinum Challenge\\SQA-Wave9-Kelompok2\\Reports\\20230720_202447\\secondhand-web\\Feature Register\\20230720_202447\\1689859608878.png, D:\\Binar Academy\\Platinum Challenge\\SQA-Wave9-Kelompok2\\Reports\\20230720_202447\\secondhand-web\\Feature Register\\20230720_202447\\1689859614696.png, D:\\Binar Academy\\Platinum Challenge\\SQA-Wave9-Kelompok2\\Reports\\20230720_202447\\secondhand-web\\Feature Register\\20230720_202447\\1689859615346.png, D:\\Binar Academy\\Platinum Challenge\\SQA-Wave9-Kelompok2\\Reports\\20230720_202447\\secondhand-web\\Feature Register\\20230720_202447\\1689859624215.png, D:\\Binar Academy\\Platinum Challenge\\SQA-Wave9-Kelompok2\\Reports\\20230720_202447\\secondhand-web\\Feature Register\\20230720_202447\\1689859626491.png, D:\\Binar Academy\\Platinum Challenge\\SQA-Wave9-Kelompok2\\Reports\\20230720_202447\\secondhand-web\\Feature Register\\20230720_202447\\1689859628635.png, D:\\Binar Academy\\Platinum Challenge\\SQA-Wave9-Kelompok2\\Reports\\20230720_202447\\secondhand-web\\Feature Register\\20230720_202447\\1689859634396.png, D:\\Binar Academy\\Platinum Challenge\\SQA-Wave9-Kelompok2\\Reports\\20230720_202447\\secondhand-web\\Feature Register\\20230720_202447\\1689859635047.png, D:\\Binar Academy\\Platinum Challenge\\SQA-Wave9-Kelompok2\\Reports\\20230720_202447\\secondhand-web\\Feature Register\\20230720_202447\\1689859643145.png, D:\\Binar Academy\\Platinum Challenge\\SQA-Wave9-Kelompok2\\Reports\\20230720_202447\\secondhand-web\\Feature Register\\20230720_202447\\1689859645589.png, D:\\Binar Academy\\Platinum Challenge\\SQA-Wave9-Kelompok2\\Reports\\20230720_202447\\secondhand-web\\Feature Register\\20230720_202447\\1689859647739.png, D:\\Binar Academy\\Platinum Challenge\\SQA-Wave9-Kelompok2\\Reports\\20230720_202447\\secondhand-web\\Feature Register\\20230720_202447\\1689859653481.png, D:\\Binar Academy\\Platinum Challenge\\SQA-Wave9-Kelompok2\\Reports\\20230720_202447\\secondhand-web\\Feature Register\\20230720_202447\\1689859654133.png, D:\\Binar Academy\\Platinum Challenge\\SQA-Wave9-Kelompok2\\Reports\\20230720_202447\\secondhand-web\\Feature Register\\20230720_202447\\1689859662509.png, D:\\Binar Academy\\Platinum Challenge\\SQA-Wave9-Kelompok2\\Reports\\20230720_202447\\secondhand-web\\Feature Register\\20230720_202447\\1689859664763.png, D:\\Binar Academy\\Platinum Challenge\\SQA-Wave9-Kelompok2\\Reports\\20230720_202447\\secondhand-web\\Feature Register\\20230720_202447\\1689859666883.png, D:\\Binar Academy\\Platinum Challenge\\SQA-Wave9-Kelompok2\\Reports\\20230720_202447\\secondhand-web\\Feature Register\\20230720_202447\\1689859672756.png, D:\\Binar Academy\\Platinum Challenge\\SQA-Wave9-Kelompok2\\Reports\\20230720_202447\\secondhand-web\\Feature Register\\20230720_202447\\1689859673469.png, D:\\Binar Academy\\Platinum Challenge\\SQA-Wave9-Kelompok2\\Reports\\20230720_202447\\secondhand-web\\Feature Register\\20230720_202447\\1689859682922.png, D:\\Binar Academy\\Platinum Challenge\\SQA-Wave9-Kelompok2\\Reports\\20230720_202447\\secondhand-web\\Feature Register\\20230720_202447\\1689859685169.png, D:\\Binar Academy\\Platinum Challenge\\SQA-Wave9-Kelompok2\\Reports\\20230720_202447\\secondhand-web\\Feature Register\\20230720_202447\\1689859687308.png"/>
         <property name="hostName" value="user - LAPTOP-905USH3S"/>
         <property name="os" value="Windows 11 64bit"/>
         <property name="katalonVersion" value="8.6.5.208"/>
         <property name="browser" value="Chrome 114.0.0.0"/>
         <property name="hostAddress" value="192.168.100.236"/>
         <property name="sessionId" value="87045acb15b8b6b104e7f699f754ef3a"/>
         <property name="seleniumVersion" value="3.141.59"/>
         <property name="proxyInformation" value="ProxyInformation { proxyOption=NO_PROXY, proxyServerType=HTTP, username=, password=********, proxyServerAddress=, proxyServerPort=0, executionList=&quot;&quot;, isApplyToDesiredCapabilities=true }"/>
         <property name="platform" value="Windows 11"/>
      </properties>
      <testcase name="Test Cases/secondhand-web/Step Definition/Feature Registration/REG001 - user should be able to register using corret data and acceptable data" time="23.11" classname="Test Cases/secondhand-web/Step Definition/Feature Registration/REG001 - user should be able to register using corret data and acceptable data" status="PASSED">
         <system-out><![CDATA[2023-07-20 20:24:50 - [TEST_CASE][PASSED] - Test Cases/secondhand-web/Step Definition/Feature Registration/REG001 - user should be able to register using corret data and acceptable data: Test Cases/secondhand-web/Step Definition/Feature Registration/REG001 - user should be able to register using corret data and acceptable data

2023-07-20 20:24:50 - [TEST_STEP][PASSED] - callTestCase(findTestCase("secondhand-web/Common/Launch Web"), [:], STOP_ON_FAILURE): Call Test Case 'Test Cases/secondhand-web/Common/Launch Web' successfully

2023-07-20 20:24:50 - [MESSAGE][INFO] - Checking called Test Case

2023-07-20 20:24:50 - [MESSAGE][INFO] - Starting to call Test Case 'Test Cases/secondhand-web/Common/Launch Web'

2023-07-20 20:24:50 - [TEST_CASE][PASSED] - Test Cases/secondhand-web/Common/Launch Web: Test Cases/secondhand-web/Common/Launch Web

2023-07-20 20:24:51 - [TEST_STEP][PASSED] - openBrowser(""): Browser is opened with url: ''

2023-07-20 20:24:51 - [MESSAGE][INFO] - Opening browser

2023-07-20 20:24:51 - [MESSAGE][INFO] - Starting 'Chrome' driver

2023-07-20 20:24:51 - [MESSAGE][INFO] - Action delay is set to 0 milliseconds

2023-07-20 20:24:54 - [MESSAGE][PASSED] - Browser is opened with url: ''

2023-07-20 20:24:54 - [TEST_STEP][PASSED] - maximizeWindow(): Current window maximized

2023-07-20 20:24:54 - [MESSAGE][INFO] - Maximizing current window

2023-07-20 20:24:54 - [MESSAGE][PASSED] - Current window maximized

2023-07-20 20:24:54 - [MESSAGE][PASSED] - Call Test Case 'Test Cases/secondhand-web/Common/Launch Web' successfully

2023-07-20 20:24:54 - [TEST_STEP][PASSED] - callTestCase(findTestCase("secondhand-web/Common/Navigate To Web"), [:], STOP_ON_FAILURE): Call Test Case 'Test Cases/secondhand-web/Common/Navigate To Web' successfully

2023-07-20 20:24:54 - [MESSAGE][INFO] - Checking called Test Case

2023-07-20 20:24:54 - [MESSAGE][INFO] - Starting to call Test Case 'Test Cases/secondhand-web/Common/Navigate To Web'

2023-07-20 20:24:54 - [TEST_CASE][PASSED] - Test Cases/secondhand-web/Common/Navigate To Web: Test Cases/secondhand-web/Common/Navigate To Web

2023-07-20 20:24:55 - [TEST_STEP][PASSED] - navigateToUrl(baseUrl): Navigate to 'https://secondhand.binaracademy.org/' successfully

2023-07-20 20:24:56 - [MESSAGE][INFO] - Checking url

2023-07-20 20:24:56 - [MESSAGE][INFO] - Navigating to 'https://secondhand.binaracademy.org/'

2023-07-20 20:24:59 - [MESSAGE][PASSED] - Navigate to 'https://secondhand.binaracademy.org/' successfully

2023-07-20 20:24:59 - [MESSAGE][PASSED] - Call Test Case 'Test Cases/secondhand-web/Common/Navigate To Web' successfully

2023-07-20 20:24:59 - [TEST_STEP][PASSED] - callTestCase(findTestCase("secondhand-web/Pages/User Registration/Open Registration Page"), [:], STOP_ON_FAILURE): Call Test Case 'Test Cases/secondhand-web/Pages/User Registration/Open Registration Page' successfully

2023-07-20 20:24:59 - [MESSAGE][INFO] - Checking called Test Case

2023-07-20 20:24:59 - [MESSAGE][INFO] - Starting to call Test Case 'Test Cases/secondhand-web/Pages/User Registration/Open Registration Page'

2023-07-20 20:24:59 - [TEST_CASE][PASSED] - Test Cases/secondhand-web/Pages/User Registration/Open Registration Page: Test Cases/secondhand-web/Pages/User Registration/Open Registration Page

2023-07-20 20:25:00 - [TEST_STEP][PASSED] - verifyElementVisible(findTestObject("secondhand-web/Registration/buttonMasuk in landing page")): Object 'Object Repository/secondhand-web/Registration/buttonMasuk in landing page' is visible

2023-07-20 20:25:00 - [MESSAGE][INFO] - Finding Test Object 'Object Repository/secondhand-web/Registration/buttonMasuk in landing page'

2023-07-20 20:25:00 - [MESSAGE][INFO] - Checking object

2023-07-20 20:25:00 - [MESSAGE][INFO] - Finding web element from Test Object's properties

2023-07-20 20:25:00 - [MESSAGE][INFO] - Checking timeout

2023-07-20 20:25:00 - [MESSAGE][INFO] - Finding web element with id: 'Object Repository/secondhand-web/Registration/buttonMasuk in landing page' located by 'By.xpath: //a[@class="btn btn-primary"]' in '30' second(s)

2023-07-20 20:25:00 - [MESSAGE][INFO] - Smart Wait Function is triggered

2023-07-20 20:25:00 - [MESSAGE][INFO] - Found 1 web elements with id: 'Object Repository/secondhand-web/Registration/buttonMasuk in landing page' located by 'By.xpath: //a[@class="btn btn-primary"]' in '30' second(s)

2023-07-20 20:25:00 - [MESSAGE][PASSED] - Object 'Object Repository/secondhand-web/Registration/buttonMasuk in landing page' is visible

2023-07-20 20:25:00 - [TEST_STEP][PASSED] - click(findTestObject("secondhand-web/Registration/buttonMasuk in landing page")): Object: 'Object Repository/secondhand-web/Registration/buttonMasuk in landing page' is clicked on

2023-07-20 20:25:00 - [MESSAGE][INFO] - Finding Test Object 'Object Repository/secondhand-web/Registration/buttonMasuk in landing page'

2023-07-20 20:25:00 - [MESSAGE][INFO] - Checking object

2023-07-20 20:25:00 - [MESSAGE][INFO] - Checking timeout

2023-07-20 20:25:00 - [MESSAGE][INFO] - Finding web element from Test Object's properties

2023-07-20 20:25:00 - [MESSAGE][INFO] - Checking timeout

2023-07-20 20:25:00 - [MESSAGE][INFO] - Finding web element with id: 'Object Repository/secondhand-web/Registration/buttonMasuk in landing page' located by 'By.xpath: //a[@class="btn btn-primary"]' in '30' second(s)

2023-07-20 20:25:00 - [MESSAGE][INFO] - Smart Wait Function is triggered

2023-07-20 20:25:01 - [MESSAGE][INFO] - Found 1 web elements with id: 'Object Repository/secondhand-web/Registration/buttonMasuk in landing page' located by 'By.xpath: //a[@class="btn btn-primary"]' in '30' second(s)

2023-07-20 20:25:01 - [MESSAGE][INFO] - Clicking on object: 'Object Repository/secondhand-web/Registration/buttonMasuk in landing page'

2023-07-20 20:25:01 - [MESSAGE][PASSED] - Object: 'Object Repository/secondhand-web/Registration/buttonMasuk in landing page' is clicked on

2023-07-20 20:25:01 - [TEST_STEP][PASSED] - click(findTestObject("secondhand-web/Registration/buttonDaftarDisini in login page")): Object: 'Object Repository/secondhand-web/Registration/buttonDaftarDisini in login page' is clicked on

2023-07-20 20:25:01 - [MESSAGE][INFO] - Finding Test Object 'Object Repository/secondhand-web/Registration/buttonDaftarDisini in login page'

2023-07-20 20:25:01 - [MESSAGE][INFO] - Checking object

2023-07-20 20:25:01 - [MESSAGE][INFO] - Checking timeout

2023-07-20 20:25:01 - [MESSAGE][INFO] - Finding web element from Test Object's properties

2023-07-20 20:25:01 - [MESSAGE][INFO] - Checking timeout

2023-07-20 20:25:01 - [MESSAGE][INFO] - Finding web element with id: 'Object Repository/secondhand-web/Registration/buttonDaftarDisini in login page' located by 'By.xpath: //a[@class="fw-bold"]' in '30' second(s)

2023-07-20 20:25:01 - [MESSAGE][INFO] - Smart Wait Function is triggered

2023-07-20 20:25:01 - [MESSAGE][INFO] - Found 1 web elements with id: 'Object Repository/secondhand-web/Registration/buttonDaftarDisini in login page' located by 'By.xpath: //a[@class="fw-bold"]' in '30' second(s)

2023-07-20 20:25:01 - [MESSAGE][INFO] - Clicking on object: 'Object Repository/secondhand-web/Registration/buttonDaftarDisini in login page'

2023-07-20 20:25:01 - [MESSAGE][PASSED] - Object: 'Object Repository/secondhand-web/Registration/buttonDaftarDisini in login page' is clicked on

2023-07-20 20:25:01 - [MESSAGE][PASSED] - Call Test Case 'Test Cases/secondhand-web/Pages/User Registration/Open Registration Page' successfully

2023-07-20 20:25:01 - [TEST_STEP][PASSED] - callTestCase(findTestCase("secondhand-web/Pages/User Registration/Input Username"), ["username":unameOktaSeller], STOP_ON_FAILURE): Call Test Case 'Test Cases/secondhand-web/Pages/User Registration/Input Username' successfully

2023-07-20 20:25:01 - [MESSAGE][INFO] - Checking called Test Case

2023-07-20 20:25:01 - [MESSAGE][INFO] - Starting to call Test Case 'Test Cases/secondhand-web/Pages/User Registration/Input Username'

2023-07-20 20:25:01 - [TEST_CASE][PASSED] - Test Cases/secondhand-web/Pages/User Registration/Input Username: Test Cases/secondhand-web/Pages/User Registration/Input Username

2023-07-20 20:25:02 - [TEST_STEP][PASSED] - waitForElementVisible(findTestObject("secondhand-web/Registration/input user_name"), 3): Object 'Object Repository/secondhand-web/Registration/input user_name' is visible

2023-07-20 20:25:02 - [MESSAGE][INFO] - Finding Test Object 'Object Repository/secondhand-web/Registration/input user_name'

2023-07-20 20:25:02 - [MESSAGE][INFO] - Checking object

2023-07-20 20:25:02 - [MESSAGE][INFO] - Checking timeout

2023-07-20 20:25:02 - [MESSAGE][INFO] - Finding web element from Test Object's properties

2023-07-20 20:25:02 - [MESSAGE][INFO] - Checking timeout

2023-07-20 20:25:02 - [MESSAGE][INFO] - Finding web element with id: 'Object Repository/secondhand-web/Registration/input user_name' located by 'By.xpath: //input[@id="user_name"]' in '3' second(s)

2023-07-20 20:25:02 - [MESSAGE][INFO] - Smart Wait Function is triggered

2023-07-20 20:25:02 - [MESSAGE][INFO] - Found 1 web elements with id: 'Object Repository/secondhand-web/Registration/input user_name' located by 'By.xpath: //input[@id="user_name"]' in '3' second(s)

2023-07-20 20:25:02 - [MESSAGE][PASSED] - Object 'Object Repository/secondhand-web/Registration/input user_name' is visible

2023-07-20 20:25:02 - [TEST_STEP][PASSED] - setText(findTestObject("secondhand-web/Registration/input user_name"), username): Text 'Oktavia DPP_Seller' is set on object 'Object Repository/secondhand-web/Registration/input user_name'

2023-07-20 20:25:02 - [MESSAGE][INFO] - Finding Test Object 'Object Repository/secondhand-web/Registration/input user_name'

2023-07-20 20:25:02 - [MESSAGE][INFO] - Checking object

2023-07-20 20:25:02 - [MESSAGE][INFO] - Checking text

2023-07-20 20:25:02 - [MESSAGE][INFO] - Finding web element from Test Object's properties

2023-07-20 20:25:02 - [MESSAGE][INFO] - Checking timeout

2023-07-20 20:25:02 - [MESSAGE][INFO] - Finding web element with id: 'Object Repository/secondhand-web/Registration/input user_name' located by 'By.xpath: //input[@id="user_name"]' in '30' second(s)

2023-07-20 20:25:02 - [MESSAGE][INFO] - Smart Wait Function is triggered

2023-07-20 20:25:03 - [MESSAGE][INFO] - Found 1 web elements with id: 'Object Repository/secondhand-web/Registration/input user_name' located by 'By.xpath: //input[@id="user_name"]' in '30' second(s)

2023-07-20 20:25:03 - [MESSAGE][INFO] - Clearing text of object 'Object Repository/secondhand-web/Registration/input user_name'

2023-07-20 20:25:03 - [MESSAGE][INFO] - Finding web element from Test Object's properties

2023-07-20 20:25:03 - [MESSAGE][INFO] - Checking timeout

2023-07-20 20:25:03 - [MESSAGE][INFO] - Finding web element with id: 'Object Repository/secondhand-web/Registration/input user_name' located by 'By.xpath: //input[@id="user_name"]' in '30' second(s)

2023-07-20 20:25:03 - [MESSAGE][INFO] - Smart Wait Function is triggered

2023-07-20 20:25:03 - [MESSAGE][INFO] - Found 1 web elements with id: 'Object Repository/secondhand-web/Registration/input user_name' located by 'By.xpath: //input[@id="user_name"]' in '30' second(s)

2023-07-20 20:25:03 - [MESSAGE][INFO] - Setting text of object 'Object Repository/secondhand-web/Registration/input user_name' to value 'Oktavia DPP_Seller'

2023-07-20 20:25:03 - [MESSAGE][PASSED] - Text 'Oktavia DPP_Seller' is set on object 'Object Repository/secondhand-web/Registration/input user_name'

2023-07-20 20:25:03 - [TEST_STEP][PASSED] - takeScreenshot(): Taking screenshot successfully

2023-07-20 20:25:03 - [MESSAGE][INFO] - Smart Wait Function is triggered

2023-07-20 20:25:04 - [MESSAGE][PASSED] - Taking screenshot successfully
[[ATTACHMENT|D:\\Binar Academy\\Platinum Challenge\\SQA-Wave9-Kelompok2\\Reports\\20230720_202447\\secondhand-web\\Feature Register\\20230720_202447\\1689859504105.png]]

2023-07-20 20:25:04 - [MESSAGE][PASSED] - Call Test Case 'Test Cases/secondhand-web/Pages/User Registration/Input Username' successfully

2023-07-20 20:25:04 - [TEST_STEP][PASSED] - callTestCase(findTestCase("secondhand-web/Pages/User Registration/Input Email"), ["email":emailOktaSeller], STOP_ON_FAILURE): Call Test Case 'Test Cases/secondhand-web/Pages/User Registration/Input Email' successfully

2023-07-20 20:25:04 - [MESSAGE][INFO] - Checking called Test Case

2023-07-20 20:25:04 - [MESSAGE][INFO] - Starting to call Test Case 'Test Cases/secondhand-web/Pages/User Registration/Input Email'

2023-07-20 20:25:04 - [TEST_CASE][PASSED] - Test Cases/secondhand-web/Pages/User Registration/Input Email: Test Cases/secondhand-web/Pages/User Registration/Input Email

2023-07-20 20:25:05 - [TEST_STEP][PASSED] - waitForElementVisible(findTestObject("secondhand-web/Registration/input user_email"), 3): Object 'Object Repository/secondhand-web/Registration/input user_email' is visible

2023-07-20 20:25:05 - [MESSAGE][INFO] - Finding Test Object 'Object Repository/secondhand-web/Registration/input user_email'

2023-07-20 20:25:05 - [MESSAGE][INFO] - Checking object

2023-07-20 20:25:05 - [MESSAGE][INFO] - Checking timeout

2023-07-20 20:25:05 - [MESSAGE][INFO] - Finding web element from Test Object's properties

2023-07-20 20:25:05 - [MESSAGE][INFO] - Checking timeout

2023-07-20 20:25:05 - [MESSAGE][INFO] - Finding web element with id: 'Object Repository/secondhand-web/Registration/input user_email' located by 'By.xpath: //input[@id="user_email"]' in '3' second(s)

2023-07-20 20:25:05 - [MESSAGE][INFO] - Smart Wait Function is triggered

2023-07-20 20:25:05 - [MESSAGE][INFO] - Found 1 web elements with id: 'Object Repository/secondhand-web/Registration/input user_email' located by 'By.xpath: //input[@id="user_email"]' in '3' second(s)

2023-07-20 20:25:05 - [MESSAGE][PASSED] - Object 'Object Repository/secondhand-web/Registration/input user_email' is visible

2023-07-20 20:25:05 - [TEST_STEP][PASSED] - setText(findTestObject("secondhand-web/Registration/input user_email"), email): Text 'oktaviadpp_seller@gmail.com' is set on object 'Object Repository/secondhand-web/Registration/input user_email'

2023-07-20 20:25:05 - [MESSAGE][INFO] - Finding Test Object 'Object Repository/secondhand-web/Registration/input user_email'

2023-07-20 20:25:05 - [MESSAGE][INFO] - Checking object

2023-07-20 20:25:05 - [MESSAGE][INFO] - Checking text

2023-07-20 20:25:05 - [MESSAGE][INFO] - Finding web element from Test Object's properties

2023-07-20 20:25:05 - [MESSAGE][INFO] - Checking timeout

2023-07-20 20:25:05 - [MESSAGE][INFO] - Finding web element with id: 'Object Repository/secondhand-web/Registration/input user_email' located by 'By.xpath: //input[@id="user_email"]' in '30' second(s)

2023-07-20 20:25:05 - [MESSAGE][INFO] - Smart Wait Function is triggered

2023-07-20 20:25:06 - [MESSAGE][INFO] - Found 1 web elements with id: 'Object Repository/secondhand-web/Registration/input user_email' located by 'By.xpath: //input[@id="user_email"]' in '30' second(s)

2023-07-20 20:25:06 - [MESSAGE][INFO] - Clearing text of object 'Object Repository/secondhand-web/Registration/input user_email'

2023-07-20 20:25:06 - [MESSAGE][INFO] - Finding web element from Test Object's properties

2023-07-20 20:25:06 - [MESSAGE][INFO] - Checking timeout

2023-07-20 20:25:06 - [MESSAGE][INFO] - Finding web element with id: 'Object Repository/secondhand-web/Registration/input user_email' located by 'By.xpath: //input[@id="user_email"]' in '30' second(s)

2023-07-20 20:25:06 - [MESSAGE][INFO] - Smart Wait Function is triggered

2023-07-20 20:25:06 - [MESSAGE][INFO] - Found 1 web elements with id: 'Object Repository/secondhand-web/Registration/input user_email' located by 'By.xpath: //input[@id="user_email"]' in '30' second(s)

2023-07-20 20:25:06 - [MESSAGE][INFO] - Setting text of object 'Object Repository/secondhand-web/Registration/input user_email' to value 'oktaviadpp_seller@gmail.com'

2023-07-20 20:25:06 - [MESSAGE][PASSED] - Text 'oktaviadpp_seller@gmail.com' is set on object 'Object Repository/secondhand-web/Registration/input user_email'

2023-07-20 20:25:06 - [TEST_STEP][PASSED] - takeScreenshot(): Taking screenshot successfully

2023-07-20 20:25:06 - [MESSAGE][INFO] - Smart Wait Function is triggered

2023-07-20 20:25:07 - [MESSAGE][PASSED] - Taking screenshot successfully
[[ATTACHMENT|D:\\Binar Academy\\Platinum Challenge\\SQA-Wave9-Kelompok2\\Reports\\20230720_202447\\secondhand-web\\Feature Register\\20230720_202447\\1689859507025.png]]

2023-07-20 20:25:07 - [MESSAGE][PASSED] - Call Test Case 'Test Cases/secondhand-web/Pages/User Registration/Input Email' successfully

2023-07-20 20:25:07 - [TEST_STEP][PASSED] - callTestCase(findTestCase("secondhand-web/Pages/User Registration/Input Password"), ["password":pwdOktaSeller], STOP_ON_FAILURE): Call Test Case 'Test Cases/secondhand-web/Pages/User Registration/Input Password' successfully

2023-07-20 20:25:07 - [MESSAGE][INFO] - Checking called Test Case

2023-07-20 20:25:07 - [MESSAGE][INFO] - Starting to call Test Case 'Test Cases/secondhand-web/Pages/User Registration/Input Password'

2023-07-20 20:25:07 - [TEST_CASE][PASSED] - Test Cases/secondhand-web/Pages/User Registration/Input Password: Test Cases/secondhand-web/Pages/User Registration/Input Password

2023-07-20 20:25:08 - [TEST_STEP][PASSED] - waitForElementVisible(findTestObject("secondhand-web/Registration/input user_password"), 3): Object 'Object Repository/secondhand-web/Registration/input user_password' is visible

2023-07-20 20:25:08 - [MESSAGE][INFO] - Finding Test Object 'Object Repository/secondhand-web/Registration/input user_password'

2023-07-20 20:25:08 - [MESSAGE][INFO] - Checking object

2023-07-20 20:25:08 - [MESSAGE][INFO] - Checking timeout

2023-07-20 20:25:08 - [MESSAGE][INFO] - Finding web element from Test Object's properties

2023-07-20 20:25:08 - [MESSAGE][INFO] - Checking timeout

2023-07-20 20:25:08 - [MESSAGE][INFO] - Finding web element with id: 'Object Repository/secondhand-web/Registration/input user_password' located by 'By.xpath: //input[@id="user_password"]' in '3' second(s)

2023-07-20 20:25:08 - [MESSAGE][INFO] - Smart Wait Function is triggered

2023-07-20 20:25:08 - [MESSAGE][INFO] - Found 1 web elements with id: 'Object Repository/secondhand-web/Registration/input user_password' located by 'By.xpath: //input[@id="user_password"]' in '3' second(s)

2023-07-20 20:25:08 - [MESSAGE][PASSED] - Object 'Object Repository/secondhand-web/Registration/input user_password' is visible

2023-07-20 20:25:08 - [TEST_STEP][PASSED] - setText(findTestObject("secondhand-web/Registration/input user_password"), password): Text '123456' is set on object 'Object Repository/secondhand-web/Registration/input user_password'

2023-07-20 20:25:08 - [MESSAGE][INFO] - Finding Test Object 'Object Repository/secondhand-web/Registration/input user_password'

2023-07-20 20:25:08 - [MESSAGE][INFO] - Checking object

2023-07-20 20:25:08 - [MESSAGE][INFO] - Checking text

2023-07-20 20:25:08 - [MESSAGE][INFO] - Finding web element from Test Object's properties

2023-07-20 20:25:08 - [MESSAGE][INFO] - Checking timeout

2023-07-20 20:25:08 - [MESSAGE][INFO] - Finding web element with id: 'Object Repository/secondhand-web/Registration/input user_password' located by 'By.xpath: //input[@id="user_password"]' in '30' second(s)

2023-07-20 20:25:08 - [MESSAGE][INFO] - Smart Wait Function is triggered

2023-07-20 20:25:09 - [MESSAGE][INFO] - Found 1 web elements with id: 'Object Repository/secondhand-web/Registration/input user_password' located by 'By.xpath: //input[@id="user_password"]' in '30' second(s)

2023-07-20 20:25:09 - [MESSAGE][INFO] - Clearing text of object 'Object Repository/secondhand-web/Registration/input user_password'

2023-07-20 20:25:09 - [MESSAGE][INFO] - Finding web element from Test Object's properties

2023-07-20 20:25:09 - [MESSAGE][INFO] - Checking timeout

2023-07-20 20:25:09 - [MESSAGE][INFO] - Finding web element with id: 'Object Repository/secondhand-web/Registration/input user_password' located by 'By.xpath: //input[@id="user_password"]' in '30' second(s)

2023-07-20 20:25:09 - [MESSAGE][INFO] - Smart Wait Function is triggered

2023-07-20 20:25:09 - [MESSAGE][INFO] - Found 1 web elements with id: 'Object Repository/secondhand-web/Registration/input user_password' located by 'By.xpath: //input[@id="user_password"]' in '30' second(s)

2023-07-20 20:25:09 - [MESSAGE][INFO] - Setting text of object 'Object Repository/secondhand-web/Registration/input user_password' to value '123456'

2023-07-20 20:25:09 - [MESSAGE][PASSED] - Text '123456' is set on object 'Object Repository/secondhand-web/Registration/input user_password'

2023-07-20 20:25:09 - [TEST_STEP][PASSED] - takeScreenshot(): Taking screenshot successfully

2023-07-20 20:25:09 - [MESSAGE][INFO] - Smart Wait Function is triggered

2023-07-20 20:25:10 - [MESSAGE][PASSED] - Taking screenshot successfully
[[ATTACHMENT|D:\\Binar Academy\\Platinum Challenge\\SQA-Wave9-Kelompok2\\Reports\\20230720_202447\\secondhand-web\\Feature Register\\20230720_202447\\1689859509777.png]]

2023-07-20 20:25:10 - [MESSAGE][PASSED] - Call Test Case 'Test Cases/secondhand-web/Pages/User Registration/Input Password' successfully

2023-07-20 20:25:10 - [TEST_STEP][PASSED] - callTestCase(findTestCase("secondhand-web/Pages/User Registration/Click button Daftar"), [:], STOP_ON_FAILURE): Call Test Case 'Test Cases/secondhand-web/Pages/User Registration/Click button Daftar' successfully

2023-07-20 20:25:10 - [MESSAGE][INFO] - Checking called Test Case

2023-07-20 20:25:10 - [MESSAGE][INFO] - Starting to call Test Case 'Test Cases/secondhand-web/Pages/User Registration/Click button Daftar'

2023-07-20 20:25:10 - [TEST_CASE][PASSED] - Test Cases/secondhand-web/Pages/User Registration/Click button Daftar: Test Cases/secondhand-web/Pages/User Registration/Click button Daftar

2023-07-20 20:25:10 - [TEST_STEP][PASSED] - verifyElementVisible(findTestObject("secondhand-web/Registration/button daftar in register page")): Object 'Object Repository/secondhand-web/Registration/button daftar in register page' is visible

2023-07-20 20:25:10 - [MESSAGE][INFO] - Finding Test Object 'Object Repository/secondhand-web/Registration/button daftar in register page'

2023-07-20 20:25:11 - [MESSAGE][INFO] - Checking object

2023-07-20 20:25:11 - [MESSAGE][INFO] - Finding web element from Test Object's properties

2023-07-20 20:25:11 - [MESSAGE][INFO] - Checking timeout

2023-07-20 20:25:11 - [MESSAGE][INFO] - Finding web element with id: 'Object Repository/secondhand-web/Registration/button daftar in register page' located by 'By.xpath: //input[@name="commit"]' in '30' second(s)

2023-07-20 20:25:11 - [MESSAGE][INFO] - Smart Wait Function is triggered

2023-07-20 20:25:11 - [MESSAGE][INFO] - Found 1 web elements with id: 'Object Repository/secondhand-web/Registration/button daftar in register page' located by 'By.xpath: //input[@name="commit"]' in '30' second(s)

2023-07-20 20:25:11 - [MESSAGE][PASSED] - Object 'Object Repository/secondhand-web/Registration/button daftar in register page' is visible

2023-07-20 20:25:11 - [TEST_STEP][PASSED] - click(findTestObject("secondhand-web/Registration/button daftar in register page")): Object: 'Object Repository/secondhand-web/Registration/button daftar in register page' is clicked on

2023-07-20 20:25:11 - [MESSAGE][INFO] - Finding Test Object 'Object Repository/secondhand-web/Registration/button daftar in register page'

2023-07-20 20:25:11 - [MESSAGE][INFO] - Checking object

2023-07-20 20:25:11 - [MESSAGE][INFO] - Checking timeout

2023-07-20 20:25:11 - [MESSAGE][INFO] - Finding web element from Test Object's properties

2023-07-20 20:25:11 - [MESSAGE][INFO] - Checking timeout

2023-07-20 20:25:11 - [MESSAGE][INFO] - Finding web element with id: 'Object Repository/secondhand-web/Registration/button daftar in register page' located by 'By.xpath: //input[@name="commit"]' in '30' second(s)

2023-07-20 20:25:11 - [MESSAGE][INFO] - Smart Wait Function is triggered

2023-07-20 20:25:11 - [MESSAGE][INFO] - Found 1 web elements with id: 'Object Repository/secondhand-web/Registration/button daftar in register page' located by 'By.xpath: //input[@name="commit"]' in '30' second(s)

2023-07-20 20:25:11 - [MESSAGE][INFO] - Clicking on object: 'Object Repository/secondhand-web/Registration/button daftar in register page'

2023-07-20 20:25:11 - [MESSAGE][PASSED] - Object: 'Object Repository/secondhand-web/Registration/button daftar in register page' is clicked on

2023-07-20 20:25:11 - [MESSAGE][PASSED] - Call Test Case 'Test Cases/secondhand-web/Pages/User Registration/Click button Daftar' successfully

2023-07-20 20:25:11 - [TEST_STEP][PASSED] - callTestCase(findTestCase("secondhand-web/Common/Close Web"), [:], STOP_ON_FAILURE): Call Test Case 'Test Cases/secondhand-web/Common/Close Web' successfully

2023-07-20 20:25:11 - [MESSAGE][INFO] - Checking called Test Case

2023-07-20 20:25:11 - [MESSAGE][INFO] - Starting to call Test Case 'Test Cases/secondhand-web/Common/Close Web'

2023-07-20 20:25:11 - [TEST_CASE][PASSED] - Test Cases/secondhand-web/Common/Close Web: Test Cases/secondhand-web/Common/Close Web

2023-07-20 20:25:12 - [TEST_STEP][PASSED] - closeBrowser(): Browser is closed

2023-07-20 20:25:12 - [MESSAGE][INFO] - Closing browser

2023-07-20 20:25:13 - [MESSAGE][PASSED] - Browser is closed

2023-07-20 20:25:13 - [MESSAGE][PASSED] - Call Test Case 'Test Cases/secondhand-web/Common/Close Web' successfully]]></system-out>
         <system-err><![CDATA[]]></system-err>
      </testcase>
      <testcase name="Test Cases/secondhand-web/Step Definition/Feature Registration/REG002 - user should not be able to register using invalid email or special character" time="20.639" classname="Test Cases/secondhand-web/Step Definition/Feature Registration/REG002 - user should not be able to register using invalid email or special character" status="FAILED">
         <failure type="FAILED" message="Test Cases/secondhand-web/Step Definition/Feature Registration/REG002 - user should not be able to register using invalid email or special character FAILED.
Reason:
com.kms.katalon.core.exception.StepFailedException: Call Test Case 'Test Cases/secondhand-web/Pages/User Registration/Read Error Messages' failed
	at com.kms.katalon.core.keyword.builtin.CallTestCaseKeyword$_callTestCase_closure1.doCall(CallTestCaseKeyword.groovy:63)
	at com.kms.katalon.core.keyword.builtin.CallTestCaseKeyword$_callTestCase_closure1.call(CallTestCaseKeyword.groovy)
	at com.kms.katalon.core.keyword.internal.KeywordMain.runKeyword(KeywordMain.groovy:75)
	at com.kms.katalon.core.keyword.builtin.CallTestCaseKeyword.callTestCase(CallTestCaseKeyword.groovy:81)
	at com.kms.katalon.core.keyword.builtin.CallTestCaseKeyword.execute(CallTestCaseKeyword.groovy:44)
	at com.kms.katalon.core.keyword.internal.KeywordExecutor.executeKeywordForPlatform(KeywordExecutor.groovy:74)
	at com.kms.katalon.core.keyword.BuiltinKeywords.callTestCase(BuiltinKeywords.groovy:310)
	at REG002 - user should not be able to register using invalid email or special character.run(REG002 - user should not be able to register using invalid email or special character:37)
	at com.kms.katalon.core.main.ScriptEngine.run(ScriptEngine.java:194)
	at com.kms.katalon.core.main.ScriptEngine.runScriptAsRawText(ScriptEngine.java:119)
	at com.kms.katalon.core.main.TestCaseExecutor.runScript(TestCaseExecutor.java:448)
	at com.kms.katalon.core.main.TestCaseExecutor.doExecute(TestCaseExecutor.java:439)
	at com.kms.katalon.core.main.TestCaseExecutor.processExecutionPhase(TestCaseExecutor.java:418)
	at com.kms.katalon.core.main.TestCaseExecutor.accessMainPhase(TestCaseExecutor.java:410)
	at com.kms.katalon.core.main.TestCaseExecutor.execute(TestCaseExecutor.java:285)
	at com.kms.katalon.core.main.TestCaseExecutor.execute(TestCaseExecutor.java:369)
	at com.kms.katalon.core.main.TestCaseExecutor.execute(TestCaseExecutor.java:369)
	at com.kms.katalon.core.main.TestCaseExecutor.execute(TestCaseExecutor.java:369)
	at com.kms.katalon.core.common.CommonExecutor.accessTestCaseMainPhase(CommonExecutor.java:65)
	at com.kms.katalon.core.main.TestSuiteExecutor.accessTestSuiteMainPhase(TestSuiteExecutor.java:148)
	at com.kms.katalon.core.main.TestSuiteExecutor.execute(TestSuiteExecutor.java:106)
	at com.kms.katalon.core.main.TestCaseMain.startTestSuite(TestCaseMain.java:187)
	at com.kms.katalon.core.main.TestCaseMain$startTestSuite$0.call(Unknown Source)
	at TempTestSuite1689859487170.run(TempTestSuite1689859487170.groovy:36)
Caused by: com.kms.katalon.core.exception.StepFailedException: Unable to verify object 'Object Repository/secondhand-web/Registration/label error message' is present
	at com.kms.katalon.core.webui.keyword.internal.WebUIKeywordMain.stepFailed(WebUIKeywordMain.groovy:64)
	at com.kms.katalon.core.webui.keyword.internal.WebUIKeywordMain.runKeyword(WebUIKeywordMain.groovy:26)
	at com.kms.katalon.core.webui.keyword.builtin.VerifyElementPresentKeyword.verifyElementPresent(VerifyElementPresentKeyword.groovy:92)
	at com.kms.katalon.core.webui.keyword.builtin.VerifyElementPresentKeyword.execute(VerifyElementPresentKeyword.groovy:68)
	at com.kms.katalon.core.keyword.internal.KeywordExecutor.executeKeywordForPlatform(KeywordExecutor.groovy:74)
	at com.kms.katalon.core.webui.keyword.WebUiBuiltInKeywords.verifyElementPresent(WebUiBuiltInKeywords.groovy:1464)
	at com.kms.katalon.core.webui.keyword.WebUiBuiltInKeywords$verifyElementPresent$8.call(Unknown Source)
	at Read Error Messages.run(Read Error Messages:21)
	at com.kms.katalon.core.main.ScriptEngine.run(ScriptEngine.java:194)
	at com.kms.katalon.core.main.ScriptEngine.runScriptAsRawText(ScriptEngine.java:119)
	at com.kms.katalon.core.main.TestCaseExecutor.runScript(TestCaseExecutor.java:448)
	at com.kms.katalon.core.main.TestCaseExecutor.doExecute(TestCaseExecutor.java:439)
	at com.kms.katalon.core.main.TestCaseExecutor.processExecutionPhase(TestCaseExecutor.java:418)
	at com.kms.katalon.core.main.TestCaseExecutor.accessMainPhase(TestCaseExecutor.java:410)
	at com.kms.katalon.core.main.TestCaseExecutor.execute(TestCaseExecutor.java:285)
	at com.kms.katalon.core.main.TestCaseMain.runTestCase(TestCaseMain.java:144)
	at com.kms.katalon.core.keyword.builtin.CallTestCaseKeyword$_callTestCase_closure1.doCall(CallTestCaseKeyword.groovy:59)
	... 23 more
Caused by: com.kms.katalon.core.exception.StepFailedException: com.kms.katalon.core.webui.exception.WebElementNotFoundException: Web element with id: 'Object Repository/secondhand-web/Registration/label error message' located by '//div[@id='login_button_container']/div/form/div[3]/h3' not found
	at com.kms.katalon.core.webui.keyword.internal.WebUIKeywordMain.stepFailed(WebUIKeywordMain.groovy:64)
	at com.kms.katalon.core.webui.keyword.builtin.VerifyElementPresentKeyword$_verifyElementPresent_closure1.doCall(VerifyElementPresentKeyword.groovy:85)
	at com.kms.katalon.core.webui.keyword.builtin.VerifyElementPresentKeyword$_verifyElementPresent_closure1.call(VerifyElementPresentKeyword.groovy)
	at com.kms.katalon.core.webui.keyword.internal.WebUIKeywordMain.runKeyword(WebUIKeywordMain.groovy:20)
	... 38 more
"/>
         <system-out><![CDATA[2023-07-20 20:26:15 - [TEST_CASE][FAILED] - Test Cases/secondhand-web/Step Definition/Feature Registration/REG002 - user should not be able to register using invalid email or special character: Test Cases/secondhand-web/Step Definition/Feature Registration/REG002 - user should not be able to register using invalid email or special character FAILED.
Reason:
com.kms.katalon.core.exception.StepFailedException: Call Test Case 'Test Cases/secondhand-web/Pages/User Registration/Read Error Messages' failed
	at com.kms.katalon.core.keyword.builtin.CallTestCaseKeyword$_callTestCase_closure1.doCall(CallTestCaseKeyword.groovy:63)
	at com.kms.katalon.core.keyword.builtin.CallTestCaseKeyword$_callTestCase_closure1.call(CallTestCaseKeyword.groovy)
	at com.kms.katalon.core.keyword.internal.KeywordMain.runKeyword(KeywordMain.groovy:75)
	at com.kms.katalon.core.keyword.builtin.CallTestCaseKeyword.callTestCase(CallTestCaseKeyword.groovy:81)
	at com.kms.katalon.core.keyword.builtin.CallTestCaseKeyword.execute(CallTestCaseKeyword.groovy:44)
	at com.kms.katalon.core.keyword.internal.KeywordExecutor.executeKeywordForPlatform(KeywordExecutor.groovy:74)
	at com.kms.katalon.core.keyword.BuiltinKeywords.callTestCase(BuiltinKeywords.groovy:310)
	at REG002 - user should not be able to register using invalid email or special character.run(REG002 - user should not be able to register using invalid email or special character:37)
	at com.kms.katalon.core.main.ScriptEngine.run(ScriptEngine.java:194)
	at com.kms.katalon.core.main.ScriptEngine.runScriptAsRawText(ScriptEngine.java:119)
	at com.kms.katalon.core.main.TestCaseExecutor.runScript(TestCaseExecutor.java:448)
	at com.kms.katalon.core.main.TestCaseExecutor.doExecute(TestCaseExecutor.java:439)
	at com.kms.katalon.core.main.TestCaseExecutor.processExecutionPhase(TestCaseExecutor.java:418)
	at com.kms.katalon.core.main.TestCaseExecutor.accessMainPhase(TestCaseExecutor.java:410)
	at com.kms.katalon.core.main.TestCaseExecutor.execute(TestCaseExecutor.java:285)
	at com.kms.katalon.core.main.TestCaseExecutor.execute(TestCaseExecutor.java:369)
	at com.kms.katalon.core.main.TestCaseExecutor.execute(TestCaseExecutor.java:369)
	at com.kms.katalon.core.main.TestCaseExecutor.execute(TestCaseExecutor.java:369)
	at com.kms.katalon.core.common.CommonExecutor.accessTestCaseMainPhase(CommonExecutor.java:65)
	at com.kms.katalon.core.main.TestSuiteExecutor.accessTestSuiteMainPhase(TestSuiteExecutor.java:148)
	at com.kms.katalon.core.main.TestSuiteExecutor.execute(TestSuiteExecutor.java:106)
	at com.kms.katalon.core.main.TestCaseMain.startTestSuite(TestCaseMain.java:187)
	at com.kms.katalon.core.main.TestCaseMain$startTestSuite$0.call(Unknown Source)
	at TempTestSuite1689859487170.run(TempTestSuite1689859487170.groovy:36)
Caused by: com.kms.katalon.core.exception.StepFailedException: Unable to verify object 'Object Repository/secondhand-web/Registration/label error message' is present
	at com.kms.katalon.core.webui.keyword.internal.WebUIKeywordMain.stepFailed(WebUIKeywordMain.groovy:64)
	at com.kms.katalon.core.webui.keyword.internal.WebUIKeywordMain.runKeyword(WebUIKeywordMain.groovy:26)
	at com.kms.katalon.core.webui.keyword.builtin.VerifyElementPresentKeyword.verifyElementPresent(VerifyElementPresentKeyword.groovy:92)
	at com.kms.katalon.core.webui.keyword.builtin.VerifyElementPresentKeyword.execute(VerifyElementPresentKeyword.groovy:68)
	at com.kms.katalon.core.keyword.internal.KeywordExecutor.executeKeywordForPlatform(KeywordExecutor.groovy:74)
	at com.kms.katalon.core.webui.keyword.WebUiBuiltInKeywords.verifyElementPresent(WebUiBuiltInKeywords.groovy:1464)
	at com.kms.katalon.core.webui.keyword.WebUiBuiltInKeywords$verifyElementPresent$8.call(Unknown Source)
	at Read Error Messages.run(Read Error Messages:21)
	at com.kms.katalon.core.main.ScriptEngine.run(ScriptEngine.java:194)
	at com.kms.katalon.core.main.ScriptEngine.runScriptAsRawText(ScriptEngine.java:119)
	at com.kms.katalon.core.main.TestCaseExecutor.runScript(TestCaseExecutor.java:448)
	at com.kms.katalon.core.main.TestCaseExecutor.doExecute(TestCaseExecutor.java:439)
	at com.kms.katalon.core.main.TestCaseExecutor.processExecutionPhase(TestCaseExecutor.java:418)
	at com.kms.katalon.core.main.TestCaseExecutor.accessMainPhase(TestCaseExecutor.java:410)
	at com.kms.katalon.core.main.TestCaseExecutor.execute(TestCaseExecutor.java:285)
	at com.kms.katalon.core.main.TestCaseMain.runTestCase(TestCaseMain.java:144)
	at com.kms.katalon.core.keyword.builtin.CallTestCaseKeyword$_callTestCase_closure1.doCall(CallTestCaseKeyword.groovy:59)
	... 23 more
Caused by: com.kms.katalon.core.exception.StepFailedException: com.kms.katalon.core.webui.exception.WebElementNotFoundException: Web element with id: 'Object Repository/secondhand-web/Registration/label error message' located by '//div[@id='login_button_container']/div/form/div[3]/h3' not found
	at com.kms.katalon.core.webui.keyword.internal.WebUIKeywordMain.stepFailed(WebUIKeywordMain.groovy:64)
	at com.kms.katalon.core.webui.keyword.builtin.VerifyElementPresentKeyword$_verifyElementPresent_closure1.doCall(VerifyElementPresentKeyword.groovy:85)
	at com.kms.katalon.core.webui.keyword.builtin.VerifyElementPresentKeyword$_verifyElementPresent_closure1.call(VerifyElementPresentKeyword.groovy)
	at com.kms.katalon.core.webui.keyword.internal.WebUIKeywordMain.runKeyword(WebUIKeywordMain.groovy:20)
	... 38 more


2023-07-20 20:26:15 - [TEST_STEP][PASSED] - callTestCase(findTestCase("secondhand-web/Common/Launch Web"), [:], STOP_ON_FAILURE): Call Test Case 'Test Cases/secondhand-web/Common/Launch Web' successfully

2023-07-20 20:26:15 - [MESSAGE][INFO] - Checking called Test Case

2023-07-20 20:26:15 - [MESSAGE][INFO] - Starting to call Test Case 'Test Cases/secondhand-web/Common/Launch Web'

2023-07-20 20:26:15 - [TEST_CASE][PASSED] - Test Cases/secondhand-web/Common/Launch Web: Test Cases/secondhand-web/Common/Launch Web

2023-07-20 20:26:15 - [TEST_STEP][PASSED] - openBrowser(""): Browser is opened with url: ''

2023-07-20 20:26:15 - [MESSAGE][INFO] - Opening browser

2023-07-20 20:26:15 - [MESSAGE][WARNING] - A browser is already opened. Closing browser and opening a new one

2023-07-20 20:26:17 - [MESSAGE][INFO] - Starting 'Chrome' driver

2023-07-20 20:26:17 - [MESSAGE][INFO] - Action delay is set to 0 milliseconds

2023-07-20 20:26:18 - [MESSAGE][PASSED] - Browser is opened with url: ''

2023-07-20 20:26:18 - [TEST_STEP][PASSED] - maximizeWindow(): Current window maximized

2023-07-20 20:26:18 - [MESSAGE][INFO] - Maximizing current window

2023-07-20 20:26:18 - [MESSAGE][PASSED] - Current window maximized

2023-07-20 20:26:18 - [MESSAGE][PASSED] - Call Test Case 'Test Cases/secondhand-web/Common/Launch Web' successfully

2023-07-20 20:26:18 - [TEST_STEP][PASSED] - callTestCase(findTestCase("secondhand-web/Common/Navigate To Web"), [:], STOP_ON_FAILURE): Call Test Case 'Test Cases/secondhand-web/Common/Navigate To Web' successfully

2023-07-20 20:26:18 - [MESSAGE][INFO] - Checking called Test Case

2023-07-20 20:26:18 - [MESSAGE][INFO] - Starting to call Test Case 'Test Cases/secondhand-web/Common/Navigate To Web'

2023-07-20 20:26:18 - [TEST_CASE][PASSED] - Test Cases/secondhand-web/Common/Navigate To Web: Test Cases/secondhand-web/Common/Navigate To Web

2023-07-20 20:26:18 - [TEST_STEP][PASSED] - navigateToUrl(baseUrl): Navigate to 'https://secondhand.binaracademy.org/' successfully

2023-07-20 20:26:18 - [MESSAGE][INFO] - Checking url

2023-07-20 20:26:18 - [MESSAGE][INFO] - Navigating to 'https://secondhand.binaracademy.org/'

2023-07-20 20:26:21 - [MESSAGE][PASSED] - Navigate to 'https://secondhand.binaracademy.org/' successfully

2023-07-20 20:26:21 - [MESSAGE][PASSED] - Call Test Case 'Test Cases/secondhand-web/Common/Navigate To Web' successfully

2023-07-20 20:26:21 - [TEST_STEP][PASSED] - callTestCase(findTestCase("secondhand-web/Pages/User Registration/Open Registration Page"), [:], STOP_ON_FAILURE): Call Test Case 'Test Cases/secondhand-web/Pages/User Registration/Open Registration Page' successfully

2023-07-20 20:26:21 - [MESSAGE][INFO] - Checking called Test Case

2023-07-20 20:26:21 - [MESSAGE][INFO] - Starting to call Test Case 'Test Cases/secondhand-web/Pages/User Registration/Open Registration Page'

2023-07-20 20:26:21 - [TEST_CASE][PASSED] - Test Cases/secondhand-web/Pages/User Registration/Open Registration Page: Test Cases/secondhand-web/Pages/User Registration/Open Registration Page

2023-07-20 20:26:21 - [TEST_STEP][PASSED] - verifyElementVisible(findTestObject("secondhand-web/Registration/buttonMasuk in landing page")): Object 'Object Repository/secondhand-web/Registration/buttonMasuk in landing page' is visible

2023-07-20 20:26:21 - [MESSAGE][INFO] - Finding Test Object 'Object Repository/secondhand-web/Registration/buttonMasuk in landing page'

2023-07-20 20:26:21 - [MESSAGE][INFO] - Checking object

2023-07-20 20:26:21 - [MESSAGE][INFO] - Finding web element from Test Object's properties

2023-07-20 20:26:21 - [MESSAGE][INFO] - Checking timeout

2023-07-20 20:26:21 - [MESSAGE][INFO] - Finding web element with id: 'Object Repository/secondhand-web/Registration/buttonMasuk in landing page' located by 'By.xpath: //a[@class="btn btn-primary"]' in '30' second(s)

2023-07-20 20:26:21 - [MESSAGE][INFO] - Smart Wait Function is triggered

2023-07-20 20:26:21 - [MESSAGE][INFO] - Found 1 web elements with id: 'Object Repository/secondhand-web/Registration/buttonMasuk in landing page' located by 'By.xpath: //a[@class="btn btn-primary"]' in '30' second(s)

2023-07-20 20:26:21 - [MESSAGE][PASSED] - Object 'Object Repository/secondhand-web/Registration/buttonMasuk in landing page' is visible

2023-07-20 20:26:21 - [TEST_STEP][PASSED] - click(findTestObject("secondhand-web/Registration/buttonMasuk in landing page")): Object: 'Object Repository/secondhand-web/Registration/buttonMasuk in landing page' is clicked on

2023-07-20 20:26:21 - [MESSAGE][INFO] - Finding Test Object 'Object Repository/secondhand-web/Registration/buttonMasuk in landing page'

2023-07-20 20:26:22 - [MESSAGE][INFO] - Checking object

2023-07-20 20:26:22 - [MESSAGE][INFO] - Checking timeout

2023-07-20 20:26:22 - [MESSAGE][INFO] - Finding web element from Test Object's properties

2023-07-20 20:26:22 - [MESSAGE][INFO] - Checking timeout

2023-07-20 20:26:22 - [MESSAGE][INFO] - Finding web element with id: 'Object Repository/secondhand-web/Registration/buttonMasuk in landing page' located by 'By.xpath: //a[@class="btn btn-primary"]' in '30' second(s)

2023-07-20 20:26:22 - [MESSAGE][INFO] - Smart Wait Function is triggered

2023-07-20 20:26:22 - [MESSAGE][INFO] - Found 1 web elements with id: 'Object Repository/secondhand-web/Registration/buttonMasuk in landing page' located by 'By.xpath: //a[@class="btn btn-primary"]' in '30' second(s)

2023-07-20 20:26:22 - [MESSAGE][INFO] - Clicking on object: 'Object Repository/secondhand-web/Registration/buttonMasuk in landing page'

2023-07-20 20:26:22 - [MESSAGE][PASSED] - Object: 'Object Repository/secondhand-web/Registration/buttonMasuk in landing page' is clicked on

2023-07-20 20:26:22 - [TEST_STEP][PASSED] - click(findTestObject("secondhand-web/Registration/buttonDaftarDisini in login page")): Object: 'Object Repository/secondhand-web/Registration/buttonDaftarDisini in login page' is clicked on

2023-07-20 20:26:22 - [MESSAGE][INFO] - Finding Test Object 'Object Repository/secondhand-web/Registration/buttonDaftarDisini in login page'

2023-07-20 20:26:22 - [MESSAGE][INFO] - Checking object

2023-07-20 20:26:22 - [MESSAGE][INFO] - Checking timeout

2023-07-20 20:26:22 - [MESSAGE][INFO] - Finding web element from Test Object's properties

2023-07-20 20:26:22 - [MESSAGE][INFO] - Checking timeout

2023-07-20 20:26:22 - [MESSAGE][INFO] - Finding web element with id: 'Object Repository/secondhand-web/Registration/buttonDaftarDisini in login page' located by 'By.xpath: //a[@class="fw-bold"]' in '30' second(s)

2023-07-20 20:26:22 - [MESSAGE][INFO] - Smart Wait Function is triggered

2023-07-20 20:26:23 - [MESSAGE][INFO] - Found 1 web elements with id: 'Object Repository/secondhand-web/Registration/buttonDaftarDisini in login page' located by 'By.xpath: //a[@class="fw-bold"]' in '30' second(s)

2023-07-20 20:26:23 - [MESSAGE][INFO] - Clicking on object: 'Object Repository/secondhand-web/Registration/buttonDaftarDisini in login page'

2023-07-20 20:26:23 - [MESSAGE][PASSED] - Object: 'Object Repository/secondhand-web/Registration/buttonDaftarDisini in login page' is clicked on

2023-07-20 20:26:23 - [MESSAGE][PASSED] - Call Test Case 'Test Cases/secondhand-web/Pages/User Registration/Open Registration Page' successfully

2023-07-20 20:26:23 - [TEST_STEP][PASSED] - callTestCase(findTestCase("secondhand-web/Pages/User Registration/Input Username"), ["username":unameOktaSeller], STOP_ON_FAILURE): Call Test Case 'Test Cases/secondhand-web/Pages/User Registration/Input Username' successfully

2023-07-20 20:26:23 - [MESSAGE][INFO] - Checking called Test Case

2023-07-20 20:26:23 - [MESSAGE][INFO] - Starting to call Test Case 'Test Cases/secondhand-web/Pages/User Registration/Input Username'

2023-07-20 20:26:23 - [TEST_CASE][PASSED] - Test Cases/secondhand-web/Pages/User Registration/Input Username: Test Cases/secondhand-web/Pages/User Registration/Input Username

2023-07-20 20:26:23 - [TEST_STEP][PASSED] - waitForElementVisible(findTestObject("secondhand-web/Registration/input user_name"), 3): Object 'Object Repository/secondhand-web/Registration/input user_name' is visible

2023-07-20 20:26:23 - [MESSAGE][INFO] - Finding Test Object 'Object Repository/secondhand-web/Registration/input user_name'

2023-07-20 20:26:23 - [MESSAGE][INFO] - Checking object

2023-07-20 20:26:23 - [MESSAGE][INFO] - Checking timeout

2023-07-20 20:26:23 - [MESSAGE][INFO] - Finding web element from Test Object's properties

2023-07-20 20:26:23 - [MESSAGE][INFO] - Checking timeout

2023-07-20 20:26:23 - [MESSAGE][INFO] - Finding web element with id: 'Object Repository/secondhand-web/Registration/input user_name' located by 'By.xpath: //input[@id="user_name"]' in '3' second(s)

2023-07-20 20:26:23 - [MESSAGE][INFO] - Smart Wait Function is triggered

2023-07-20 20:26:23 - [MESSAGE][INFO] - Found 1 web elements with id: 'Object Repository/secondhand-web/Registration/input user_name' located by 'By.xpath: //input[@id="user_name"]' in '3' second(s)

2023-07-20 20:26:23 - [MESSAGE][PASSED] - Object 'Object Repository/secondhand-web/Registration/input user_name' is visible

2023-07-20 20:26:23 - [TEST_STEP][PASSED] - setText(findTestObject("secondhand-web/Registration/input user_name"), username): Text 'Oktavia DPP_Seller' is set on object 'Object Repository/secondhand-web/Registration/input user_name'

2023-07-20 20:26:23 - [MESSAGE][INFO] - Finding Test Object 'Object Repository/secondhand-web/Registration/input user_name'

2023-07-20 20:26:23 - [MESSAGE][INFO] - Checking object

2023-07-20 20:26:23 - [MESSAGE][INFO] - Checking text

2023-07-20 20:26:23 - [MESSAGE][INFO] - Finding web element from Test Object's properties

2023-07-20 20:26:23 - [MESSAGE][INFO] - Checking timeout

2023-07-20 20:26:23 - [MESSAGE][INFO] - Finding web element with id: 'Object Repository/secondhand-web/Registration/input user_name' located by 'By.xpath: //input[@id="user_name"]' in '30' second(s)

2023-07-20 20:26:23 - [MESSAGE][INFO] - Smart Wait Function is triggered

2023-07-20 20:26:24 - [MESSAGE][INFO] - Found 1 web elements with id: 'Object Repository/secondhand-web/Registration/input user_name' located by 'By.xpath: //input[@id="user_name"]' in '30' second(s)

2023-07-20 20:26:24 - [MESSAGE][INFO] - Clearing text of object 'Object Repository/secondhand-web/Registration/input user_name'

2023-07-20 20:26:24 - [MESSAGE][INFO] - Finding web element from Test Object's properties

2023-07-20 20:26:24 - [MESSAGE][INFO] - Checking timeout

2023-07-20 20:26:24 - [MESSAGE][INFO] - Finding web element with id: 'Object Repository/secondhand-web/Registration/input user_name' located by 'By.xpath: //input[@id="user_name"]' in '30' second(s)

2023-07-20 20:26:24 - [MESSAGE][INFO] - Smart Wait Function is triggered

2023-07-20 20:26:24 - [MESSAGE][INFO] - Found 1 web elements with id: 'Object Repository/secondhand-web/Registration/input user_name' located by 'By.xpath: //input[@id="user_name"]' in '30' second(s)

2023-07-20 20:26:24 - [MESSAGE][INFO] - Setting text of object 'Object Repository/secondhand-web/Registration/input user_name' to value 'Oktavia DPP_Seller'

2023-07-20 20:26:24 - [MESSAGE][PASSED] - Text 'Oktavia DPP_Seller' is set on object 'Object Repository/secondhand-web/Registration/input user_name'

2023-07-20 20:26:24 - [TEST_STEP][PASSED] - takeScreenshot(): Taking screenshot successfully

2023-07-20 20:26:24 - [MESSAGE][INFO] - Smart Wait Function is triggered

2023-07-20 20:26:25 - [MESSAGE][PASSED] - Taking screenshot successfully
[[ATTACHMENT|D:\\Binar Academy\\Platinum Challenge\\SQA-Wave9-Kelompok2\\Reports\\20230720_202447\\secondhand-web\\Feature Register\\20230720_202447\\1689859584847.png]]

2023-07-20 20:26:25 - [MESSAGE][PASSED] - Call Test Case 'Test Cases/secondhand-web/Pages/User Registration/Input Username' successfully

2023-07-20 20:26:25 - [TEST_STEP][PASSED] - callTestCase(findTestCase("secondhand-web/Pages/User Registration/Input Email"), ["email":invalidEmail], STOP_ON_FAILURE): Call Test Case 'Test Cases/secondhand-web/Pages/User Registration/Input Email' successfully

2023-07-20 20:26:25 - [MESSAGE][INFO] - Checking called Test Case

2023-07-20 20:26:25 - [MESSAGE][INFO] - Starting to call Test Case 'Test Cases/secondhand-web/Pages/User Registration/Input Email'

2023-07-20 20:26:25 - [TEST_CASE][PASSED] - Test Cases/secondhand-web/Pages/User Registration/Input Email: Test Cases/secondhand-web/Pages/User Registration/Input Email

2023-07-20 20:26:25 - [TEST_STEP][PASSED] - waitForElementVisible(findTestObject("secondhand-web/Registration/input user_email"), 3): Object 'Object Repository/secondhand-web/Registration/input user_email' is visible

2023-07-20 20:26:25 - [MESSAGE][INFO] - Finding Test Object 'Object Repository/secondhand-web/Registration/input user_email'

2023-07-20 20:26:25 - [MESSAGE][INFO] - Checking object

2023-07-20 20:26:25 - [MESSAGE][INFO] - Checking timeout

2023-07-20 20:26:25 - [MESSAGE][INFO] - Finding web element from Test Object's properties

2023-07-20 20:26:25 - [MESSAGE][INFO] - Checking timeout

2023-07-20 20:26:25 - [MESSAGE][INFO] - Finding web element with id: 'Object Repository/secondhand-web/Registration/input user_email' located by 'By.xpath: //input[@id="user_email"]' in '3' second(s)

2023-07-20 20:26:25 - [MESSAGE][INFO] - Smart Wait Function is triggered

2023-07-20 20:26:25 - [MESSAGE][INFO] - Found 1 web elements with id: 'Object Repository/secondhand-web/Registration/input user_email' located by 'By.xpath: //input[@id="user_email"]' in '3' second(s)

2023-07-20 20:26:26 - [MESSAGE][PASSED] - Object 'Object Repository/secondhand-web/Registration/input user_email' is visible

2023-07-20 20:26:26 - [TEST_STEP][PASSED] - setText(findTestObject("secondhand-web/Registration/input user_email"), email): Text '$oktaviadpp_seller@gmail.com' is set on object 'Object Repository/secondhand-web/Registration/input user_email'

2023-07-20 20:26:26 - [MESSAGE][INFO] - Finding Test Object 'Object Repository/secondhand-web/Registration/input user_email'

2023-07-20 20:26:26 - [MESSAGE][INFO] - Checking object

2023-07-20 20:26:26 - [MESSAGE][INFO] - Checking text

2023-07-20 20:26:26 - [MESSAGE][INFO] - Finding web element from Test Object's properties

2023-07-20 20:26:26 - [MESSAGE][INFO] - Checking timeout

2023-07-20 20:26:26 - [MESSAGE][INFO] - Finding web element with id: 'Object Repository/secondhand-web/Registration/input user_email' located by 'By.xpath: //input[@id="user_email"]' in '30' second(s)

2023-07-20 20:26:26 - [MESSAGE][INFO] - Smart Wait Function is triggered

2023-07-20 20:26:26 - [MESSAGE][INFO] - Found 1 web elements with id: 'Object Repository/secondhand-web/Registration/input user_email' located by 'By.xpath: //input[@id="user_email"]' in '30' second(s)

2023-07-20 20:26:26 - [MESSAGE][INFO] - Clearing text of object 'Object Repository/secondhand-web/Registration/input user_email'

2023-07-20 20:26:26 - [MESSAGE][INFO] - Finding web element from Test Object's properties

2023-07-20 20:26:26 - [MESSAGE][INFO] - Checking timeout

2023-07-20 20:26:26 - [MESSAGE][INFO] - Finding web element with id: 'Object Repository/secondhand-web/Registration/input user_email' located by 'By.xpath: //input[@id="user_email"]' in '30' second(s)

2023-07-20 20:26:26 - [MESSAGE][INFO] - Smart Wait Function is triggered

2023-07-20 20:26:26 - [MESSAGE][INFO] - Found 1 web elements with id: 'Object Repository/secondhand-web/Registration/input user_email' located by 'By.xpath: //input[@id="user_email"]' in '30' second(s)

2023-07-20 20:26:26 - [MESSAGE][INFO] - Setting text of object 'Object Repository/secondhand-web/Registration/input user_email' to value '$oktaviadpp_seller@gmail.com'

2023-07-20 20:26:26 - [MESSAGE][PASSED] - Text '$oktaviadpp_seller@gmail.com' is set on object 'Object Repository/secondhand-web/Registration/input user_email'

2023-07-20 20:26:26 - [TEST_STEP][PASSED] - takeScreenshot(): Taking screenshot successfully

2023-07-20 20:26:26 - [MESSAGE][INFO] - Smart Wait Function is triggered

2023-07-20 20:26:27 - [MESSAGE][PASSED] - Taking screenshot successfully
[[ATTACHMENT|D:\\Binar Academy\\Platinum Challenge\\SQA-Wave9-Kelompok2\\Reports\\20230720_202447\\secondhand-web\\Feature Register\\20230720_202447\\1689859587092.png]]

2023-07-20 20:26:27 - [MESSAGE][PASSED] - Call Test Case 'Test Cases/secondhand-web/Pages/User Registration/Input Email' successfully

2023-07-20 20:26:27 - [TEST_STEP][PASSED] - callTestCase(findTestCase("secondhand-web/Pages/User Registration/Input Password"), ["password":pwdOktaSeller], STOP_ON_FAILURE): Call Test Case 'Test Cases/secondhand-web/Pages/User Registration/Input Password' successfully

2023-07-20 20:26:27 - [MESSAGE][INFO] - Checking called Test Case

2023-07-20 20:26:27 - [MESSAGE][INFO] - Starting to call Test Case 'Test Cases/secondhand-web/Pages/User Registration/Input Password'

2023-07-20 20:26:27 - [TEST_CASE][PASSED] - Test Cases/secondhand-web/Pages/User Registration/Input Password: Test Cases/secondhand-web/Pages/User Registration/Input Password

2023-07-20 20:26:27 - [TEST_STEP][PASSED] - waitForElementVisible(findTestObject("secondhand-web/Registration/input user_password"), 3): Object 'Object Repository/secondhand-web/Registration/input user_password' is visible

2023-07-20 20:26:27 - [MESSAGE][INFO] - Finding Test Object 'Object Repository/secondhand-web/Registration/input user_password'

2023-07-20 20:26:27 - [MESSAGE][INFO] - Checking object

2023-07-20 20:26:27 - [MESSAGE][INFO] - Checking timeout

2023-07-20 20:26:27 - [MESSAGE][INFO] - Finding web element from Test Object's properties

2023-07-20 20:26:27 - [MESSAGE][INFO] - Checking timeout

2023-07-20 20:26:27 - [MESSAGE][INFO] - Finding web element with id: 'Object Repository/secondhand-web/Registration/input user_password' located by 'By.xpath: //input[@id="user_password"]' in '3' second(s)

2023-07-20 20:26:27 - [MESSAGE][INFO] - Smart Wait Function is triggered

2023-07-20 20:26:28 - [MESSAGE][INFO] - Found 1 web elements with id: 'Object Repository/secondhand-web/Registration/input user_password' located by 'By.xpath: //input[@id="user_password"]' in '3' second(s)

2023-07-20 20:26:28 - [MESSAGE][PASSED] - Object 'Object Repository/secondhand-web/Registration/input user_password' is visible

2023-07-20 20:26:28 - [TEST_STEP][PASSED] - setText(findTestObject("secondhand-web/Registration/input user_password"), password): Text '123456' is set on object 'Object Repository/secondhand-web/Registration/input user_password'

2023-07-20 20:26:28 - [MESSAGE][INFO] - Finding Test Object 'Object Repository/secondhand-web/Registration/input user_password'

2023-07-20 20:26:28 - [MESSAGE][INFO] - Checking object

2023-07-20 20:26:28 - [MESSAGE][INFO] - Checking text

2023-07-20 20:26:28 - [MESSAGE][INFO] - Finding web element from Test Object's properties

2023-07-20 20:26:28 - [MESSAGE][INFO] - Checking timeout

2023-07-20 20:26:28 - [MESSAGE][INFO] - Finding web element with id: 'Object Repository/secondhand-web/Registration/input user_password' located by 'By.xpath: //input[@id="user_password"]' in '30' second(s)

2023-07-20 20:26:28 - [MESSAGE][INFO] - Smart Wait Function is triggered

2023-07-20 20:26:28 - [MESSAGE][INFO] - Found 1 web elements with id: 'Object Repository/secondhand-web/Registration/input user_password' located by 'By.xpath: //input[@id="user_password"]' in '30' second(s)

2023-07-20 20:26:28 - [MESSAGE][INFO] - Clearing text of object 'Object Repository/secondhand-web/Registration/input user_password'

2023-07-20 20:26:28 - [MESSAGE][INFO] - Finding web element from Test Object's properties

2023-07-20 20:26:28 - [MESSAGE][INFO] - Checking timeout

2023-07-20 20:26:28 - [MESSAGE][INFO] - Finding web element with id: 'Object Repository/secondhand-web/Registration/input user_password' located by 'By.xpath: //input[@id="user_password"]' in '30' second(s)

2023-07-20 20:26:28 - [MESSAGE][INFO] - Smart Wait Function is triggered

2023-07-20 20:26:28 - [MESSAGE][INFO] - Found 1 web elements with id: 'Object Repository/secondhand-web/Registration/input user_password' located by 'By.xpath: //input[@id="user_password"]' in '30' second(s)

2023-07-20 20:26:28 - [MESSAGE][INFO] - Setting text of object 'Object Repository/secondhand-web/Registration/input user_password' to value '123456'

2023-07-20 20:26:29 - [MESSAGE][PASSED] - Text '123456' is set on object 'Object Repository/secondhand-web/Registration/input user_password'

2023-07-20 20:26:29 - [TEST_STEP][PASSED] - takeScreenshot(): Taking screenshot successfully

2023-07-20 20:26:29 - [MESSAGE][INFO] - Smart Wait Function is triggered

2023-07-20 20:26:29 - [MESSAGE][PASSED] - Taking screenshot successfully
[[ATTACHMENT|D:\\Binar Academy\\Platinum Challenge\\SQA-Wave9-Kelompok2\\Reports\\20230720_202447\\secondhand-web\\Feature Register\\20230720_202447\\1689859589274.png]]

2023-07-20 20:26:29 - [MESSAGE][PASSED] - Call Test Case 'Test Cases/secondhand-web/Pages/User Registration/Input Password' successfully

2023-07-20 20:26:29 - [TEST_STEP][PASSED] - callTestCase(findTestCase("secondhand-web/Pages/User Registration/Click button Daftar"), [:], STOP_ON_FAILURE): Call Test Case 'Test Cases/secondhand-web/Pages/User Registration/Click button Daftar' successfully

2023-07-20 20:26:29 - [MESSAGE][INFO] - Checking called Test Case

2023-07-20 20:26:29 - [MESSAGE][INFO] - Starting to call Test Case 'Test Cases/secondhand-web/Pages/User Registration/Click button Daftar'

2023-07-20 20:26:30 - [TEST_CASE][PASSED] - Test Cases/secondhand-web/Pages/User Registration/Click button Daftar: Test Cases/secondhand-web/Pages/User Registration/Click button Daftar

2023-07-20 20:26:30 - [TEST_STEP][PASSED] - verifyElementVisible(findTestObject("secondhand-web/Registration/button daftar in register page")): Object 'Object Repository/secondhand-web/Registration/button daftar in register page' is visible

2023-07-20 20:26:30 - [MESSAGE][INFO] - Finding Test Object 'Object Repository/secondhand-web/Registration/button daftar in register page'

2023-07-20 20:26:30 - [MESSAGE][INFO] - Checking object

2023-07-20 20:26:30 - [MESSAGE][INFO] - Finding web element from Test Object's properties

2023-07-20 20:26:30 - [MESSAGE][INFO] - Checking timeout

2023-07-20 20:26:30 - [MESSAGE][INFO] - Finding web element with id: 'Object Repository/secondhand-web/Registration/button daftar in register page' located by 'By.xpath: //input[@name="commit"]' in '30' second(s)

2023-07-20 20:26:30 - [MESSAGE][INFO] - Smart Wait Function is triggered

2023-07-20 20:26:30 - [MESSAGE][INFO] - Found 1 web elements with id: 'Object Repository/secondhand-web/Registration/button daftar in register page' located by 'By.xpath: //input[@name="commit"]' in '30' second(s)

2023-07-20 20:26:30 - [MESSAGE][PASSED] - Object 'Object Repository/secondhand-web/Registration/button daftar in register page' is visible

2023-07-20 20:26:30 - [TEST_STEP][PASSED] - click(findTestObject("secondhand-web/Registration/button daftar in register page")): Object: 'Object Repository/secondhand-web/Registration/button daftar in register page' is clicked on

2023-07-20 20:26:30 - [MESSAGE][INFO] - Finding Test Object 'Object Repository/secondhand-web/Registration/button daftar in register page'

2023-07-20 20:26:30 - [MESSAGE][INFO] - Checking object

2023-07-20 20:26:30 - [MESSAGE][INFO] - Checking timeout

2023-07-20 20:26:30 - [MESSAGE][INFO] - Finding web element from Test Object's properties

2023-07-20 20:26:30 - [MESSAGE][INFO] - Checking timeout

2023-07-20 20:26:30 - [MESSAGE][INFO] - Finding web element with id: 'Object Repository/secondhand-web/Registration/button daftar in register page' located by 'By.xpath: //input[@name="commit"]' in '30' second(s)

2023-07-20 20:26:30 - [MESSAGE][INFO] - Smart Wait Function is triggered

2023-07-20 20:26:30 - [MESSAGE][INFO] - Found 1 web elements with id: 'Object Repository/secondhand-web/Registration/button daftar in register page' located by 'By.xpath: //input[@name="commit"]' in '30' second(s)

2023-07-20 20:26:30 - [MESSAGE][INFO] - Clicking on object: 'Object Repository/secondhand-web/Registration/button daftar in register page'

2023-07-20 20:26:30 - [MESSAGE][PASSED] - Object: 'Object Repository/secondhand-web/Registration/button daftar in register page' is clicked on

2023-07-20 20:26:30 - [MESSAGE][PASSED] - Call Test Case 'Test Cases/secondhand-web/Pages/User Registration/Click button Daftar' successfully

2023-07-20 20:26:30 - [TEST_STEP][FAILED] - callTestCase(findTestCase("secondhand-web/Pages/User Registration/Read Error Messages"), ["expected":errorMessagesNotMatch], STOP_ON_FAILURE): Unable to call Test Case 'Test Cases/secondhand-web/Pages/User Registration/Read Error Messages' (Root cause: com.kms.katalon.core.exception.StepFailedException: Call Test Case 'Test Cases/secondhand-web/Pages/User Registration/Read Error Messages' failed
	at com.kms.katalon.core.keyword.builtin.CallTestCaseKeyword$_callTestCase_closure1.doCall(CallTestCaseKeyword.groovy:63)
	at com.kms.katalon.core.keyword.builtin.CallTestCaseKeyword$_callTestCase_closure1.call(CallTestCaseKeyword.groovy)
	at com.kms.katalon.core.keyword.internal.KeywordMain.runKeyword(KeywordMain.groovy:75)
	at com.kms.katalon.core.keyword.builtin.CallTestCaseKeyword.callTestCase(CallTestCaseKeyword.groovy:81)
	at com.kms.katalon.core.keyword.builtin.CallTestCaseKeyword.execute(CallTestCaseKeyword.groovy:44)
	at com.kms.katalon.core.keyword.internal.KeywordExecutor.executeKeywordForPlatform(KeywordExecutor.groovy:74)
	at com.kms.katalon.core.keyword.BuiltinKeywords.callTestCase(BuiltinKeywords.groovy:310)
	at REG002 - user should not be able to register using invalid email or special character.run(REG002 - user should not be able to register using invalid email or special character:37)
	at com.kms.katalon.core.main.ScriptEngine.run(ScriptEngine.java:194)
	at com.kms.katalon.core.main.ScriptEngine.runScriptAsRawText(ScriptEngine.java:119)
	at com.kms.katalon.core.main.TestCaseExecutor.runScript(TestCaseExecutor.java:448)
	at com.kms.katalon.core.main.TestCaseExecutor.doExecute(TestCaseExecutor.java:439)
	at com.kms.katalon.core.main.TestCaseExecutor.processExecutionPhase(TestCaseExecutor.java:418)
	at com.kms.katalon.core.main.TestCaseExecutor.accessMainPhase(TestCaseExecutor.java:410)
	at com.kms.katalon.core.main.TestCaseExecutor.execute(TestCaseExecutor.java:285)
	at com.kms.katalon.core.main.TestCaseExecutor.execute(TestCaseExecutor.java:369)
	at com.kms.katalon.core.main.TestCaseExecutor.execute(TestCaseExecutor.java:369)
	at com.kms.katalon.core.main.TestCaseExecutor.execute(TestCaseExecutor.java:369)
	at com.kms.katalon.core.common.CommonExecutor.accessTestCaseMainPhase(CommonExecutor.java:65)
	at com.kms.katalon.core.main.TestSuiteExecutor.accessTestSuiteMainPhase(TestSuiteExecutor.java:148)
	at com.kms.katalon.core.main.TestSuiteExecutor.execute(TestSuiteExecutor.java:106)
	at com.kms.katalon.core.main.TestCaseMain.startTestSuite(TestCaseMain.java:187)
	at com.kms.katalon.core.main.TestCaseMain$startTestSuite$0.call(Unknown Source)
	at TempTestSuite1689859487170.run(TempTestSuite1689859487170.groovy:36)
Caused by: com.kms.katalon.core.exception.StepFailedException: Unable to verify object 'Object Repository/secondhand-web/Registration/label error message' is present
	at com.kms.katalon.core.webui.keyword.internal.WebUIKeywordMain.stepFailed(WebUIKeywordMain.groovy:64)
	at com.kms.katalon.core.webui.keyword.internal.WebUIKeywordMain.runKeyword(WebUIKeywordMain.groovy:26)
	at com.kms.katalon.core.webui.keyword.builtin.VerifyElementPresentKeyword.verifyElementPresent(VerifyElementPresentKeyword.groovy:92)
	at com.kms.katalon.core.webui.keyword.builtin.VerifyElementPresentKeyword.execute(VerifyElementPresentKeyword.groovy:68)
	at com.kms.katalon.core.keyword.internal.KeywordExecutor.executeKeywordForPlatform(KeywordExecutor.groovy:74)
	at com.kms.katalon.core.webui.keyword.WebUiBuiltInKeywords.verifyElementPresent(WebUiBuiltInKeywords.groovy:1464)
	at com.kms.katalon.core.webui.keyword.WebUiBuiltInKeywords$verifyElementPresent$8.call(Unknown Source)
	at Read Error Messages.run(Read Error Messages:21)
	at com.kms.katalon.core.main.ScriptEngine.run(ScriptEngine.java:194)
	at com.kms.katalon.core.main.ScriptEngine.runScriptAsRawText(ScriptEngine.java:119)
	at com.kms.katalon.core.main.TestCaseExecutor.runScript(TestCaseExecutor.java:448)
	at com.kms.katalon.core.main.TestCaseExecutor.doExecute(TestCaseExecutor.java:439)
	at com.kms.katalon.core.main.TestCaseExecutor.processExecutionPhase(TestCaseExecutor.java:418)
	at com.kms.katalon.core.main.TestCaseExecutor.accessMainPhase(TestCaseExecutor.java:410)
	at com.kms.katalon.core.main.TestCaseExecutor.execute(TestCaseExecutor.java:285)
	at com.kms.katalon.core.main.TestCaseMain.runTestCase(TestCaseMain.java:144)
	at com.kms.katalon.core.keyword.builtin.CallTestCaseKeyword$_callTestCase_closure1.doCall(CallTestCaseKeyword.groovy:59)
	... 23 more
Caused by: com.kms.katalon.core.exception.StepFailedException: com.kms.katalon.core.webui.exception.WebElementNotFoundException: Web element with id: 'Object Repository/secondhand-web/Registration/label error message' located by '//div[@id='login_button_container']/div/form/div[3]/h3' not found
	at com.kms.katalon.core.webui.keyword.internal.WebUIKeywordMain.stepFailed(WebUIKeywordMain.groovy:64)
	at com.kms.katalon.core.webui.keyword.builtin.VerifyElementPresentKeyword$_verifyElementPresent_closure1.doCall(VerifyElementPresentKeyword.groovy:85)
	at com.kms.katalon.core.webui.keyword.builtin.VerifyElementPresentKeyword$_verifyElementPresent_closure1.call(VerifyElementPresentKeyword.groovy)
	at com.kms.katalon.core.webui.keyword.internal.WebUIKeywordMain.runKeyword(WebUIKeywordMain.groovy:20)
	... 38 more
)

2023-07-20 20:26:30 - [MESSAGE][INFO] - Checking called Test Case

2023-07-20 20:26:30 - [MESSAGE][INFO] - Starting to call Test Case 'Test Cases/secondhand-web/Pages/User Registration/Read Error Messages'

2023-07-20 20:26:30 - [TEST_CASE][FAILED] - Test Cases/secondhand-web/Pages/User Registration/Read Error Messages: Test Cases/secondhand-web/Pages/User Registration/Read Error Messages FAILED.
Reason:
com.kms.katalon.core.exception.StepFailedException: Unable to verify object 'Object Repository/secondhand-web/Registration/label error message' is present
	at com.kms.katalon.core.webui.keyword.internal.WebUIKeywordMain.stepFailed(WebUIKeywordMain.groovy:64)
	at com.kms.katalon.core.webui.keyword.internal.WebUIKeywordMain.runKeyword(WebUIKeywordMain.groovy:26)
	at com.kms.katalon.core.webui.keyword.builtin.VerifyElementPresentKeyword.verifyElementPresent(VerifyElementPresentKeyword.groovy:92)
	at com.kms.katalon.core.webui.keyword.builtin.VerifyElementPresentKeyword.execute(VerifyElementPresentKeyword.groovy:68)
	at com.kms.katalon.core.keyword.internal.KeywordExecutor.executeKeywordForPlatform(KeywordExecutor.groovy:74)
	at com.kms.katalon.core.webui.keyword.WebUiBuiltInKeywords.verifyElementPresent(WebUiBuiltInKeywords.groovy:1464)
	at com.kms.katalon.core.webui.keyword.WebUiBuiltInKeywords$verifyElementPresent$8.call(Unknown Source)
	at Read Error Messages.run(Read Error Messages:21)
	at com.kms.katalon.core.main.ScriptEngine.run(ScriptEngine.java:194)
	at com.kms.katalon.core.main.ScriptEngine.runScriptAsRawText(ScriptEngine.java:119)
	at com.kms.katalon.core.main.TestCaseExecutor.runScript(TestCaseExecutor.java:448)
	at com.kms.katalon.core.main.TestCaseExecutor.doExecute(TestCaseExecutor.java:439)
	at com.kms.katalon.core.main.TestCaseExecutor.processExecutionPhase(TestCaseExecutor.java:418)
	at com.kms.katalon.core.main.TestCaseExecutor.accessMainPhase(TestCaseExecutor.java:410)
	at com.kms.katalon.core.main.TestCaseExecutor.execute(TestCaseExecutor.java:285)
	at com.kms.katalon.core.main.TestCaseMain.runTestCase(TestCaseMain.java:144)
	at com.kms.katalon.core.keyword.builtin.CallTestCaseKeyword$_callTestCase_closure1.doCall(CallTestCaseKeyword.groovy:59)
	at com.kms.katalon.core.keyword.builtin.CallTestCaseKeyword$_callTestCase_closure1.call(CallTestCaseKeyword.groovy)
	at com.kms.katalon.core.keyword.internal.KeywordMain.runKeyword(KeywordMain.groovy:75)
	at com.kms.katalon.core.keyword.builtin.CallTestCaseKeyword.callTestCase(CallTestCaseKeyword.groovy:81)
	at com.kms.katalon.core.keyword.builtin.CallTestCaseKeyword.execute(CallTestCaseKeyword.groovy:44)
	at com.kms.katalon.core.keyword.internal.KeywordExecutor.executeKeywordForPlatform(KeywordExecutor.groovy:74)
	at com.kms.katalon.core.keyword.BuiltinKeywords.callTestCase(BuiltinKeywords.groovy:310)
	at REG002 - user should not be able to register using invalid email or special character.run(REG002 - user should not be able to register using invalid email or special character:37)
	at com.kms.katalon.core.main.ScriptEngine.run(ScriptEngine.java:194)
	at com.kms.katalon.core.main.ScriptEngine.runScriptAsRawText(ScriptEngine.java:119)
	at com.kms.katalon.core.main.TestCaseExecutor.runScript(TestCaseExecutor.java:448)
	at com.kms.katalon.core.main.TestCaseExecutor.doExecute(TestCaseExecutor.java:439)
	at com.kms.katalon.core.main.TestCaseExecutor.processExecutionPhase(TestCaseExecutor.java:418)
	at com.kms.katalon.core.main.TestCaseExecutor.accessMainPhase(TestCaseExecutor.java:410)
	at com.kms.katalon.core.main.TestCaseExecutor.execute(TestCaseExecutor.java:285)
	at com.kms.katalon.core.main.TestCaseExecutor.execute(TestCaseExecutor.java:369)
	at com.kms.katalon.core.main.TestCaseExecutor.execute(TestCaseExecutor.java:369)
	at com.kms.katalon.core.main.TestCaseExecutor.execute(TestCaseExecutor.java:369)
	at com.kms.katalon.core.common.CommonExecutor.accessTestCaseMainPhase(CommonExecutor.java:65)
	at com.kms.katalon.core.main.TestSuiteExecutor.accessTestSuiteMainPhase(TestSuiteExecutor.java:148)
	at com.kms.katalon.core.main.TestSuiteExecutor.execute(TestSuiteExecutor.java:106)
	at com.kms.katalon.core.main.TestCaseMain.startTestSuite(TestCaseMain.java:187)
	at com.kms.katalon.core.main.TestCaseMain$startTestSuite$0.call(Unknown Source)
	at TempTestSuite1689859487170.run(TempTestSuite1689859487170.groovy:36)
Caused by: com.kms.katalon.core.exception.StepFailedException: com.kms.katalon.core.webui.exception.WebElementNotFoundException: Web element with id: 'Object Repository/secondhand-web/Registration/label error message' located by '//div[@id='login_button_container']/div/form/div[3]/h3' not found
	at com.kms.katalon.core.webui.keyword.internal.WebUIKeywordMain.stepFailed(WebUIKeywordMain.groovy:64)
	at com.kms.katalon.core.webui.keyword.builtin.VerifyElementPresentKeyword$_verifyElementPresent_closure1.doCall(VerifyElementPresentKeyword.groovy:85)
	at com.kms.katalon.core.webui.keyword.builtin.VerifyElementPresentKeyword$_verifyElementPresent_closure1.call(VerifyElementPresentKeyword.groovy)
	at com.kms.katalon.core.webui.keyword.internal.WebUIKeywordMain.runKeyword(WebUIKeywordMain.groovy:20)
	... 38 more


2023-07-20 20:26:30 - [TEST_STEP][FAILED] - verifyElementPresent(findTestObject("secondhand-web/Registration/label error message"), 3): Unable to verify object 'Object Repository/secondhand-web/Registration/label error message' is present (Root cause: com.kms.katalon.core.exception.StepFailedException: Unable to verify object 'Object Repository/secondhand-web/Registration/label error message' is present
	at com.kms.katalon.core.webui.keyword.internal.WebUIKeywordMain.stepFailed(WebUIKeywordMain.groovy:64)
	at com.kms.katalon.core.webui.keyword.internal.WebUIKeywordMain.runKeyword(WebUIKeywordMain.groovy:26)
	at com.kms.katalon.core.webui.keyword.builtin.VerifyElementPresentKeyword.verifyElementPresent(VerifyElementPresentKeyword.groovy:92)
	at com.kms.katalon.core.webui.keyword.builtin.VerifyElementPresentKeyword.execute(VerifyElementPresentKeyword.groovy:68)
	at com.kms.katalon.core.keyword.internal.KeywordExecutor.executeKeywordForPlatform(KeywordExecutor.groovy:74)
	at com.kms.katalon.core.webui.keyword.WebUiBuiltInKeywords.verifyElementPresent(WebUiBuiltInKeywords.groovy:1464)
	at com.kms.katalon.core.webui.keyword.WebUiBuiltInKeywords$verifyElementPresent$8.call(Unknown Source)
	at Read Error Messages.run(Read Error Messages:21)
	at com.kms.katalon.core.main.ScriptEngine.run(ScriptEngine.java:194)
	at com.kms.katalon.core.main.ScriptEngine.runScriptAsRawText(ScriptEngine.java:119)
	at com.kms.katalon.core.main.TestCaseExecutor.runScript(TestCaseExecutor.java:448)
	at com.kms.katalon.core.main.TestCaseExecutor.doExecute(TestCaseExecutor.java:439)
	at com.kms.katalon.core.main.TestCaseExecutor.processExecutionPhase(TestCaseExecutor.java:418)
	at com.kms.katalon.core.main.TestCaseExecutor.accessMainPhase(TestCaseExecutor.java:410)
	at com.kms.katalon.core.main.TestCaseExecutor.execute(TestCaseExecutor.java:285)
	at com.kms.katalon.core.main.TestCaseMain.runTestCase(TestCaseMain.java:144)
	at com.kms.katalon.core.keyword.builtin.CallTestCaseKeyword$_callTestCase_closure1.doCall(CallTestCaseKeyword.groovy:59)
	at com.kms.katalon.core.keyword.builtin.CallTestCaseKeyword$_callTestCase_closure1.call(CallTestCaseKeyword.groovy)
	at com.kms.katalon.core.keyword.internal.KeywordMain.runKeyword(KeywordMain.groovy:75)
	at com.kms.katalon.core.keyword.builtin.CallTestCaseKeyword.callTestCase(CallTestCaseKeyword.groovy:81)
	at com.kms.katalon.core.keyword.builtin.CallTestCaseKeyword.execute(CallTestCaseKeyword.groovy:44)
	at com.kms.katalon.core.keyword.internal.KeywordExecutor.executeKeywordForPlatform(KeywordExecutor.groovy:74)
	at com.kms.katalon.core.keyword.BuiltinKeywords.callTestCase(BuiltinKeywords.groovy:310)
	at REG002 - user should not be able to register using invalid email or special character.run(REG002 - user should not be able to register using invalid email or special character:37)
	at com.kms.katalon.core.main.ScriptEngine.run(ScriptEngine.java:194)
	at com.kms.katalon.core.main.ScriptEngine.runScriptAsRawText(ScriptEngine.java:119)
	at com.kms.katalon.core.main.TestCaseExecutor.runScript(TestCaseExecutor.java:448)
	at com.kms.katalon.core.main.TestCaseExecutor.doExecute(TestCaseExecutor.java:439)
	at com.kms.katalon.core.main.TestCaseExecutor.processExecutionPhase(TestCaseExecutor.java:418)
	at com.kms.katalon.core.main.TestCaseExecutor.accessMainPhase(TestCaseExecutor.java:410)
	at com.kms.katalon.core.main.TestCaseExecutor.execute(TestCaseExecutor.java:285)
	at com.kms.katalon.core.main.TestCaseExecutor.execute(TestCaseExecutor.java:369)
	at com.kms.katalon.core.main.TestCaseExecutor.execute(TestCaseExecutor.java:369)
	at com.kms.katalon.core.main.TestCaseExecutor.execute(TestCaseExecutor.java:369)
	at com.kms.katalon.core.common.CommonExecutor.accessTestCaseMainPhase(CommonExecutor.java:65)
	at com.kms.katalon.core.main.TestSuiteExecutor.accessTestSuiteMainPhase(TestSuiteExecutor.java:148)
	at com.kms.katalon.core.main.TestSuiteExecutor.execute(TestSuiteExecutor.java:106)
	at com.kms.katalon.core.main.TestCaseMain.startTestSuite(TestCaseMain.java:187)
	at com.kms.katalon.core.main.TestCaseMain$startTestSuite$0.call(Unknown Source)
	at TempTestSuite1689859487170.run(TempTestSuite1689859487170.groovy:36)
Caused by: com.kms.katalon.core.exception.StepFailedException: com.kms.katalon.core.webui.exception.WebElementNotFoundException: Web element with id: 'Object Repository/secondhand-web/Registration/label error message' located by '//div[@id='login_button_container']/div/form/div[3]/h3' not found
	at com.kms.katalon.core.webui.keyword.internal.WebUIKeywordMain.stepFailed(WebUIKeywordMain.groovy:64)
	at com.kms.katalon.core.webui.keyword.builtin.VerifyElementPresentKeyword$_verifyElementPresent_closure1.doCall(VerifyElementPresentKeyword.groovy:85)
	at com.kms.katalon.core.webui.keyword.builtin.VerifyElementPresentKeyword$_verifyElementPresent_closure1.call(VerifyElementPresentKeyword.groovy)
	at com.kms.katalon.core.webui.keyword.internal.WebUIKeywordMain.runKeyword(WebUIKeywordMain.groovy:20)
	... 38 more
)

2023-07-20 20:26:30 - [MESSAGE][INFO] - Finding Test Object 'Object Repository/secondhand-web/Registration/label error message'

2023-07-20 20:26:30 - [MESSAGE][INFO] - Checking object

2023-07-20 20:26:30 - [MESSAGE][INFO] - Finding web element from Test Object's properties

2023-07-20 20:26:30 - [MESSAGE][INFO] - Checking timeout

2023-07-20 20:26:30 - [MESSAGE][INFO] - Finding web element with id: 'Object Repository/secondhand-web/Registration/label error message' located by 'By.xpath: //div[@id='login_button_container']/div/form/div[3]/h3' in '3' second(s)

2023-07-20 20:26:30 - [MESSAGE][INFO] - Smart Wait Function is triggered

2023-07-20 20:26:31 - [MESSAGE][INFO] - Smart Wait Function is triggered

2023-07-20 20:26:31 - [MESSAGE][INFO] - Smart Wait Function is triggered

2023-07-20 20:26:32 - [MESSAGE][INFO] - Smart Wait Function is triggered

2023-07-20 20:26:32 - [MESSAGE][INFO] - Smart Wait Function is triggered

2023-07-20 20:26:32 - [MESSAGE][INFO] - Smart Wait Function is triggered

2023-07-20 20:26:33 - [MESSAGE][INFO] - Smart Wait Function is triggered

2023-07-20 20:26:33 - [MESSAGE][INFO] - Smart Wait Function is triggered

2023-07-20 20:26:33 - [MESSAGE][INFO] - Smart Wait Function is triggered

2023-07-20 20:26:33 - [MESSAGE][INFO] - Smart Wait Function is triggered

2023-07-20 20:26:34 - [MESSAGE][INFO] - Smart Wait Function is triggered

2023-07-20 20:26:34 - [MESSAGE][INFO] - Smart Wait Function is triggered

2023-07-20 20:26:34 - [MESSAGE][INFO] - Smart Wait Function is triggered

2023-07-20 20:26:34 - [MESSAGE][INFO] - Unable to find the element located by 'By.xpath: //div[@id='login_button_container']/div/form/div[3]/h3'. Please recheck the objects properties to make sure the desired element is located. 

2023-07-20 20:26:35 - [MESSAGE][FAILED] - com.kms.katalon.core.webui.exception.WebElementNotFoundException: Web element with id: 'Object Repository/secondhand-web/Registration/label error message' located by '//div[@id='login_button_container']/div/form/div[3]/h3' not found (Root cause: com.kms.katalon.core.exception.StepFailedException: com.kms.katalon.core.webui.exception.WebElementNotFoundException: Web element with id: 'Object Repository/secondhand-web/Registration/label error message' located by '//div[@id='login_button_container']/div/form/div[3]/h3' not found
	at com.kms.katalon.core.webui.keyword.internal.WebUIKeywordMain.stepFailed(WebUIKeywordMain.groovy:64)
	at com.kms.katalon.core.webui.keyword.builtin.VerifyElementPresentKeyword$_verifyElementPresent_closure1.doCall(VerifyElementPresentKeyword.groovy:85)
	at com.kms.katalon.core.webui.keyword.builtin.VerifyElementPresentKeyword$_verifyElementPresent_closure1.call(VerifyElementPresentKeyword.groovy)
	at com.kms.katalon.core.webui.keyword.internal.WebUIKeywordMain.runKeyword(WebUIKeywordMain.groovy:20)
	at com.kms.katalon.core.webui.keyword.builtin.VerifyElementPresentKeyword.verifyElementPresent(VerifyElementPresentKeyword.groovy:92)
	at com.kms.katalon.core.webui.keyword.builtin.VerifyElementPresentKeyword.execute(VerifyElementPresentKeyword.groovy:68)
	at com.kms.katalon.core.keyword.internal.KeywordExecutor.executeKeywordForPlatform(KeywordExecutor.groovy:74)
	at com.kms.katalon.core.webui.keyword.WebUiBuiltInKeywords.verifyElementPresent(WebUiBuiltInKeywords.groovy:1464)
	at com.kms.katalon.core.webui.keyword.WebUiBuiltInKeywords$verifyElementPresent$8.call(Unknown Source)
	at Read Error Messages.run(Read Error Messages:21)
	at com.kms.katalon.core.main.ScriptEngine.run(ScriptEngine.java:194)
	at com.kms.katalon.core.main.ScriptEngine.runScriptAsRawText(ScriptEngine.java:119)
	at com.kms.katalon.core.main.TestCaseExecutor.runScript(TestCaseExecutor.java:448)
	at com.kms.katalon.core.main.TestCaseExecutor.doExecute(TestCaseExecutor.java:439)
	at com.kms.katalon.core.main.TestCaseExecutor.processExecutionPhase(TestCaseExecutor.java:418)
	at com.kms.katalon.core.main.TestCaseExecutor.accessMainPhase(TestCaseExecutor.java:410)
	at com.kms.katalon.core.main.TestCaseExecutor.execute(TestCaseExecutor.java:285)
	at com.kms.katalon.core.main.TestCaseMain.runTestCase(TestCaseMain.java:144)
	at com.kms.katalon.core.keyword.builtin.CallTestCaseKeyword$_callTestCase_closure1.doCall(CallTestCaseKeyword.groovy:59)
	at com.kms.katalon.core.keyword.builtin.CallTestCaseKeyword$_callTestCase_closure1.call(CallTestCaseKeyword.groovy)
	at com.kms.katalon.core.keyword.internal.KeywordMain.runKeyword(KeywordMain.groovy:75)
	at com.kms.katalon.core.keyword.builtin.CallTestCaseKeyword.callTestCase(CallTestCaseKeyword.groovy:81)
	at com.kms.katalon.core.keyword.builtin.CallTestCaseKeyword.execute(CallTestCaseKeyword.groovy:44)
	at com.kms.katalon.core.keyword.internal.KeywordExecutor.executeKeywordForPlatform(KeywordExecutor.groovy:74)
	at com.kms.katalon.core.keyword.BuiltinKeywords.callTestCase(BuiltinKeywords.groovy:310)
	at REG002 - user should not be able to register using invalid email or special character.run(REG002 - user should not be able to register using invalid email or special character:37)
	at com.kms.katalon.core.main.ScriptEngine.run(ScriptEngine.java:194)
	at com.kms.katalon.core.main.ScriptEngine.runScriptAsRawText(ScriptEngine.java:119)
	at com.kms.katalon.core.main.TestCaseExecutor.runScript(TestCaseExecutor.java:448)
	at com.kms.katalon.core.main.TestCaseExecutor.doExecute(TestCaseExecutor.java:439)
	at com.kms.katalon.core.main.TestCaseExecutor.processExecutionPhase(TestCaseExecutor.java:418)
	at com.kms.katalon.core.main.TestCaseExecutor.accessMainPhase(TestCaseExecutor.java:410)
	at com.kms.katalon.core.main.TestCaseExecutor.execute(TestCaseExecutor.java:285)
	at com.kms.katalon.core.main.TestCaseExecutor.execute(TestCaseExecutor.java:369)
	at com.kms.katalon.core.main.TestCaseExecutor.execute(TestCaseExecutor.java:369)
	at com.kms.katalon.core.main.TestCaseExecutor.execute(TestCaseExecutor.java:369)
	at com.kms.katalon.core.common.CommonExecutor.accessTestCaseMainPhase(CommonExecutor.java:65)
	at com.kms.katalon.core.main.TestSuiteExecutor.accessTestSuiteMainPhase(TestSuiteExecutor.java:148)
	at com.kms.katalon.core.main.TestSuiteExecutor.execute(TestSuiteExecutor.java:106)
	at com.kms.katalon.core.main.TestCaseMain.startTestSuite(TestCaseMain.java:187)
	at com.kms.katalon.core.main.TestCaseMain$startTestSuite$0.call(Unknown Source)
	at TempTestSuite1689859487170.run(TempTestSuite1689859487170.groovy:36)
)
[[ATTACHMENT|D:\\Binar Academy\\Platinum Challenge\\SQA-Wave9-Kelompok2\\Reports\\20230720_202447\\secondhand-web\\Feature Register\\20230720_202447\\1689859594992.png]]

2023-07-20 20:26:36 - [MESSAGE][FAILED] - Unable to verify object 'Object Repository/secondhand-web/Registration/label error message' is present (Root cause: com.kms.katalon.core.exception.StepFailedException: Unable to verify object 'Object Repository/secondhand-web/Registration/label error message' is present
	at com.kms.katalon.core.webui.keyword.internal.WebUIKeywordMain.stepFailed(WebUIKeywordMain.groovy:64)
	at com.kms.katalon.core.webui.keyword.internal.WebUIKeywordMain.runKeyword(WebUIKeywordMain.groovy:26)
	at com.kms.katalon.core.webui.keyword.builtin.VerifyElementPresentKeyword.verifyElementPresent(VerifyElementPresentKeyword.groovy:92)
	at com.kms.katalon.core.webui.keyword.builtin.VerifyElementPresentKeyword.execute(VerifyElementPresentKeyword.groovy:68)
	at com.kms.katalon.core.keyword.internal.KeywordExecutor.executeKeywordForPlatform(KeywordExecutor.groovy:74)
	at com.kms.katalon.core.webui.keyword.WebUiBuiltInKeywords.verifyElementPresent(WebUiBuiltInKeywords.groovy:1464)
	at com.kms.katalon.core.webui.keyword.WebUiBuiltInKeywords$verifyElementPresent$8.call(Unknown Source)
	at Read Error Messages.run(Read Error Messages:21)
	at com.kms.katalon.core.main.ScriptEngine.run(ScriptEngine.java:194)
	at com.kms.katalon.core.main.ScriptEngine.runScriptAsRawText(ScriptEngine.java:119)
	at com.kms.katalon.core.main.TestCaseExecutor.runScript(TestCaseExecutor.java:448)
	at com.kms.katalon.core.main.TestCaseExecutor.doExecute(TestCaseExecutor.java:439)
	at com.kms.katalon.core.main.TestCaseExecutor.processExecutionPhase(TestCaseExecutor.java:418)
	at com.kms.katalon.core.main.TestCaseExecutor.accessMainPhase(TestCaseExecutor.java:410)
	at com.kms.katalon.core.main.TestCaseExecutor.execute(TestCaseExecutor.java:285)
	at com.kms.katalon.core.main.TestCaseMain.runTestCase(TestCaseMain.java:144)
	at com.kms.katalon.core.keyword.builtin.CallTestCaseKeyword$_callTestCase_closure1.doCall(CallTestCaseKeyword.groovy:59)
	at com.kms.katalon.core.keyword.builtin.CallTestCaseKeyword$_callTestCase_closure1.call(CallTestCaseKeyword.groovy)
	at com.kms.katalon.core.keyword.internal.KeywordMain.runKeyword(KeywordMain.groovy:75)
	at com.kms.katalon.core.keyword.builtin.CallTestCaseKeyword.callTestCase(CallTestCaseKeyword.groovy:81)
	at com.kms.katalon.core.keyword.builtin.CallTestCaseKeyword.execute(CallTestCaseKeyword.groovy:44)
	at com.kms.katalon.core.keyword.internal.KeywordExecutor.executeKeywordForPlatform(KeywordExecutor.groovy:74)
	at com.kms.katalon.core.keyword.BuiltinKeywords.callTestCase(BuiltinKeywords.groovy:310)
	at REG002 - user should not be able to register using invalid email or special character.run(REG002 - user should not be able to register using invalid email or special character:37)
	at com.kms.katalon.core.main.ScriptEngine.run(ScriptEngine.java:194)
	at com.kms.katalon.core.main.ScriptEngine.runScriptAsRawText(ScriptEngine.java:119)
	at com.kms.katalon.core.main.TestCaseExecutor.runScript(TestCaseExecutor.java:448)
	at com.kms.katalon.core.main.TestCaseExecutor.doExecute(TestCaseExecutor.java:439)
	at com.kms.katalon.core.main.TestCaseExecutor.processExecutionPhase(TestCaseExecutor.java:418)
	at com.kms.katalon.core.main.TestCaseExecutor.accessMainPhase(TestCaseExecutor.java:410)
	at com.kms.katalon.core.main.TestCaseExecutor.execute(TestCaseExecutor.java:285)
	at com.kms.katalon.core.main.TestCaseExecutor.execute(TestCaseExecutor.java:369)
	at com.kms.katalon.core.main.TestCaseExecutor.execute(TestCaseExecutor.java:369)
	at com.kms.katalon.core.main.TestCaseExecutor.execute(TestCaseExecutor.java:369)
	at com.kms.katalon.core.common.CommonExecutor.accessTestCaseMainPhase(CommonExecutor.java:65)
	at com.kms.katalon.core.main.TestSuiteExecutor.accessTestSuiteMainPhase(TestSuiteExecutor.java:148)
	at com.kms.katalon.core.main.TestSuiteExecutor.execute(TestSuiteExecutor.java:106)
	at com.kms.katalon.core.main.TestCaseMain.startTestSuite(TestCaseMain.java:187)
	at com.kms.katalon.core.main.TestCaseMain$startTestSuite$0.call(Unknown Source)
	at TempTestSuite1689859487170.run(TempTestSuite1689859487170.groovy:36)
Caused by: com.kms.katalon.core.exception.StepFailedException: com.kms.katalon.core.webui.exception.WebElementNotFoundException: Web element with id: 'Object Repository/secondhand-web/Registration/label error message' located by '//div[@id='login_button_container']/div/form/div[3]/h3' not found
	at com.kms.katalon.core.webui.keyword.internal.WebUIKeywordMain.stepFailed(WebUIKeywordMain.groovy:64)
	at com.kms.katalon.core.webui.keyword.builtin.VerifyElementPresentKeyword$_verifyElementPresent_closure1.doCall(VerifyElementPresentKeyword.groovy:85)
	at com.kms.katalon.core.webui.keyword.builtin.VerifyElementPresentKeyword$_verifyElementPresent_closure1.call(VerifyElementPresentKeyword.groovy)
	at com.kms.katalon.core.webui.keyword.internal.WebUIKeywordMain.runKeyword(WebUIKeywordMain.groovy:20)
	... 38 more
)
[[ATTACHMENT|D:\\Binar Academy\\Platinum Challenge\\SQA-Wave9-Kelompok2\\Reports\\20230720_202447\\secondhand-web\\Feature Register\\20230720_202447\\1689859595653.png]]

2023-07-20 20:26:36 - [MESSAGE][FAILED] - Unable to call Test Case 'Test Cases/secondhand-web/Pages/User Registration/Read Error Messages' (Root cause: com.kms.katalon.core.exception.StepFailedException: Call Test Case 'Test Cases/secondhand-web/Pages/User Registration/Read Error Messages' failed
	at com.kms.katalon.core.keyword.builtin.CallTestCaseKeyword$_callTestCase_closure1.doCall(CallTestCaseKeyword.groovy:63)
	at com.kms.katalon.core.keyword.builtin.CallTestCaseKeyword$_callTestCase_closure1.call(CallTestCaseKeyword.groovy)
	at com.kms.katalon.core.keyword.internal.KeywordMain.runKeyword(KeywordMain.groovy:75)
	at com.kms.katalon.core.keyword.builtin.CallTestCaseKeyword.callTestCase(CallTestCaseKeyword.groovy:81)
	at com.kms.katalon.core.keyword.builtin.CallTestCaseKeyword.execute(CallTestCaseKeyword.groovy:44)
	at com.kms.katalon.core.keyword.internal.KeywordExecutor.executeKeywordForPlatform(KeywordExecutor.groovy:74)
	at com.kms.katalon.core.keyword.BuiltinKeywords.callTestCase(BuiltinKeywords.groovy:310)
	at REG002 - user should not be able to register using invalid email or special character.run(REG002 - user should not be able to register using invalid email or special character:37)
	at com.kms.katalon.core.main.ScriptEngine.run(ScriptEngine.java:194)
	at com.kms.katalon.core.main.ScriptEngine.runScriptAsRawText(ScriptEngine.java:119)
	at com.kms.katalon.core.main.TestCaseExecutor.runScript(TestCaseExecutor.java:448)
	at com.kms.katalon.core.main.TestCaseExecutor.doExecute(TestCaseExecutor.java:439)
	at com.kms.katalon.core.main.TestCaseExecutor.processExecutionPhase(TestCaseExecutor.java:418)
	at com.kms.katalon.core.main.TestCaseExecutor.accessMainPhase(TestCaseExecutor.java:410)
	at com.kms.katalon.core.main.TestCaseExecutor.execute(TestCaseExecutor.java:285)
	at com.kms.katalon.core.main.TestCaseExecutor.execute(TestCaseExecutor.java:369)
	at com.kms.katalon.core.main.TestCaseExecutor.execute(TestCaseExecutor.java:369)
	at com.kms.katalon.core.main.TestCaseExecutor.execute(TestCaseExecutor.java:369)
	at com.kms.katalon.core.common.CommonExecutor.accessTestCaseMainPhase(CommonExecutor.java:65)
	at com.kms.katalon.core.main.TestSuiteExecutor.accessTestSuiteMainPhase(TestSuiteExecutor.java:148)
	at com.kms.katalon.core.main.TestSuiteExecutor.execute(TestSuiteExecutor.java:106)
	at com.kms.katalon.core.main.TestCaseMain.startTestSuite(TestCaseMain.java:187)
	at com.kms.katalon.core.main.TestCaseMain$startTestSuite$0.call(Unknown Source)
	at TempTestSuite1689859487170.run(TempTestSuite1689859487170.groovy:36)
Caused by: com.kms.katalon.core.exception.StepFailedException: Unable to verify object 'Object Repository/secondhand-web/Registration/label error message' is present
	at com.kms.katalon.core.webui.keyword.internal.WebUIKeywordMain.stepFailed(WebUIKeywordMain.groovy:64)
	at com.kms.katalon.core.webui.keyword.internal.WebUIKeywordMain.runKeyword(WebUIKeywordMain.groovy:26)
	at com.kms.katalon.core.webui.keyword.builtin.VerifyElementPresentKeyword.verifyElementPresent(VerifyElementPresentKeyword.groovy:92)
	at com.kms.katalon.core.webui.keyword.builtin.VerifyElementPresentKeyword.execute(VerifyElementPresentKeyword.groovy:68)
	at com.kms.katalon.core.keyword.internal.KeywordExecutor.executeKeywordForPlatform(KeywordExecutor.groovy:74)
	at com.kms.katalon.core.webui.keyword.WebUiBuiltInKeywords.verifyElementPresent(WebUiBuiltInKeywords.groovy:1464)
	at com.kms.katalon.core.webui.keyword.WebUiBuiltInKeywords$verifyElementPresent$8.call(Unknown Source)
	at Read Error Messages.run(Read Error Messages:21)
	at com.kms.katalon.core.main.ScriptEngine.run(ScriptEngine.java:194)
	at com.kms.katalon.core.main.ScriptEngine.runScriptAsRawText(ScriptEngine.java:119)
	at com.kms.katalon.core.main.TestCaseExecutor.runScript(TestCaseExecutor.java:448)
	at com.kms.katalon.core.main.TestCaseExecutor.doExecute(TestCaseExecutor.java:439)
	at com.kms.katalon.core.main.TestCaseExecutor.processExecutionPhase(TestCaseExecutor.java:418)
	at com.kms.katalon.core.main.TestCaseExecutor.accessMainPhase(TestCaseExecutor.java:410)
	at com.kms.katalon.core.main.TestCaseExecutor.execute(TestCaseExecutor.java:285)
	at com.kms.katalon.core.main.TestCaseMain.runTestCase(TestCaseMain.java:144)
	at com.kms.katalon.core.keyword.builtin.CallTestCaseKeyword$_callTestCase_closure1.doCall(CallTestCaseKeyword.groovy:59)
	... 23 more
Caused by: com.kms.katalon.core.exception.StepFailedException: com.kms.katalon.core.webui.exception.WebElementNotFoundException: Web element with id: 'Object Repository/secondhand-web/Registration/label error message' located by '//div[@id='login_button_container']/div/form/div[3]/h3' not found
	at com.kms.katalon.core.webui.keyword.internal.WebUIKeywordMain.stepFailed(WebUIKeywordMain.groovy:64)
	at com.kms.katalon.core.webui.keyword.builtin.VerifyElementPresentKeyword$_verifyElementPresent_closure1.doCall(VerifyElementPresentKeyword.groovy:85)
	at com.kms.katalon.core.webui.keyword.builtin.VerifyElementPresentKeyword$_verifyElementPresent_closure1.call(VerifyElementPresentKeyword.groovy)
	at com.kms.katalon.core.webui.keyword.internal.WebUIKeywordMain.runKeyword(WebUIKeywordMain.groovy:20)
	... 38 more
)]]></system-out>
         <system-err><![CDATA[2023-07-20 20:26:15 - [TEST_CASE][FAILED] - Test Cases/secondhand-web/Step Definition/Feature Registration/REG002 - user should not be able to register using invalid email or special character: Test Cases/secondhand-web/Step Definition/Feature Registration/REG002 - user should not be able to register using invalid email or special character FAILED.
Reason:
com.kms.katalon.core.exception.StepFailedException: Call Test Case 'Test Cases/secondhand-web/Pages/User Registration/Read Error Messages' failed
	at com.kms.katalon.core.keyword.builtin.CallTestCaseKeyword$_callTestCase_closure1.doCall(CallTestCaseKeyword.groovy:63)
	at com.kms.katalon.core.keyword.builtin.CallTestCaseKeyword$_callTestCase_closure1.call(CallTestCaseKeyword.groovy)
	at com.kms.katalon.core.keyword.internal.KeywordMain.runKeyword(KeywordMain.groovy:75)
	at com.kms.katalon.core.keyword.builtin.CallTestCaseKeyword.callTestCase(CallTestCaseKeyword.groovy:81)
	at com.kms.katalon.core.keyword.builtin.CallTestCaseKeyword.execute(CallTestCaseKeyword.groovy:44)
	at com.kms.katalon.core.keyword.internal.KeywordExecutor.executeKeywordForPlatform(KeywordExecutor.groovy:74)
	at com.kms.katalon.core.keyword.BuiltinKeywords.callTestCase(BuiltinKeywords.groovy:310)
	at REG002 - user should not be able to register using invalid email or special character.run(REG002 - user should not be able to register using invalid email or special character:37)
	at com.kms.katalon.core.main.ScriptEngine.run(ScriptEngine.java:194)
	at com.kms.katalon.core.main.ScriptEngine.runScriptAsRawText(ScriptEngine.java:119)
	at com.kms.katalon.core.main.TestCaseExecutor.runScript(TestCaseExecutor.java:448)
	at com.kms.katalon.core.main.TestCaseExecutor.doExecute(TestCaseExecutor.java:439)
	at com.kms.katalon.core.main.TestCaseExecutor.processExecutionPhase(TestCaseExecutor.java:418)
	at com.kms.katalon.core.main.TestCaseExecutor.accessMainPhase(TestCaseExecutor.java:410)
	at com.kms.katalon.core.main.TestCaseExecutor.execute(TestCaseExecutor.java:285)
	at com.kms.katalon.core.main.TestCaseExecutor.execute(TestCaseExecutor.java:369)
	at com.kms.katalon.core.main.TestCaseExecutor.execute(TestCaseExecutor.java:369)
	at com.kms.katalon.core.main.TestCaseExecutor.execute(TestCaseExecutor.java:369)
	at com.kms.katalon.core.common.CommonExecutor.accessTestCaseMainPhase(CommonExecutor.java:65)
	at com.kms.katalon.core.main.TestSuiteExecutor.accessTestSuiteMainPhase(TestSuiteExecutor.java:148)
	at com.kms.katalon.core.main.TestSuiteExecutor.execute(TestSuiteExecutor.java:106)
	at com.kms.katalon.core.main.TestCaseMain.startTestSuite(TestCaseMain.java:187)
	at com.kms.katalon.core.main.TestCaseMain$startTestSuite$0.call(Unknown Source)
	at TempTestSuite1689859487170.run(TempTestSuite1689859487170.groovy:36)
Caused by: com.kms.katalon.core.exception.StepFailedException: Unable to verify object 'Object Repository/secondhand-web/Registration/label error message' is present
	at com.kms.katalon.core.webui.keyword.internal.WebUIKeywordMain.stepFailed(WebUIKeywordMain.groovy:64)
	at com.kms.katalon.core.webui.keyword.internal.WebUIKeywordMain.runKeyword(WebUIKeywordMain.groovy:26)
	at com.kms.katalon.core.webui.keyword.builtin.VerifyElementPresentKeyword.verifyElementPresent(VerifyElementPresentKeyword.groovy:92)
	at com.kms.katalon.core.webui.keyword.builtin.VerifyElementPresentKeyword.execute(VerifyElementPresentKeyword.groovy:68)
	at com.kms.katalon.core.keyword.internal.KeywordExecutor.executeKeywordForPlatform(KeywordExecutor.groovy:74)
	at com.kms.katalon.core.webui.keyword.WebUiBuiltInKeywords.verifyElementPresent(WebUiBuiltInKeywords.groovy:1464)
	at com.kms.katalon.core.webui.keyword.WebUiBuiltInKeywords$verifyElementPresent$8.call(Unknown Source)
	at Read Error Messages.run(Read Error Messages:21)
	at com.kms.katalon.core.main.ScriptEngine.run(ScriptEngine.java:194)
	at com.kms.katalon.core.main.ScriptEngine.runScriptAsRawText(ScriptEngine.java:119)
	at com.kms.katalon.core.main.TestCaseExecutor.runScript(TestCaseExecutor.java:448)
	at com.kms.katalon.core.main.TestCaseExecutor.doExecute(TestCaseExecutor.java:439)
	at com.kms.katalon.core.main.TestCaseExecutor.processExecutionPhase(TestCaseExecutor.java:418)
	at com.kms.katalon.core.main.TestCaseExecutor.accessMainPhase(TestCaseExecutor.java:410)
	at com.kms.katalon.core.main.TestCaseExecutor.execute(TestCaseExecutor.java:285)
	at com.kms.katalon.core.main.TestCaseMain.runTestCase(TestCaseMain.java:144)
	at com.kms.katalon.core.keyword.builtin.CallTestCaseKeyword$_callTestCase_closure1.doCall(CallTestCaseKeyword.groovy:59)
	... 23 more
Caused by: com.kms.katalon.core.exception.StepFailedException: com.kms.katalon.core.webui.exception.WebElementNotFoundException: Web element with id: 'Object Repository/secondhand-web/Registration/label error message' located by '//div[@id='login_button_container']/div/form/div[3]/h3' not found
	at com.kms.katalon.core.webui.keyword.internal.WebUIKeywordMain.stepFailed(WebUIKeywordMain.groovy:64)
	at com.kms.katalon.core.webui.keyword.builtin.VerifyElementPresentKeyword$_verifyElementPresent_closure1.doCall(VerifyElementPresentKeyword.groovy:85)
	at com.kms.katalon.core.webui.keyword.builtin.VerifyElementPresentKeyword$_verifyElementPresent_closure1.call(VerifyElementPresentKeyword.groovy)
	at com.kms.katalon.core.webui.keyword.internal.WebUIKeywordMain.runKeyword(WebUIKeywordMain.groovy:20)
	... 38 more]]></system-err>
      </testcase>
      <testcase name="Test Cases/secondhand-web/Step Definition/Feature Registration/REG003 - user should not be able to register using password lenght under 6 characters" time="19.395" classname="Test Cases/secondhand-web/Step Definition/Feature Registration/REG003 - user should not be able to register using password lenght under 6 characters" status="FAILED">
         <failure type="FAILED" message="Test Cases/secondhand-web/Step Definition/Feature Registration/REG003 - user should not be able to register using password lenght under 6 characters FAILED.
Reason:
com.kms.katalon.core.exception.StepFailedException: Call Test Case 'Test Cases/secondhand-web/Pages/User Registration/Read Error Messages' failed
	at com.kms.katalon.core.keyword.builtin.CallTestCaseKeyword$_callTestCase_closure1.doCall(CallTestCaseKeyword.groovy:63)
	at com.kms.katalon.core.keyword.builtin.CallTestCaseKeyword$_callTestCase_closure1.call(CallTestCaseKeyword.groovy)
	at com.kms.katalon.core.keyword.internal.KeywordMain.runKeyword(KeywordMain.groovy:75)
	at com.kms.katalon.core.keyword.builtin.CallTestCaseKeyword.callTestCase(CallTestCaseKeyword.groovy:81)
	at com.kms.katalon.core.keyword.builtin.CallTestCaseKeyword.execute(CallTestCaseKeyword.groovy:44)
	at com.kms.katalon.core.keyword.internal.KeywordExecutor.executeKeywordForPlatform(KeywordExecutor.groovy:74)
	at com.kms.katalon.core.keyword.BuiltinKeywords.callTestCase(BuiltinKeywords.groovy:310)
	at REG003 - user should not be able to register using password lenght under 6 characters.run(REG003 - user should not be able to register using password lenght under 6 characters:37)
	at com.kms.katalon.core.main.ScriptEngine.run(ScriptEngine.java:194)
	at com.kms.katalon.core.main.ScriptEngine.runScriptAsRawText(ScriptEngine.java:119)
	at com.kms.katalon.core.main.TestCaseExecutor.runScript(TestCaseExecutor.java:448)
	at com.kms.katalon.core.main.TestCaseExecutor.doExecute(TestCaseExecutor.java:439)
	at com.kms.katalon.core.main.TestCaseExecutor.processExecutionPhase(TestCaseExecutor.java:418)
	at com.kms.katalon.core.main.TestCaseExecutor.accessMainPhase(TestCaseExecutor.java:410)
	at com.kms.katalon.core.main.TestCaseExecutor.execute(TestCaseExecutor.java:285)
	at com.kms.katalon.core.main.TestCaseExecutor.execute(TestCaseExecutor.java:369)
	at com.kms.katalon.core.main.TestCaseExecutor.execute(TestCaseExecutor.java:369)
	at com.kms.katalon.core.main.TestCaseExecutor.execute(TestCaseExecutor.java:369)
	at com.kms.katalon.core.common.CommonExecutor.accessTestCaseMainPhase(CommonExecutor.java:65)
	at com.kms.katalon.core.main.TestSuiteExecutor.accessTestSuiteMainPhase(TestSuiteExecutor.java:148)
	at com.kms.katalon.core.main.TestSuiteExecutor.execute(TestSuiteExecutor.java:106)
	at com.kms.katalon.core.main.TestCaseMain.startTestSuite(TestCaseMain.java:187)
	at com.kms.katalon.core.main.TestCaseMain$startTestSuite$0.call(Unknown Source)
	at TempTestSuite1689859487170.run(TempTestSuite1689859487170.groovy:36)
Caused by: com.kms.katalon.core.exception.StepFailedException: Unable to verify object 'Object Repository/secondhand-web/Registration/label error message' is present
	at com.kms.katalon.core.webui.keyword.internal.WebUIKeywordMain.stepFailed(WebUIKeywordMain.groovy:64)
	at com.kms.katalon.core.webui.keyword.internal.WebUIKeywordMain.runKeyword(WebUIKeywordMain.groovy:26)
	at com.kms.katalon.core.webui.keyword.builtin.VerifyElementPresentKeyword.verifyElementPresent(VerifyElementPresentKeyword.groovy:92)
	at com.kms.katalon.core.webui.keyword.builtin.VerifyElementPresentKeyword.execute(VerifyElementPresentKeyword.groovy:68)
	at com.kms.katalon.core.keyword.internal.KeywordExecutor.executeKeywordForPlatform(KeywordExecutor.groovy:74)
	at com.kms.katalon.core.webui.keyword.WebUiBuiltInKeywords.verifyElementPresent(WebUiBuiltInKeywords.groovy:1464)
	at com.kms.katalon.core.webui.keyword.WebUiBuiltInKeywords$verifyElementPresent$8.call(Unknown Source)
	at Read Error Messages.run(Read Error Messages:21)
	at com.kms.katalon.core.main.ScriptEngine.run(ScriptEngine.java:194)
	at com.kms.katalon.core.main.ScriptEngine.runScriptAsRawText(ScriptEngine.java:119)
	at com.kms.katalon.core.main.TestCaseExecutor.runScript(TestCaseExecutor.java:448)
	at com.kms.katalon.core.main.TestCaseExecutor.doExecute(TestCaseExecutor.java:439)
	at com.kms.katalon.core.main.TestCaseExecutor.processExecutionPhase(TestCaseExecutor.java:418)
	at com.kms.katalon.core.main.TestCaseExecutor.accessMainPhase(TestCaseExecutor.java:410)
	at com.kms.katalon.core.main.TestCaseExecutor.execute(TestCaseExecutor.java:285)
	at com.kms.katalon.core.main.TestCaseMain.runTestCase(TestCaseMain.java:144)
	at com.kms.katalon.core.keyword.builtin.CallTestCaseKeyword$_callTestCase_closure1.doCall(CallTestCaseKeyword.groovy:59)
	... 23 more
Caused by: com.kms.katalon.core.exception.StepFailedException: com.kms.katalon.core.webui.exception.WebElementNotFoundException: Web element with id: 'Object Repository/secondhand-web/Registration/label error message' located by '//div[@id='login_button_container']/div/form/div[3]/h3' not found
	at com.kms.katalon.core.webui.keyword.internal.WebUIKeywordMain.stepFailed(WebUIKeywordMain.groovy:64)
	at com.kms.katalon.core.webui.keyword.builtin.VerifyElementPresentKeyword$_verifyElementPresent_closure1.doCall(VerifyElementPresentKeyword.groovy:85)
	at com.kms.katalon.core.webui.keyword.builtin.VerifyElementPresentKeyword$_verifyElementPresent_closure1.call(VerifyElementPresentKeyword.groovy)
	at com.kms.katalon.core.webui.keyword.internal.WebUIKeywordMain.runKeyword(WebUIKeywordMain.groovy:20)
	... 38 more
"/>
         <system-out><![CDATA[2023-07-20 20:27:34 - [TEST_CASE][FAILED] - Test Cases/secondhand-web/Step Definition/Feature Registration/REG003 - user should not be able to register using password lenght under 6 characters: Test Cases/secondhand-web/Step Definition/Feature Registration/REG003 - user should not be able to register using password lenght under 6 characters FAILED.
Reason:
com.kms.katalon.core.exception.StepFailedException: Call Test Case 'Test Cases/secondhand-web/Pages/User Registration/Read Error Messages' failed
	at com.kms.katalon.core.keyword.builtin.CallTestCaseKeyword$_callTestCase_closure1.doCall(CallTestCaseKeyword.groovy:63)
	at com.kms.katalon.core.keyword.builtin.CallTestCaseKeyword$_callTestCase_closure1.call(CallTestCaseKeyword.groovy)
	at com.kms.katalon.core.keyword.internal.KeywordMain.runKeyword(KeywordMain.groovy:75)
	at com.kms.katalon.core.keyword.builtin.CallTestCaseKeyword.callTestCase(CallTestCaseKeyword.groovy:81)
	at com.kms.katalon.core.keyword.builtin.CallTestCaseKeyword.execute(CallTestCaseKeyword.groovy:44)
	at com.kms.katalon.core.keyword.internal.KeywordExecutor.executeKeywordForPlatform(KeywordExecutor.groovy:74)
	at com.kms.katalon.core.keyword.BuiltinKeywords.callTestCase(BuiltinKeywords.groovy:310)
	at REG003 - user should not be able to register using password lenght under 6 characters.run(REG003 - user should not be able to register using password lenght under 6 characters:37)
	at com.kms.katalon.core.main.ScriptEngine.run(ScriptEngine.java:194)
	at com.kms.katalon.core.main.ScriptEngine.runScriptAsRawText(ScriptEngine.java:119)
	at com.kms.katalon.core.main.TestCaseExecutor.runScript(TestCaseExecutor.java:448)
	at com.kms.katalon.core.main.TestCaseExecutor.doExecute(TestCaseExecutor.java:439)
	at com.kms.katalon.core.main.TestCaseExecutor.processExecutionPhase(TestCaseExecutor.java:418)
	at com.kms.katalon.core.main.TestCaseExecutor.accessMainPhase(TestCaseExecutor.java:410)
	at com.kms.katalon.core.main.TestCaseExecutor.execute(TestCaseExecutor.java:285)
	at com.kms.katalon.core.main.TestCaseExecutor.execute(TestCaseExecutor.java:369)
	at com.kms.katalon.core.main.TestCaseExecutor.execute(TestCaseExecutor.java:369)
	at com.kms.katalon.core.main.TestCaseExecutor.execute(TestCaseExecutor.java:369)
	at com.kms.katalon.core.common.CommonExecutor.accessTestCaseMainPhase(CommonExecutor.java:65)
	at com.kms.katalon.core.main.TestSuiteExecutor.accessTestSuiteMainPhase(TestSuiteExecutor.java:148)
	at com.kms.katalon.core.main.TestSuiteExecutor.execute(TestSuiteExecutor.java:106)
	at com.kms.katalon.core.main.TestCaseMain.startTestSuite(TestCaseMain.java:187)
	at com.kms.katalon.core.main.TestCaseMain$startTestSuite$0.call(Unknown Source)
	at TempTestSuite1689859487170.run(TempTestSuite1689859487170.groovy:36)
Caused by: com.kms.katalon.core.exception.StepFailedException: Unable to verify object 'Object Repository/secondhand-web/Registration/label error message' is present
	at com.kms.katalon.core.webui.keyword.internal.WebUIKeywordMain.stepFailed(WebUIKeywordMain.groovy:64)
	at com.kms.katalon.core.webui.keyword.internal.WebUIKeywordMain.runKeyword(WebUIKeywordMain.groovy:26)
	at com.kms.katalon.core.webui.keyword.builtin.VerifyElementPresentKeyword.verifyElementPresent(VerifyElementPresentKeyword.groovy:92)
	at com.kms.katalon.core.webui.keyword.builtin.VerifyElementPresentKeyword.execute(VerifyElementPresentKeyword.groovy:68)
	at com.kms.katalon.core.keyword.internal.KeywordExecutor.executeKeywordForPlatform(KeywordExecutor.groovy:74)
	at com.kms.katalon.core.webui.keyword.WebUiBuiltInKeywords.verifyElementPresent(WebUiBuiltInKeywords.groovy:1464)
	at com.kms.katalon.core.webui.keyword.WebUiBuiltInKeywords$verifyElementPresent$8.call(Unknown Source)
	at Read Error Messages.run(Read Error Messages:21)
	at com.kms.katalon.core.main.ScriptEngine.run(ScriptEngine.java:194)
	at com.kms.katalon.core.main.ScriptEngine.runScriptAsRawText(ScriptEngine.java:119)
	at com.kms.katalon.core.main.TestCaseExecutor.runScript(TestCaseExecutor.java:448)
	at com.kms.katalon.core.main.TestCaseExecutor.doExecute(TestCaseExecutor.java:439)
	at com.kms.katalon.core.main.TestCaseExecutor.processExecutionPhase(TestCaseExecutor.java:418)
	at com.kms.katalon.core.main.TestCaseExecutor.accessMainPhase(TestCaseExecutor.java:410)
	at com.kms.katalon.core.main.TestCaseExecutor.execute(TestCaseExecutor.java:285)
	at com.kms.katalon.core.main.TestCaseMain.runTestCase(TestCaseMain.java:144)
	at com.kms.katalon.core.keyword.builtin.CallTestCaseKeyword$_callTestCase_closure1.doCall(CallTestCaseKeyword.groovy:59)
	... 23 more
Caused by: com.kms.katalon.core.exception.StepFailedException: com.kms.katalon.core.webui.exception.WebElementNotFoundException: Web element with id: 'Object Repository/secondhand-web/Registration/label error message' located by '//div[@id='login_button_container']/div/form/div[3]/h3' not found
	at com.kms.katalon.core.webui.keyword.internal.WebUIKeywordMain.stepFailed(WebUIKeywordMain.groovy:64)
	at com.kms.katalon.core.webui.keyword.builtin.VerifyElementPresentKeyword$_verifyElementPresent_closure1.doCall(VerifyElementPresentKeyword.groovy:85)
	at com.kms.katalon.core.webui.keyword.builtin.VerifyElementPresentKeyword$_verifyElementPresent_closure1.call(VerifyElementPresentKeyword.groovy)
	at com.kms.katalon.core.webui.keyword.internal.WebUIKeywordMain.runKeyword(WebUIKeywordMain.groovy:20)
	... 38 more


2023-07-20 20:27:34 - [TEST_STEP][PASSED] - callTestCase(findTestCase("secondhand-web/Common/Launch Web"), [:], STOP_ON_FAILURE): Call Test Case 'Test Cases/secondhand-web/Common/Launch Web' successfully

2023-07-20 20:27:34 - [MESSAGE][INFO] - Checking called Test Case

2023-07-20 20:27:34 - [MESSAGE][INFO] - Starting to call Test Case 'Test Cases/secondhand-web/Common/Launch Web'

2023-07-20 20:27:34 - [TEST_CASE][PASSED] - Test Cases/secondhand-web/Common/Launch Web: Test Cases/secondhand-web/Common/Launch Web

2023-07-20 20:27:34 - [TEST_STEP][PASSED] - openBrowser(""): Browser is opened with url: ''

2023-07-20 20:27:34 - [MESSAGE][INFO] - Opening browser

2023-07-20 20:27:34 - [MESSAGE][WARNING] - A browser is already opened. Closing browser and opening a new one

2023-07-20 20:27:35 - [MESSAGE][INFO] - Starting 'Chrome' driver

2023-07-20 20:27:35 - [MESSAGE][INFO] - Action delay is set to 0 milliseconds

2023-07-20 20:27:36 - [MESSAGE][PASSED] - Browser is opened with url: ''

2023-07-20 20:27:36 - [TEST_STEP][PASSED] - maximizeWindow(): Current window maximized

2023-07-20 20:27:36 - [MESSAGE][INFO] - Maximizing current window

2023-07-20 20:27:37 - [MESSAGE][PASSED] - Current window maximized

2023-07-20 20:27:37 - [MESSAGE][PASSED] - Call Test Case 'Test Cases/secondhand-web/Common/Launch Web' successfully

2023-07-20 20:27:37 - [TEST_STEP][PASSED] - callTestCase(findTestCase("secondhand-web/Common/Navigate To Web"), [:], STOP_ON_FAILURE): Call Test Case 'Test Cases/secondhand-web/Common/Navigate To Web' successfully

2023-07-20 20:27:37 - [MESSAGE][INFO] - Checking called Test Case

2023-07-20 20:27:37 - [MESSAGE][INFO] - Starting to call Test Case 'Test Cases/secondhand-web/Common/Navigate To Web'

2023-07-20 20:27:37 - [TEST_CASE][PASSED] - Test Cases/secondhand-web/Common/Navigate To Web: Test Cases/secondhand-web/Common/Navigate To Web

2023-07-20 20:27:37 - [TEST_STEP][PASSED] - navigateToUrl(baseUrl): Navigate to 'https://secondhand.binaracademy.org/' successfully

2023-07-20 20:27:37 - [MESSAGE][INFO] - Checking url

2023-07-20 20:27:37 - [MESSAGE][INFO] - Navigating to 'https://secondhand.binaracademy.org/'

2023-07-20 20:27:38 - [MESSAGE][PASSED] - Navigate to 'https://secondhand.binaracademy.org/' successfully

2023-07-20 20:27:38 - [MESSAGE][PASSED] - Call Test Case 'Test Cases/secondhand-web/Common/Navigate To Web' successfully

2023-07-20 20:27:38 - [TEST_STEP][PASSED] - callTestCase(findTestCase("secondhand-web/Pages/User Registration/Open Registration Page"), [:], STOP_ON_FAILURE): Call Test Case 'Test Cases/secondhand-web/Pages/User Registration/Open Registration Page' successfully

2023-07-20 20:27:38 - [MESSAGE][INFO] - Checking called Test Case

2023-07-20 20:27:38 - [MESSAGE][INFO] - Starting to call Test Case 'Test Cases/secondhand-web/Pages/User Registration/Open Registration Page'

2023-07-20 20:27:38 - [TEST_CASE][PASSED] - Test Cases/secondhand-web/Pages/User Registration/Open Registration Page: Test Cases/secondhand-web/Pages/User Registration/Open Registration Page

2023-07-20 20:27:38 - [TEST_STEP][PASSED] - verifyElementVisible(findTestObject("secondhand-web/Registration/buttonMasuk in landing page")): Object 'Object Repository/secondhand-web/Registration/buttonMasuk in landing page' is visible

2023-07-20 20:27:38 - [MESSAGE][INFO] - Finding Test Object 'Object Repository/secondhand-web/Registration/buttonMasuk in landing page'

2023-07-20 20:27:38 - [MESSAGE][INFO] - Checking object

2023-07-20 20:27:38 - [MESSAGE][INFO] - Finding web element from Test Object's properties

2023-07-20 20:27:38 - [MESSAGE][INFO] - Checking timeout

2023-07-20 20:27:38 - [MESSAGE][INFO] - Finding web element with id: 'Object Repository/secondhand-web/Registration/buttonMasuk in landing page' located by 'By.xpath: //a[@class="btn btn-primary"]' in '30' second(s)

2023-07-20 20:27:38 - [MESSAGE][INFO] - Smart Wait Function is triggered

2023-07-20 20:27:39 - [MESSAGE][INFO] - Found 1 web elements with id: 'Object Repository/secondhand-web/Registration/buttonMasuk in landing page' located by 'By.xpath: //a[@class="btn btn-primary"]' in '30' second(s)

2023-07-20 20:27:39 - [MESSAGE][PASSED] - Object 'Object Repository/secondhand-web/Registration/buttonMasuk in landing page' is visible

2023-07-20 20:27:39 - [TEST_STEP][PASSED] - click(findTestObject("secondhand-web/Registration/buttonMasuk in landing page")): Object: 'Object Repository/secondhand-web/Registration/buttonMasuk in landing page' is clicked on

2023-07-20 20:27:39 - [MESSAGE][INFO] - Finding Test Object 'Object Repository/secondhand-web/Registration/buttonMasuk in landing page'

2023-07-20 20:27:39 - [MESSAGE][INFO] - Checking object

2023-07-20 20:27:39 - [MESSAGE][INFO] - Checking timeout

2023-07-20 20:27:39 - [MESSAGE][INFO] - Finding web element from Test Object's properties

2023-07-20 20:27:39 - [MESSAGE][INFO] - Checking timeout

2023-07-20 20:27:39 - [MESSAGE][INFO] - Finding web element with id: 'Object Repository/secondhand-web/Registration/buttonMasuk in landing page' located by 'By.xpath: //a[@class="btn btn-primary"]' in '30' second(s)

2023-07-20 20:27:39 - [MESSAGE][INFO] - Smart Wait Function is triggered

2023-07-20 20:27:39 - [MESSAGE][INFO] - Found 1 web elements with id: 'Object Repository/secondhand-web/Registration/buttonMasuk in landing page' located by 'By.xpath: //a[@class="btn btn-primary"]' in '30' second(s)

2023-07-20 20:27:39 - [MESSAGE][INFO] - Clicking on object: 'Object Repository/secondhand-web/Registration/buttonMasuk in landing page'

2023-07-20 20:27:39 - [MESSAGE][PASSED] - Object: 'Object Repository/secondhand-web/Registration/buttonMasuk in landing page' is clicked on

2023-07-20 20:27:39 - [TEST_STEP][PASSED] - click(findTestObject("secondhand-web/Registration/buttonDaftarDisini in login page")): Object: 'Object Repository/secondhand-web/Registration/buttonDaftarDisini in login page' is clicked on

2023-07-20 20:27:39 - [MESSAGE][INFO] - Finding Test Object 'Object Repository/secondhand-web/Registration/buttonDaftarDisini in login page'

2023-07-20 20:27:39 - [MESSAGE][INFO] - Checking object

2023-07-20 20:27:39 - [MESSAGE][INFO] - Checking timeout

2023-07-20 20:27:39 - [MESSAGE][INFO] - Finding web element from Test Object's properties

2023-07-20 20:27:39 - [MESSAGE][INFO] - Checking timeout

2023-07-20 20:27:39 - [MESSAGE][INFO] - Finding web element with id: 'Object Repository/secondhand-web/Registration/buttonDaftarDisini in login page' located by 'By.xpath: //a[@class="fw-bold"]' in '30' second(s)

2023-07-20 20:27:39 - [MESSAGE][INFO] - Smart Wait Function is triggered

2023-07-20 20:27:40 - [MESSAGE][INFO] - Found 1 web elements with id: 'Object Repository/secondhand-web/Registration/buttonDaftarDisini in login page' located by 'By.xpath: //a[@class="fw-bold"]' in '30' second(s)

2023-07-20 20:27:40 - [MESSAGE][INFO] - Clicking on object: 'Object Repository/secondhand-web/Registration/buttonDaftarDisini in login page'

2023-07-20 20:27:40 - [MESSAGE][PASSED] - Object: 'Object Repository/secondhand-web/Registration/buttonDaftarDisini in login page' is clicked on

2023-07-20 20:27:40 - [MESSAGE][PASSED] - Call Test Case 'Test Cases/secondhand-web/Pages/User Registration/Open Registration Page' successfully

2023-07-20 20:27:40 - [TEST_STEP][PASSED] - callTestCase(findTestCase("secondhand-web/Pages/User Registration/Input Username"), ["username":unameOktaSeller], STOP_ON_FAILURE): Call Test Case 'Test Cases/secondhand-web/Pages/User Registration/Input Username' successfully

2023-07-20 20:27:40 - [MESSAGE][INFO] - Checking called Test Case

2023-07-20 20:27:40 - [MESSAGE][INFO] - Starting to call Test Case 'Test Cases/secondhand-web/Pages/User Registration/Input Username'

2023-07-20 20:27:40 - [TEST_CASE][PASSED] - Test Cases/secondhand-web/Pages/User Registration/Input Username: Test Cases/secondhand-web/Pages/User Registration/Input Username

2023-07-20 20:27:40 - [TEST_STEP][PASSED] - waitForElementVisible(findTestObject("secondhand-web/Registration/input user_name"), 3): Object 'Object Repository/secondhand-web/Registration/input user_name' is visible

2023-07-20 20:27:40 - [MESSAGE][INFO] - Finding Test Object 'Object Repository/secondhand-web/Registration/input user_name'

2023-07-20 20:27:40 - [MESSAGE][INFO] - Checking object

2023-07-20 20:27:40 - [MESSAGE][INFO] - Checking timeout

2023-07-20 20:27:40 - [MESSAGE][INFO] - Finding web element from Test Object's properties

2023-07-20 20:27:40 - [MESSAGE][INFO] - Checking timeout

2023-07-20 20:27:40 - [MESSAGE][INFO] - Finding web element with id: 'Object Repository/secondhand-web/Registration/input user_name' located by 'By.xpath: //input[@id="user_name"]' in '3' second(s)

2023-07-20 20:27:40 - [MESSAGE][INFO] - Smart Wait Function is triggered

2023-07-20 20:27:41 - [MESSAGE][INFO] - Found 1 web elements with id: 'Object Repository/secondhand-web/Registration/input user_name' located by 'By.xpath: //input[@id="user_name"]' in '3' second(s)

2023-07-20 20:27:41 - [MESSAGE][PASSED] - Object 'Object Repository/secondhand-web/Registration/input user_name' is visible

2023-07-20 20:27:41 - [TEST_STEP][PASSED] - setText(findTestObject("secondhand-web/Registration/input user_name"), username): Text 'Oktavia DPP_Seller' is set on object 'Object Repository/secondhand-web/Registration/input user_name'

2023-07-20 20:27:41 - [MESSAGE][INFO] - Finding Test Object 'Object Repository/secondhand-web/Registration/input user_name'

2023-07-20 20:27:41 - [MESSAGE][INFO] - Checking object

2023-07-20 20:27:41 - [MESSAGE][INFO] - Checking text

2023-07-20 20:27:41 - [MESSAGE][INFO] - Finding web element from Test Object's properties

2023-07-20 20:27:41 - [MESSAGE][INFO] - Checking timeout

2023-07-20 20:27:41 - [MESSAGE][INFO] - Finding web element with id: 'Object Repository/secondhand-web/Registration/input user_name' located by 'By.xpath: //input[@id="user_name"]' in '30' second(s)

2023-07-20 20:27:41 - [MESSAGE][INFO] - Smart Wait Function is triggered

2023-07-20 20:27:41 - [MESSAGE][INFO] - Found 1 web elements with id: 'Object Repository/secondhand-web/Registration/input user_name' located by 'By.xpath: //input[@id="user_name"]' in '30' second(s)

2023-07-20 20:27:41 - [MESSAGE][INFO] - Clearing text of object 'Object Repository/secondhand-web/Registration/input user_name'

2023-07-20 20:27:41 - [MESSAGE][INFO] - Finding web element from Test Object's properties

2023-07-20 20:27:41 - [MESSAGE][INFO] - Checking timeout

2023-07-20 20:27:41 - [MESSAGE][INFO] - Finding web element with id: 'Object Repository/secondhand-web/Registration/input user_name' located by 'By.xpath: //input[@id="user_name"]' in '30' second(s)

2023-07-20 20:27:41 - [MESSAGE][INFO] - Smart Wait Function is triggered

2023-07-20 20:27:42 - [MESSAGE][INFO] - Found 1 web elements with id: 'Object Repository/secondhand-web/Registration/input user_name' located by 'By.xpath: //input[@id="user_name"]' in '30' second(s)

2023-07-20 20:27:42 - [MESSAGE][INFO] - Setting text of object 'Object Repository/secondhand-web/Registration/input user_name' to value 'Oktavia DPP_Seller'

2023-07-20 20:27:42 - [MESSAGE][PASSED] - Text 'Oktavia DPP_Seller' is set on object 'Object Repository/secondhand-web/Registration/input user_name'

2023-07-20 20:27:42 - [TEST_STEP][PASSED] - takeScreenshot(): Taking screenshot successfully

2023-07-20 20:27:42 - [MESSAGE][INFO] - Smart Wait Function is triggered

2023-07-20 20:27:43 - [MESSAGE][PASSED] - Taking screenshot successfully
[[ATTACHMENT|D:\\Binar Academy\\Platinum Challenge\\SQA-Wave9-Kelompok2\\Reports\\20230720_202447\\secondhand-web\\Feature Register\\20230720_202447\\1689859662509.png]]

2023-07-20 20:27:43 - [MESSAGE][PASSED] - Call Test Case 'Test Cases/secondhand-web/Pages/User Registration/Input Username' successfully

2023-07-20 20:27:43 - [TEST_STEP][PASSED] - callTestCase(findTestCase("secondhand-web/Pages/User Registration/Input Email"), ["email":invalidEmail], STOP_ON_FAILURE): Call Test Case 'Test Cases/secondhand-web/Pages/User Registration/Input Email' successfully

2023-07-20 20:27:43 - [MESSAGE][INFO] - Checking called Test Case

2023-07-20 20:27:43 - [MESSAGE][INFO] - Starting to call Test Case 'Test Cases/secondhand-web/Pages/User Registration/Input Email'

2023-07-20 20:27:43 - [TEST_CASE][PASSED] - Test Cases/secondhand-web/Pages/User Registration/Input Email: Test Cases/secondhand-web/Pages/User Registration/Input Email

2023-07-20 20:27:43 - [TEST_STEP][PASSED] - waitForElementVisible(findTestObject("secondhand-web/Registration/input user_email"), 3): Object 'Object Repository/secondhand-web/Registration/input user_email' is visible

2023-07-20 20:27:43 - [MESSAGE][INFO] - Finding Test Object 'Object Repository/secondhand-web/Registration/input user_email'

2023-07-20 20:27:43 - [MESSAGE][INFO] - Checking object

2023-07-20 20:27:43 - [MESSAGE][INFO] - Checking timeout

2023-07-20 20:27:43 - [MESSAGE][INFO] - Finding web element from Test Object's properties

2023-07-20 20:27:43 - [MESSAGE][INFO] - Checking timeout

2023-07-20 20:27:43 - [MESSAGE][INFO] - Finding web element with id: 'Object Repository/secondhand-web/Registration/input user_email' located by 'By.xpath: //input[@id="user_email"]' in '3' second(s)

2023-07-20 20:27:43 - [MESSAGE][INFO] - Smart Wait Function is triggered

2023-07-20 20:27:43 - [MESSAGE][INFO] - Found 1 web elements with id: 'Object Repository/secondhand-web/Registration/input user_email' located by 'By.xpath: //input[@id="user_email"]' in '3' second(s)

2023-07-20 20:27:43 - [MESSAGE][PASSED] - Object 'Object Repository/secondhand-web/Registration/input user_email' is visible

2023-07-20 20:27:43 - [TEST_STEP][PASSED] - setText(findTestObject("secondhand-web/Registration/input user_email"), email): Text '$oktaviadpp_seller@gmail.com' is set on object 'Object Repository/secondhand-web/Registration/input user_email'

2023-07-20 20:27:43 - [MESSAGE][INFO] - Finding Test Object 'Object Repository/secondhand-web/Registration/input user_email'

2023-07-20 20:27:43 - [MESSAGE][INFO] - Checking object

2023-07-20 20:27:43 - [MESSAGE][INFO] - Checking text

2023-07-20 20:27:43 - [MESSAGE][INFO] - Finding web element from Test Object's properties

2023-07-20 20:27:43 - [MESSAGE][INFO] - Checking timeout

2023-07-20 20:27:43 - [MESSAGE][INFO] - Finding web element with id: 'Object Repository/secondhand-web/Registration/input user_email' located by 'By.xpath: //input[@id="user_email"]' in '30' second(s)

2023-07-20 20:27:43 - [MESSAGE][INFO] - Smart Wait Function is triggered

2023-07-20 20:27:43 - [MESSAGE][INFO] - Found 1 web elements with id: 'Object Repository/secondhand-web/Registration/input user_email' located by 'By.xpath: //input[@id="user_email"]' in '30' second(s)

2023-07-20 20:27:43 - [MESSAGE][INFO] - Clearing text of object 'Object Repository/secondhand-web/Registration/input user_email'

2023-07-20 20:27:44 - [MESSAGE][INFO] - Finding web element from Test Object's properties

2023-07-20 20:27:44 - [MESSAGE][INFO] - Checking timeout

2023-07-20 20:27:44 - [MESSAGE][INFO] - Finding web element with id: 'Object Repository/secondhand-web/Registration/input user_email' located by 'By.xpath: //input[@id="user_email"]' in '30' second(s)

2023-07-20 20:27:44 - [MESSAGE][INFO] - Smart Wait Function is triggered

2023-07-20 20:27:44 - [MESSAGE][INFO] - Found 1 web elements with id: 'Object Repository/secondhand-web/Registration/input user_email' located by 'By.xpath: //input[@id="user_email"]' in '30' second(s)

2023-07-20 20:27:44 - [MESSAGE][INFO] - Setting text of object 'Object Repository/secondhand-web/Registration/input user_email' to value '$oktaviadpp_seller@gmail.com'

2023-07-20 20:27:44 - [MESSAGE][PASSED] - Text '$oktaviadpp_seller@gmail.com' is set on object 'Object Repository/secondhand-web/Registration/input user_email'

2023-07-20 20:27:44 - [TEST_STEP][PASSED] - takeScreenshot(): Taking screenshot successfully

2023-07-20 20:27:44 - [MESSAGE][INFO] - Smart Wait Function is triggered

2023-07-20 20:27:45 - [MESSAGE][PASSED] - Taking screenshot successfully
[[ATTACHMENT|D:\\Binar Academy\\Platinum Challenge\\SQA-Wave9-Kelompok2\\Reports\\20230720_202447\\secondhand-web\\Feature Register\\20230720_202447\\1689859664763.png]]

2023-07-20 20:27:45 - [MESSAGE][PASSED] - Call Test Case 'Test Cases/secondhand-web/Pages/User Registration/Input Email' successfully

2023-07-20 20:27:45 - [TEST_STEP][PASSED] - callTestCase(findTestCase("secondhand-web/Pages/User Registration/Input Password"), ["password":invalidPassword], STOP_ON_FAILURE): Call Test Case 'Test Cases/secondhand-web/Pages/User Registration/Input Password' successfully

2023-07-20 20:27:45 - [MESSAGE][INFO] - Checking called Test Case

2023-07-20 20:27:45 - [MESSAGE][INFO] - Starting to call Test Case 'Test Cases/secondhand-web/Pages/User Registration/Input Password'

2023-07-20 20:27:45 - [TEST_CASE][PASSED] - Test Cases/secondhand-web/Pages/User Registration/Input Password: Test Cases/secondhand-web/Pages/User Registration/Input Password

2023-07-20 20:27:45 - [TEST_STEP][PASSED] - waitForElementVisible(findTestObject("secondhand-web/Registration/input user_password"), 3): Object 'Object Repository/secondhand-web/Registration/input user_password' is visible

2023-07-20 20:27:45 - [MESSAGE][INFO] - Finding Test Object 'Object Repository/secondhand-web/Registration/input user_password'

2023-07-20 20:27:45 - [MESSAGE][INFO] - Checking object

2023-07-20 20:27:45 - [MESSAGE][INFO] - Checking timeout

2023-07-20 20:27:45 - [MESSAGE][INFO] - Finding web element from Test Object's properties

2023-07-20 20:27:45 - [MESSAGE][INFO] - Checking timeout

2023-07-20 20:27:45 - [MESSAGE][INFO] - Finding web element with id: 'Object Repository/secondhand-web/Registration/input user_password' located by 'By.xpath: //input[@id="user_password"]' in '3' second(s)

2023-07-20 20:27:45 - [MESSAGE][INFO] - Smart Wait Function is triggered

2023-07-20 20:27:45 - [MESSAGE][INFO] - Found 1 web elements with id: 'Object Repository/secondhand-web/Registration/input user_password' located by 'By.xpath: //input[@id="user_password"]' in '3' second(s)

2023-07-20 20:27:45 - [MESSAGE][PASSED] - Object 'Object Repository/secondhand-web/Registration/input user_password' is visible

2023-07-20 20:27:45 - [TEST_STEP][PASSED] - setText(findTestObject("secondhand-web/Registration/input user_password"), password): Text '123' is set on object 'Object Repository/secondhand-web/Registration/input user_password'

2023-07-20 20:27:45 - [MESSAGE][INFO] - Finding Test Object 'Object Repository/secondhand-web/Registration/input user_password'

2023-07-20 20:27:45 - [MESSAGE][INFO] - Checking object

2023-07-20 20:27:45 - [MESSAGE][INFO] - Checking text

2023-07-20 20:27:45 - [MESSAGE][INFO] - Finding web element from Test Object's properties

2023-07-20 20:27:45 - [MESSAGE][INFO] - Checking timeout

2023-07-20 20:27:45 - [MESSAGE][INFO] - Finding web element with id: 'Object Repository/secondhand-web/Registration/input user_password' located by 'By.xpath: //input[@id="user_password"]' in '30' second(s)

2023-07-20 20:27:45 - [MESSAGE][INFO] - Smart Wait Function is triggered

2023-07-20 20:27:46 - [MESSAGE][INFO] - Found 1 web elements with id: 'Object Repository/secondhand-web/Registration/input user_password' located by 'By.xpath: //input[@id="user_password"]' in '30' second(s)

2023-07-20 20:27:46 - [MESSAGE][INFO] - Clearing text of object 'Object Repository/secondhand-web/Registration/input user_password'

2023-07-20 20:27:46 - [MESSAGE][INFO] - Finding web element from Test Object's properties

2023-07-20 20:27:46 - [MESSAGE][INFO] - Checking timeout

2023-07-20 20:27:46 - [MESSAGE][INFO] - Finding web element with id: 'Object Repository/secondhand-web/Registration/input user_password' located by 'By.xpath: //input[@id="user_password"]' in '30' second(s)

2023-07-20 20:27:46 - [MESSAGE][INFO] - Smart Wait Function is triggered

2023-07-20 20:27:46 - [MESSAGE][INFO] - Found 1 web elements with id: 'Object Repository/secondhand-web/Registration/input user_password' located by 'By.xpath: //input[@id="user_password"]' in '30' second(s)

2023-07-20 20:27:46 - [MESSAGE][INFO] - Setting text of object 'Object Repository/secondhand-web/Registration/input user_password' to value '123'

2023-07-20 20:27:46 - [MESSAGE][PASSED] - Text '123' is set on object 'Object Repository/secondhand-web/Registration/input user_password'

2023-07-20 20:27:46 - [TEST_STEP][PASSED] - takeScreenshot(): Taking screenshot successfully

2023-07-20 20:27:46 - [MESSAGE][INFO] - Smart Wait Function is triggered

2023-07-20 20:27:47 - [MESSAGE][PASSED] - Taking screenshot successfully
[[ATTACHMENT|D:\\Binar Academy\\Platinum Challenge\\SQA-Wave9-Kelompok2\\Reports\\20230720_202447\\secondhand-web\\Feature Register\\20230720_202447\\1689859666883.png]]

2023-07-20 20:27:47 - [MESSAGE][PASSED] - Call Test Case 'Test Cases/secondhand-web/Pages/User Registration/Input Password' successfully

2023-07-20 20:27:47 - [TEST_STEP][PASSED] - callTestCase(findTestCase("secondhand-web/Pages/User Registration/Click button Daftar"), [:], STOP_ON_FAILURE): Call Test Case 'Test Cases/secondhand-web/Pages/User Registration/Click button Daftar' successfully

2023-07-20 20:27:47 - [MESSAGE][INFO] - Checking called Test Case

2023-07-20 20:27:47 - [MESSAGE][INFO] - Starting to call Test Case 'Test Cases/secondhand-web/Pages/User Registration/Click button Daftar'

2023-07-20 20:27:47 - [TEST_CASE][PASSED] - Test Cases/secondhand-web/Pages/User Registration/Click button Daftar: Test Cases/secondhand-web/Pages/User Registration/Click button Daftar

2023-07-20 20:27:47 - [TEST_STEP][PASSED] - verifyElementVisible(findTestObject("secondhand-web/Registration/button daftar in register page")): Object 'Object Repository/secondhand-web/Registration/button daftar in register page' is visible

2023-07-20 20:27:47 - [MESSAGE][INFO] - Finding Test Object 'Object Repository/secondhand-web/Registration/button daftar in register page'

2023-07-20 20:27:47 - [MESSAGE][INFO] - Checking object

2023-07-20 20:27:47 - [MESSAGE][INFO] - Finding web element from Test Object's properties

2023-07-20 20:27:47 - [MESSAGE][INFO] - Checking timeout

2023-07-20 20:27:47 - [MESSAGE][INFO] - Finding web element with id: 'Object Repository/secondhand-web/Registration/button daftar in register page' located by 'By.xpath: //input[@name="commit"]' in '30' second(s)

2023-07-20 20:27:47 - [MESSAGE][INFO] - Smart Wait Function is triggered

2023-07-20 20:27:47 - [MESSAGE][INFO] - Found 1 web elements with id: 'Object Repository/secondhand-web/Registration/button daftar in register page' located by 'By.xpath: //input[@name="commit"]' in '30' second(s)

2023-07-20 20:27:47 - [MESSAGE][PASSED] - Object 'Object Repository/secondhand-web/Registration/button daftar in register page' is visible

2023-07-20 20:27:47 - [TEST_STEP][PASSED] - click(findTestObject("secondhand-web/Registration/button daftar in register page")): Object: 'Object Repository/secondhand-web/Registration/button daftar in register page' is clicked on

2023-07-20 20:27:47 - [MESSAGE][INFO] - Finding Test Object 'Object Repository/secondhand-web/Registration/button daftar in register page'

2023-07-20 20:27:48 - [MESSAGE][INFO] - Checking object

2023-07-20 20:27:48 - [MESSAGE][INFO] - Checking timeout

2023-07-20 20:27:48 - [MESSAGE][INFO] - Finding web element from Test Object's properties

2023-07-20 20:27:48 - [MESSAGE][INFO] - Checking timeout

2023-07-20 20:27:48 - [MESSAGE][INFO] - Finding web element with id: 'Object Repository/secondhand-web/Registration/button daftar in register page' located by 'By.xpath: //input[@name="commit"]' in '30' second(s)

2023-07-20 20:27:48 - [MESSAGE][INFO] - Smart Wait Function is triggered

2023-07-20 20:27:48 - [MESSAGE][INFO] - Found 1 web elements with id: 'Object Repository/secondhand-web/Registration/button daftar in register page' located by 'By.xpath: //input[@name="commit"]' in '30' second(s)

2023-07-20 20:27:48 - [MESSAGE][INFO] - Clicking on object: 'Object Repository/secondhand-web/Registration/button daftar in register page'

2023-07-20 20:27:48 - [MESSAGE][PASSED] - Object: 'Object Repository/secondhand-web/Registration/button daftar in register page' is clicked on

2023-07-20 20:27:48 - [MESSAGE][PASSED] - Call Test Case 'Test Cases/secondhand-web/Pages/User Registration/Click button Daftar' successfully

2023-07-20 20:27:48 - [TEST_STEP][FAILED] - callTestCase(findTestCase("secondhand-web/Pages/User Registration/Read Error Messages"), ["expected":errorMessagesNotMatch], STOP_ON_FAILURE): Unable to call Test Case 'Test Cases/secondhand-web/Pages/User Registration/Read Error Messages' (Root cause: com.kms.katalon.core.exception.StepFailedException: Call Test Case 'Test Cases/secondhand-web/Pages/User Registration/Read Error Messages' failed
	at com.kms.katalon.core.keyword.builtin.CallTestCaseKeyword$_callTestCase_closure1.doCall(CallTestCaseKeyword.groovy:63)
	at com.kms.katalon.core.keyword.builtin.CallTestCaseKeyword$_callTestCase_closure1.call(CallTestCaseKeyword.groovy)
	at com.kms.katalon.core.keyword.internal.KeywordMain.runKeyword(KeywordMain.groovy:75)
	at com.kms.katalon.core.keyword.builtin.CallTestCaseKeyword.callTestCase(CallTestCaseKeyword.groovy:81)
	at com.kms.katalon.core.keyword.builtin.CallTestCaseKeyword.execute(CallTestCaseKeyword.groovy:44)
	at com.kms.katalon.core.keyword.internal.KeywordExecutor.executeKeywordForPlatform(KeywordExecutor.groovy:74)
	at com.kms.katalon.core.keyword.BuiltinKeywords.callTestCase(BuiltinKeywords.groovy:310)
	at REG003 - user should not be able to register using password lenght under 6 characters.run(REG003 - user should not be able to register using password lenght under 6 characters:37)
	at com.kms.katalon.core.main.ScriptEngine.run(ScriptEngine.java:194)
	at com.kms.katalon.core.main.ScriptEngine.runScriptAsRawText(ScriptEngine.java:119)
	at com.kms.katalon.core.main.TestCaseExecutor.runScript(TestCaseExecutor.java:448)
	at com.kms.katalon.core.main.TestCaseExecutor.doExecute(TestCaseExecutor.java:439)
	at com.kms.katalon.core.main.TestCaseExecutor.processExecutionPhase(TestCaseExecutor.java:418)
	at com.kms.katalon.core.main.TestCaseExecutor.accessMainPhase(TestCaseExecutor.java:410)
	at com.kms.katalon.core.main.TestCaseExecutor.execute(TestCaseExecutor.java:285)
	at com.kms.katalon.core.main.TestCaseExecutor.execute(TestCaseExecutor.java:369)
	at com.kms.katalon.core.main.TestCaseExecutor.execute(TestCaseExecutor.java:369)
	at com.kms.katalon.core.main.TestCaseExecutor.execute(TestCaseExecutor.java:369)
	at com.kms.katalon.core.common.CommonExecutor.accessTestCaseMainPhase(CommonExecutor.java:65)
	at com.kms.katalon.core.main.TestSuiteExecutor.accessTestSuiteMainPhase(TestSuiteExecutor.java:148)
	at com.kms.katalon.core.main.TestSuiteExecutor.execute(TestSuiteExecutor.java:106)
	at com.kms.katalon.core.main.TestCaseMain.startTestSuite(TestCaseMain.java:187)
	at com.kms.katalon.core.main.TestCaseMain$startTestSuite$0.call(Unknown Source)
	at TempTestSuite1689859487170.run(TempTestSuite1689859487170.groovy:36)
Caused by: com.kms.katalon.core.exception.StepFailedException: Unable to verify object 'Object Repository/secondhand-web/Registration/label error message' is present
	at com.kms.katalon.core.webui.keyword.internal.WebUIKeywordMain.stepFailed(WebUIKeywordMain.groovy:64)
	at com.kms.katalon.core.webui.keyword.internal.WebUIKeywordMain.runKeyword(WebUIKeywordMain.groovy:26)
	at com.kms.katalon.core.webui.keyword.builtin.VerifyElementPresentKeyword.verifyElementPresent(VerifyElementPresentKeyword.groovy:92)
	at com.kms.katalon.core.webui.keyword.builtin.VerifyElementPresentKeyword.execute(VerifyElementPresentKeyword.groovy:68)
	at com.kms.katalon.core.keyword.internal.KeywordExecutor.executeKeywordForPlatform(KeywordExecutor.groovy:74)
	at com.kms.katalon.core.webui.keyword.WebUiBuiltInKeywords.verifyElementPresent(WebUiBuiltInKeywords.groovy:1464)
	at com.kms.katalon.core.webui.keyword.WebUiBuiltInKeywords$verifyElementPresent$8.call(Unknown Source)
	at Read Error Messages.run(Read Error Messages:21)
	at com.kms.katalon.core.main.ScriptEngine.run(ScriptEngine.java:194)
	at com.kms.katalon.core.main.ScriptEngine.runScriptAsRawText(ScriptEngine.java:119)
	at com.kms.katalon.core.main.TestCaseExecutor.runScript(TestCaseExecutor.java:448)
	at com.kms.katalon.core.main.TestCaseExecutor.doExecute(TestCaseExecutor.java:439)
	at com.kms.katalon.core.main.TestCaseExecutor.processExecutionPhase(TestCaseExecutor.java:418)
	at com.kms.katalon.core.main.TestCaseExecutor.accessMainPhase(TestCaseExecutor.java:410)
	at com.kms.katalon.core.main.TestCaseExecutor.execute(TestCaseExecutor.java:285)
	at com.kms.katalon.core.main.TestCaseMain.runTestCase(TestCaseMain.java:144)
	at com.kms.katalon.core.keyword.builtin.CallTestCaseKeyword$_callTestCase_closure1.doCall(CallTestCaseKeyword.groovy:59)
	... 23 more
Caused by: com.kms.katalon.core.exception.StepFailedException: com.kms.katalon.core.webui.exception.WebElementNotFoundException: Web element with id: 'Object Repository/secondhand-web/Registration/label error message' located by '//div[@id='login_button_container']/div/form/div[3]/h3' not found
	at com.kms.katalon.core.webui.keyword.internal.WebUIKeywordMain.stepFailed(WebUIKeywordMain.groovy:64)
	at com.kms.katalon.core.webui.keyword.builtin.VerifyElementPresentKeyword$_verifyElementPresent_closure1.doCall(VerifyElementPresentKeyword.groovy:85)
	at com.kms.katalon.core.webui.keyword.builtin.VerifyElementPresentKeyword$_verifyElementPresent_closure1.call(VerifyElementPresentKeyword.groovy)
	at com.kms.katalon.core.webui.keyword.internal.WebUIKeywordMain.runKeyword(WebUIKeywordMain.groovy:20)
	... 38 more
)

2023-07-20 20:27:48 - [MESSAGE][INFO] - Checking called Test Case

2023-07-20 20:27:48 - [MESSAGE][INFO] - Starting to call Test Case 'Test Cases/secondhand-web/Pages/User Registration/Read Error Messages'

2023-07-20 20:27:48 - [TEST_CASE][FAILED] - Test Cases/secondhand-web/Pages/User Registration/Read Error Messages: Test Cases/secondhand-web/Pages/User Registration/Read Error Messages FAILED.
Reason:
com.kms.katalon.core.exception.StepFailedException: Unable to verify object 'Object Repository/secondhand-web/Registration/label error message' is present
	at com.kms.katalon.core.webui.keyword.internal.WebUIKeywordMain.stepFailed(WebUIKeywordMain.groovy:64)
	at com.kms.katalon.core.webui.keyword.internal.WebUIKeywordMain.runKeyword(WebUIKeywordMain.groovy:26)
	at com.kms.katalon.core.webui.keyword.builtin.VerifyElementPresentKeyword.verifyElementPresent(VerifyElementPresentKeyword.groovy:92)
	at com.kms.katalon.core.webui.keyword.builtin.VerifyElementPresentKeyword.execute(VerifyElementPresentKeyword.groovy:68)
	at com.kms.katalon.core.keyword.internal.KeywordExecutor.executeKeywordForPlatform(KeywordExecutor.groovy:74)
	at com.kms.katalon.core.webui.keyword.WebUiBuiltInKeywords.verifyElementPresent(WebUiBuiltInKeywords.groovy:1464)
	at com.kms.katalon.core.webui.keyword.WebUiBuiltInKeywords$verifyElementPresent$8.call(Unknown Source)
	at Read Error Messages.run(Read Error Messages:21)
	at com.kms.katalon.core.main.ScriptEngine.run(ScriptEngine.java:194)
	at com.kms.katalon.core.main.ScriptEngine.runScriptAsRawText(ScriptEngine.java:119)
	at com.kms.katalon.core.main.TestCaseExecutor.runScript(TestCaseExecutor.java:448)
	at com.kms.katalon.core.main.TestCaseExecutor.doExecute(TestCaseExecutor.java:439)
	at com.kms.katalon.core.main.TestCaseExecutor.processExecutionPhase(TestCaseExecutor.java:418)
	at com.kms.katalon.core.main.TestCaseExecutor.accessMainPhase(TestCaseExecutor.java:410)
	at com.kms.katalon.core.main.TestCaseExecutor.execute(TestCaseExecutor.java:285)
	at com.kms.katalon.core.main.TestCaseMain.runTestCase(TestCaseMain.java:144)
	at com.kms.katalon.core.keyword.builtin.CallTestCaseKeyword$_callTestCase_closure1.doCall(CallTestCaseKeyword.groovy:59)
	at com.kms.katalon.core.keyword.builtin.CallTestCaseKeyword$_callTestCase_closure1.call(CallTestCaseKeyword.groovy)
	at com.kms.katalon.core.keyword.internal.KeywordMain.runKeyword(KeywordMain.groovy:75)
	at com.kms.katalon.core.keyword.builtin.CallTestCaseKeyword.callTestCase(CallTestCaseKeyword.groovy:81)
	at com.kms.katalon.core.keyword.builtin.CallTestCaseKeyword.execute(CallTestCaseKeyword.groovy:44)
	at com.kms.katalon.core.keyword.internal.KeywordExecutor.executeKeywordForPlatform(KeywordExecutor.groovy:74)
	at com.kms.katalon.core.keyword.BuiltinKeywords.callTestCase(BuiltinKeywords.groovy:310)
	at REG003 - user should not be able to register using password lenght under 6 characters.run(REG003 - user should not be able to register using password lenght under 6 characters:37)
	at com.kms.katalon.core.main.ScriptEngine.run(ScriptEngine.java:194)
	at com.kms.katalon.core.main.ScriptEngine.runScriptAsRawText(ScriptEngine.java:119)
	at com.kms.katalon.core.main.TestCaseExecutor.runScript(TestCaseExecutor.java:448)
	at com.kms.katalon.core.main.TestCaseExecutor.doExecute(TestCaseExecutor.java:439)
	at com.kms.katalon.core.main.TestCaseExecutor.processExecutionPhase(TestCaseExecutor.java:418)
	at com.kms.katalon.core.main.TestCaseExecutor.accessMainPhase(TestCaseExecutor.java:410)
	at com.kms.katalon.core.main.TestCaseExecutor.execute(TestCaseExecutor.java:285)
	at com.kms.katalon.core.main.TestCaseExecutor.execute(TestCaseExecutor.java:369)
	at com.kms.katalon.core.main.TestCaseExecutor.execute(TestCaseExecutor.java:369)
	at com.kms.katalon.core.main.TestCaseExecutor.execute(TestCaseExecutor.java:369)
	at com.kms.katalon.core.common.CommonExecutor.accessTestCaseMainPhase(CommonExecutor.java:65)
	at com.kms.katalon.core.main.TestSuiteExecutor.accessTestSuiteMainPhase(TestSuiteExecutor.java:148)
	at com.kms.katalon.core.main.TestSuiteExecutor.execute(TestSuiteExecutor.java:106)
	at com.kms.katalon.core.main.TestCaseMain.startTestSuite(TestCaseMain.java:187)
	at com.kms.katalon.core.main.TestCaseMain$startTestSuite$0.call(Unknown Source)
	at TempTestSuite1689859487170.run(TempTestSuite1689859487170.groovy:36)
Caused by: com.kms.katalon.core.exception.StepFailedException: com.kms.katalon.core.webui.exception.WebElementNotFoundException: Web element with id: 'Object Repository/secondhand-web/Registration/label error message' located by '//div[@id='login_button_container']/div/form/div[3]/h3' not found
	at com.kms.katalon.core.webui.keyword.internal.WebUIKeywordMain.stepFailed(WebUIKeywordMain.groovy:64)
	at com.kms.katalon.core.webui.keyword.builtin.VerifyElementPresentKeyword$_verifyElementPresent_closure1.doCall(VerifyElementPresentKeyword.groovy:85)
	at com.kms.katalon.core.webui.keyword.builtin.VerifyElementPresentKeyword$_verifyElementPresent_closure1.call(VerifyElementPresentKeyword.groovy)
	at com.kms.katalon.core.webui.keyword.internal.WebUIKeywordMain.runKeyword(WebUIKeywordMain.groovy:20)
	... 38 more


2023-07-20 20:27:48 - [TEST_STEP][FAILED] - verifyElementPresent(findTestObject("secondhand-web/Registration/label error message"), 3): Unable to verify object 'Object Repository/secondhand-web/Registration/label error message' is present (Root cause: com.kms.katalon.core.exception.StepFailedException: Unable to verify object 'Object Repository/secondhand-web/Registration/label error message' is present
	at com.kms.katalon.core.webui.keyword.internal.WebUIKeywordMain.stepFailed(WebUIKeywordMain.groovy:64)
	at com.kms.katalon.core.webui.keyword.internal.WebUIKeywordMain.runKeyword(WebUIKeywordMain.groovy:26)
	at com.kms.katalon.core.webui.keyword.builtin.VerifyElementPresentKeyword.verifyElementPresent(VerifyElementPresentKeyword.groovy:92)
	at com.kms.katalon.core.webui.keyword.builtin.VerifyElementPresentKeyword.execute(VerifyElementPresentKeyword.groovy:68)
	at com.kms.katalon.core.keyword.internal.KeywordExecutor.executeKeywordForPlatform(KeywordExecutor.groovy:74)
	at com.kms.katalon.core.webui.keyword.WebUiBuiltInKeywords.verifyElementPresent(WebUiBuiltInKeywords.groovy:1464)
	at com.kms.katalon.core.webui.keyword.WebUiBuiltInKeywords$verifyElementPresent$8.call(Unknown Source)
	at Read Error Messages.run(Read Error Messages:21)
	at com.kms.katalon.core.main.ScriptEngine.run(ScriptEngine.java:194)
	at com.kms.katalon.core.main.ScriptEngine.runScriptAsRawText(ScriptEngine.java:119)
	at com.kms.katalon.core.main.TestCaseExecutor.runScript(TestCaseExecutor.java:448)
	at com.kms.katalon.core.main.TestCaseExecutor.doExecute(TestCaseExecutor.java:439)
	at com.kms.katalon.core.main.TestCaseExecutor.processExecutionPhase(TestCaseExecutor.java:418)
	at com.kms.katalon.core.main.TestCaseExecutor.accessMainPhase(TestCaseExecutor.java:410)
	at com.kms.katalon.core.main.TestCaseExecutor.execute(TestCaseExecutor.java:285)
	at com.kms.katalon.core.main.TestCaseMain.runTestCase(TestCaseMain.java:144)
	at com.kms.katalon.core.keyword.builtin.CallTestCaseKeyword$_callTestCase_closure1.doCall(CallTestCaseKeyword.groovy:59)
	at com.kms.katalon.core.keyword.builtin.CallTestCaseKeyword$_callTestCase_closure1.call(CallTestCaseKeyword.groovy)
	at com.kms.katalon.core.keyword.internal.KeywordMain.runKeyword(KeywordMain.groovy:75)
	at com.kms.katalon.core.keyword.builtin.CallTestCaseKeyword.callTestCase(CallTestCaseKeyword.groovy:81)
	at com.kms.katalon.core.keyword.builtin.CallTestCaseKeyword.execute(CallTestCaseKeyword.groovy:44)
	at com.kms.katalon.core.keyword.internal.KeywordExecutor.executeKeywordForPlatform(KeywordExecutor.groovy:74)
	at com.kms.katalon.core.keyword.BuiltinKeywords.callTestCase(BuiltinKeywords.groovy:310)
	at REG003 - user should not be able to register using password lenght under 6 characters.run(REG003 - user should not be able to register using password lenght under 6 characters:37)
	at com.kms.katalon.core.main.ScriptEngine.run(ScriptEngine.java:194)
	at com.kms.katalon.core.main.ScriptEngine.runScriptAsRawText(ScriptEngine.java:119)
	at com.kms.katalon.core.main.TestCaseExecutor.runScript(TestCaseExecutor.java:448)
	at com.kms.katalon.core.main.TestCaseExecutor.doExecute(TestCaseExecutor.java:439)
	at com.kms.katalon.core.main.TestCaseExecutor.processExecutionPhase(TestCaseExecutor.java:418)
	at com.kms.katalon.core.main.TestCaseExecutor.accessMainPhase(TestCaseExecutor.java:410)
	at com.kms.katalon.core.main.TestCaseExecutor.execute(TestCaseExecutor.java:285)
	at com.kms.katalon.core.main.TestCaseExecutor.execute(TestCaseExecutor.java:369)
	at com.kms.katalon.core.main.TestCaseExecutor.execute(TestCaseExecutor.java:369)
	at com.kms.katalon.core.main.TestCaseExecutor.execute(TestCaseExecutor.java:369)
	at com.kms.katalon.core.common.CommonExecutor.accessTestCaseMainPhase(CommonExecutor.java:65)
	at com.kms.katalon.core.main.TestSuiteExecutor.accessTestSuiteMainPhase(TestSuiteExecutor.java:148)
	at com.kms.katalon.core.main.TestSuiteExecutor.execute(TestSuiteExecutor.java:106)
	at com.kms.katalon.core.main.TestCaseMain.startTestSuite(TestCaseMain.java:187)
	at com.kms.katalon.core.main.TestCaseMain$startTestSuite$0.call(Unknown Source)
	at TempTestSuite1689859487170.run(TempTestSuite1689859487170.groovy:36)
Caused by: com.kms.katalon.core.exception.StepFailedException: com.kms.katalon.core.webui.exception.WebElementNotFoundException: Web element with id: 'Object Repository/secondhand-web/Registration/label error message' located by '//div[@id='login_button_container']/div/form/div[3]/h3' not found
	at com.kms.katalon.core.webui.keyword.internal.WebUIKeywordMain.stepFailed(WebUIKeywordMain.groovy:64)
	at com.kms.katalon.core.webui.keyword.builtin.VerifyElementPresentKeyword$_verifyElementPresent_closure1.doCall(VerifyElementPresentKeyword.groovy:85)
	at com.kms.katalon.core.webui.keyword.builtin.VerifyElementPresentKeyword$_verifyElementPresent_closure1.call(VerifyElementPresentKeyword.groovy)
	at com.kms.katalon.core.webui.keyword.internal.WebUIKeywordMain.runKeyword(WebUIKeywordMain.groovy:20)
	... 38 more
)

2023-07-20 20:27:48 - [MESSAGE][INFO] - Finding Test Object 'Object Repository/secondhand-web/Registration/label error message'

2023-07-20 20:27:48 - [MESSAGE][INFO] - Checking object

2023-07-20 20:27:48 - [MESSAGE][INFO] - Finding web element from Test Object's properties

2023-07-20 20:27:48 - [MESSAGE][INFO] - Checking timeout

2023-07-20 20:27:48 - [MESSAGE][INFO] - Finding web element with id: 'Object Repository/secondhand-web/Registration/label error message' located by 'By.xpath: //div[@id='login_button_container']/div/form/div[3]/h3' in '3' second(s)

2023-07-20 20:27:48 - [MESSAGE][INFO] - Smart Wait Function is triggered

2023-07-20 20:27:49 - [MESSAGE][INFO] - Smart Wait Function is triggered

2023-07-20 20:27:49 - [MESSAGE][INFO] - Smart Wait Function is triggered

2023-07-20 20:27:49 - [MESSAGE][INFO] - Smart Wait Function is triggered

2023-07-20 20:27:50 - [MESSAGE][INFO] - Smart Wait Function is triggered

2023-07-20 20:27:50 - [MESSAGE][INFO] - Smart Wait Function is triggered

2023-07-20 20:27:50 - [MESSAGE][INFO] - Smart Wait Function is triggered

2023-07-20 20:27:50 - [MESSAGE][INFO] - Smart Wait Function is triggered

2023-07-20 20:27:51 - [MESSAGE][INFO] - Smart Wait Function is triggered

2023-07-20 20:27:51 - [MESSAGE][INFO] - Smart Wait Function is triggered

2023-07-20 20:27:51 - [MESSAGE][INFO] - Smart Wait Function is triggered

2023-07-20 20:27:52 - [MESSAGE][INFO] - Smart Wait Function is triggered

2023-07-20 20:27:52 - [MESSAGE][INFO] - Smart Wait Function is triggered

2023-07-20 20:27:52 - [MESSAGE][INFO] - Unable to find the element located by 'By.xpath: //div[@id='login_button_container']/div/form/div[3]/h3'. Please recheck the objects properties to make sure the desired element is located. 

2023-07-20 20:27:53 - [MESSAGE][FAILED] - com.kms.katalon.core.webui.exception.WebElementNotFoundException: Web element with id: 'Object Repository/secondhand-web/Registration/label error message' located by '//div[@id='login_button_container']/div/form/div[3]/h3' not found (Root cause: com.kms.katalon.core.exception.StepFailedException: com.kms.katalon.core.webui.exception.WebElementNotFoundException: Web element with id: 'Object Repository/secondhand-web/Registration/label error message' located by '//div[@id='login_button_container']/div/form/div[3]/h3' not found
	at com.kms.katalon.core.webui.keyword.internal.WebUIKeywordMain.stepFailed(WebUIKeywordMain.groovy:64)
	at com.kms.katalon.core.webui.keyword.builtin.VerifyElementPresentKeyword$_verifyElementPresent_closure1.doCall(VerifyElementPresentKeyword.groovy:85)
	at com.kms.katalon.core.webui.keyword.builtin.VerifyElementPresentKeyword$_verifyElementPresent_closure1.call(VerifyElementPresentKeyword.groovy)
	at com.kms.katalon.core.webui.keyword.internal.WebUIKeywordMain.runKeyword(WebUIKeywordMain.groovy:20)
	at com.kms.katalon.core.webui.keyword.builtin.VerifyElementPresentKeyword.verifyElementPresent(VerifyElementPresentKeyword.groovy:92)
	at com.kms.katalon.core.webui.keyword.builtin.VerifyElementPresentKeyword.execute(VerifyElementPresentKeyword.groovy:68)
	at com.kms.katalon.core.keyword.internal.KeywordExecutor.executeKeywordForPlatform(KeywordExecutor.groovy:74)
	at com.kms.katalon.core.webui.keyword.WebUiBuiltInKeywords.verifyElementPresent(WebUiBuiltInKeywords.groovy:1464)
	at com.kms.katalon.core.webui.keyword.WebUiBuiltInKeywords$verifyElementPresent$8.call(Unknown Source)
	at Read Error Messages.run(Read Error Messages:21)
	at com.kms.katalon.core.main.ScriptEngine.run(ScriptEngine.java:194)
	at com.kms.katalon.core.main.ScriptEngine.runScriptAsRawText(ScriptEngine.java:119)
	at com.kms.katalon.core.main.TestCaseExecutor.runScript(TestCaseExecutor.java:448)
	at com.kms.katalon.core.main.TestCaseExecutor.doExecute(TestCaseExecutor.java:439)
	at com.kms.katalon.core.main.TestCaseExecutor.processExecutionPhase(TestCaseExecutor.java:418)
	at com.kms.katalon.core.main.TestCaseExecutor.accessMainPhase(TestCaseExecutor.java:410)
	at com.kms.katalon.core.main.TestCaseExecutor.execute(TestCaseExecutor.java:285)
	at com.kms.katalon.core.main.TestCaseMain.runTestCase(TestCaseMain.java:144)
	at com.kms.katalon.core.keyword.builtin.CallTestCaseKeyword$_callTestCase_closure1.doCall(CallTestCaseKeyword.groovy:59)
	at com.kms.katalon.core.keyword.builtin.CallTestCaseKeyword$_callTestCase_closure1.call(CallTestCaseKeyword.groovy)
	at com.kms.katalon.core.keyword.internal.KeywordMain.runKeyword(KeywordMain.groovy:75)
	at com.kms.katalon.core.keyword.builtin.CallTestCaseKeyword.callTestCase(CallTestCaseKeyword.groovy:81)
	at com.kms.katalon.core.keyword.builtin.CallTestCaseKeyword.execute(CallTestCaseKeyword.groovy:44)
	at com.kms.katalon.core.keyword.internal.KeywordExecutor.executeKeywordForPlatform(KeywordExecutor.groovy:74)
	at com.kms.katalon.core.keyword.BuiltinKeywords.callTestCase(BuiltinKeywords.groovy:310)
	at REG003 - user should not be able to register using password lenght under 6 characters.run(REG003 - user should not be able to register using password lenght under 6 characters:37)
	at com.kms.katalon.core.main.ScriptEngine.run(ScriptEngine.java:194)
	at com.kms.katalon.core.main.ScriptEngine.runScriptAsRawText(ScriptEngine.java:119)
	at com.kms.katalon.core.main.TestCaseExecutor.runScript(TestCaseExecutor.java:448)
	at com.kms.katalon.core.main.TestCaseExecutor.doExecute(TestCaseExecutor.java:439)
	at com.kms.katalon.core.main.TestCaseExecutor.processExecutionPhase(TestCaseExecutor.java:418)
	at com.kms.katalon.core.main.TestCaseExecutor.accessMainPhase(TestCaseExecutor.java:410)
	at com.kms.katalon.core.main.TestCaseExecutor.execute(TestCaseExecutor.java:285)
	at com.kms.katalon.core.main.TestCaseExecutor.execute(TestCaseExecutor.java:369)
	at com.kms.katalon.core.main.TestCaseExecutor.execute(TestCaseExecutor.java:369)
	at com.kms.katalon.core.main.TestCaseExecutor.execute(TestCaseExecutor.java:369)
	at com.kms.katalon.core.common.CommonExecutor.accessTestCaseMainPhase(CommonExecutor.java:65)
	at com.kms.katalon.core.main.TestSuiteExecutor.accessTestSuiteMainPhase(TestSuiteExecutor.java:148)
	at com.kms.katalon.core.main.TestSuiteExecutor.execute(TestSuiteExecutor.java:106)
	at com.kms.katalon.core.main.TestCaseMain.startTestSuite(TestCaseMain.java:187)
	at com.kms.katalon.core.main.TestCaseMain$startTestSuite$0.call(Unknown Source)
	at TempTestSuite1689859487170.run(TempTestSuite1689859487170.groovy:36)
)
[[ATTACHMENT|D:\\Binar Academy\\Platinum Challenge\\SQA-Wave9-Kelompok2\\Reports\\20230720_202447\\secondhand-web\\Feature Register\\20230720_202447\\1689859672756.png]]

2023-07-20 20:27:54 - [MESSAGE][FAILED] - Unable to verify object 'Object Repository/secondhand-web/Registration/label error message' is present (Root cause: com.kms.katalon.core.exception.StepFailedException: Unable to verify object 'Object Repository/secondhand-web/Registration/label error message' is present
	at com.kms.katalon.core.webui.keyword.internal.WebUIKeywordMain.stepFailed(WebUIKeywordMain.groovy:64)
	at com.kms.katalon.core.webui.keyword.internal.WebUIKeywordMain.runKeyword(WebUIKeywordMain.groovy:26)
	at com.kms.katalon.core.webui.keyword.builtin.VerifyElementPresentKeyword.verifyElementPresent(VerifyElementPresentKeyword.groovy:92)
	at com.kms.katalon.core.webui.keyword.builtin.VerifyElementPresentKeyword.execute(VerifyElementPresentKeyword.groovy:68)
	at com.kms.katalon.core.keyword.internal.KeywordExecutor.executeKeywordForPlatform(KeywordExecutor.groovy:74)
	at com.kms.katalon.core.webui.keyword.WebUiBuiltInKeywords.verifyElementPresent(WebUiBuiltInKeywords.groovy:1464)
	at com.kms.katalon.core.webui.keyword.WebUiBuiltInKeywords$verifyElementPresent$8.call(Unknown Source)
	at Read Error Messages.run(Read Error Messages:21)
	at com.kms.katalon.core.main.ScriptEngine.run(ScriptEngine.java:194)
	at com.kms.katalon.core.main.ScriptEngine.runScriptAsRawText(ScriptEngine.java:119)
	at com.kms.katalon.core.main.TestCaseExecutor.runScript(TestCaseExecutor.java:448)
	at com.kms.katalon.core.main.TestCaseExecutor.doExecute(TestCaseExecutor.java:439)
	at com.kms.katalon.core.main.TestCaseExecutor.processExecutionPhase(TestCaseExecutor.java:418)
	at com.kms.katalon.core.main.TestCaseExecutor.accessMainPhase(TestCaseExecutor.java:410)
	at com.kms.katalon.core.main.TestCaseExecutor.execute(TestCaseExecutor.java:285)
	at com.kms.katalon.core.main.TestCaseMain.runTestCase(TestCaseMain.java:144)
	at com.kms.katalon.core.keyword.builtin.CallTestCaseKeyword$_callTestCase_closure1.doCall(CallTestCaseKeyword.groovy:59)
	at com.kms.katalon.core.keyword.builtin.CallTestCaseKeyword$_callTestCase_closure1.call(CallTestCaseKeyword.groovy)
	at com.kms.katalon.core.keyword.internal.KeywordMain.runKeyword(KeywordMain.groovy:75)
	at com.kms.katalon.core.keyword.builtin.CallTestCaseKeyword.callTestCase(CallTestCaseKeyword.groovy:81)
	at com.kms.katalon.core.keyword.builtin.CallTestCaseKeyword.execute(CallTestCaseKeyword.groovy:44)
	at com.kms.katalon.core.keyword.internal.KeywordExecutor.executeKeywordForPlatform(KeywordExecutor.groovy:74)
	at com.kms.katalon.core.keyword.BuiltinKeywords.callTestCase(BuiltinKeywords.groovy:310)
	at REG003 - user should not be able to register using password lenght under 6 characters.run(REG003 - user should not be able to register using password lenght under 6 characters:37)
	at com.kms.katalon.core.main.ScriptEngine.run(ScriptEngine.java:194)
	at com.kms.katalon.core.main.ScriptEngine.runScriptAsRawText(ScriptEngine.java:119)
	at com.kms.katalon.core.main.TestCaseExecutor.runScript(TestCaseExecutor.java:448)
	at com.kms.katalon.core.main.TestCaseExecutor.doExecute(TestCaseExecutor.java:439)
	at com.kms.katalon.core.main.TestCaseExecutor.processExecutionPhase(TestCaseExecutor.java:418)
	at com.kms.katalon.core.main.TestCaseExecutor.accessMainPhase(TestCaseExecutor.java:410)
	at com.kms.katalon.core.main.TestCaseExecutor.execute(TestCaseExecutor.java:285)
	at com.kms.katalon.core.main.TestCaseExecutor.execute(TestCaseExecutor.java:369)
	at com.kms.katalon.core.main.TestCaseExecutor.execute(TestCaseExecutor.java:369)
	at com.kms.katalon.core.main.TestCaseExecutor.execute(TestCaseExecutor.java:369)
	at com.kms.katalon.core.common.CommonExecutor.accessTestCaseMainPhase(CommonExecutor.java:65)
	at com.kms.katalon.core.main.TestSuiteExecutor.accessTestSuiteMainPhase(TestSuiteExecutor.java:148)
	at com.kms.katalon.core.main.TestSuiteExecutor.execute(TestSuiteExecutor.java:106)
	at com.kms.katalon.core.main.TestCaseMain.startTestSuite(TestCaseMain.java:187)
	at com.kms.katalon.core.main.TestCaseMain$startTestSuite$0.call(Unknown Source)
	at TempTestSuite1689859487170.run(TempTestSuite1689859487170.groovy:36)
Caused by: com.kms.katalon.core.exception.StepFailedException: com.kms.katalon.core.webui.exception.WebElementNotFoundException: Web element with id: 'Object Repository/secondhand-web/Registration/label error message' located by '//div[@id='login_button_container']/div/form/div[3]/h3' not found
	at com.kms.katalon.core.webui.keyword.internal.WebUIKeywordMain.stepFailed(WebUIKeywordMain.groovy:64)
	at com.kms.katalon.core.webui.keyword.builtin.VerifyElementPresentKeyword$_verifyElementPresent_closure1.doCall(VerifyElementPresentKeyword.groovy:85)
	at com.kms.katalon.core.webui.keyword.builtin.VerifyElementPresentKeyword$_verifyElementPresent_closure1.call(VerifyElementPresentKeyword.groovy)
	at com.kms.katalon.core.webui.keyword.internal.WebUIKeywordMain.runKeyword(WebUIKeywordMain.groovy:20)
	... 38 more
)
[[ATTACHMENT|D:\\Binar Academy\\Platinum Challenge\\SQA-Wave9-Kelompok2\\Reports\\20230720_202447\\secondhand-web\\Feature Register\\20230720_202447\\1689859673469.png]]

2023-07-20 20:27:54 - [MESSAGE][FAILED] - Unable to call Test Case 'Test Cases/secondhand-web/Pages/User Registration/Read Error Messages' (Root cause: com.kms.katalon.core.exception.StepFailedException: Call Test Case 'Test Cases/secondhand-web/Pages/User Registration/Read Error Messages' failed
	at com.kms.katalon.core.keyword.builtin.CallTestCaseKeyword$_callTestCase_closure1.doCall(CallTestCaseKeyword.groovy:63)
	at com.kms.katalon.core.keyword.builtin.CallTestCaseKeyword$_callTestCase_closure1.call(CallTestCaseKeyword.groovy)
	at com.kms.katalon.core.keyword.internal.KeywordMain.runKeyword(KeywordMain.groovy:75)
	at com.kms.katalon.core.keyword.builtin.CallTestCaseKeyword.callTestCase(CallTestCaseKeyword.groovy:81)
	at com.kms.katalon.core.keyword.builtin.CallTestCaseKeyword.execute(CallTestCaseKeyword.groovy:44)
	at com.kms.katalon.core.keyword.internal.KeywordExecutor.executeKeywordForPlatform(KeywordExecutor.groovy:74)
	at com.kms.katalon.core.keyword.BuiltinKeywords.callTestCase(BuiltinKeywords.groovy:310)
	at REG003 - user should not be able to register using password lenght under 6 characters.run(REG003 - user should not be able to register using password lenght under 6 characters:37)
	at com.kms.katalon.core.main.ScriptEngine.run(ScriptEngine.java:194)
	at com.kms.katalon.core.main.ScriptEngine.runScriptAsRawText(ScriptEngine.java:119)
	at com.kms.katalon.core.main.TestCaseExecutor.runScript(TestCaseExecutor.java:448)
	at com.kms.katalon.core.main.TestCaseExecutor.doExecute(TestCaseExecutor.java:439)
	at com.kms.katalon.core.main.TestCaseExecutor.processExecutionPhase(TestCaseExecutor.java:418)
	at com.kms.katalon.core.main.TestCaseExecutor.accessMainPhase(TestCaseExecutor.java:410)
	at com.kms.katalon.core.main.TestCaseExecutor.execute(TestCaseExecutor.java:285)
	at com.kms.katalon.core.main.TestCaseExecutor.execute(TestCaseExecutor.java:369)
	at com.kms.katalon.core.main.TestCaseExecutor.execute(TestCaseExecutor.java:369)
	at com.kms.katalon.core.main.TestCaseExecutor.execute(TestCaseExecutor.java:369)
	at com.kms.katalon.core.common.CommonExecutor.accessTestCaseMainPhase(CommonExecutor.java:65)
	at com.kms.katalon.core.main.TestSuiteExecutor.accessTestSuiteMainPhase(TestSuiteExecutor.java:148)
	at com.kms.katalon.core.main.TestSuiteExecutor.execute(TestSuiteExecutor.java:106)
	at com.kms.katalon.core.main.TestCaseMain.startTestSuite(TestCaseMain.java:187)
	at com.kms.katalon.core.main.TestCaseMain$startTestSuite$0.call(Unknown Source)
	at TempTestSuite1689859487170.run(TempTestSuite1689859487170.groovy:36)
Caused by: com.kms.katalon.core.exception.StepFailedException: Unable to verify object 'Object Repository/secondhand-web/Registration/label error message' is present
	at com.kms.katalon.core.webui.keyword.internal.WebUIKeywordMain.stepFailed(WebUIKeywordMain.groovy:64)
	at com.kms.katalon.core.webui.keyword.internal.WebUIKeywordMain.runKeyword(WebUIKeywordMain.groovy:26)
	at com.kms.katalon.core.webui.keyword.builtin.VerifyElementPresentKeyword.verifyElementPresent(VerifyElementPresentKeyword.groovy:92)
	at com.kms.katalon.core.webui.keyword.builtin.VerifyElementPresentKeyword.execute(VerifyElementPresentKeyword.groovy:68)
	at com.kms.katalon.core.keyword.internal.KeywordExecutor.executeKeywordForPlatform(KeywordExecutor.groovy:74)
	at com.kms.katalon.core.webui.keyword.WebUiBuiltInKeywords.verifyElementPresent(WebUiBuiltInKeywords.groovy:1464)
	at com.kms.katalon.core.webui.keyword.WebUiBuiltInKeywords$verifyElementPresent$8.call(Unknown Source)
	at Read Error Messages.run(Read Error Messages:21)
	at com.kms.katalon.core.main.ScriptEngine.run(ScriptEngine.java:194)
	at com.kms.katalon.core.main.ScriptEngine.runScriptAsRawText(ScriptEngine.java:119)
	at com.kms.katalon.core.main.TestCaseExecutor.runScript(TestCaseExecutor.java:448)
	at com.kms.katalon.core.main.TestCaseExecutor.doExecute(TestCaseExecutor.java:439)
	at com.kms.katalon.core.main.TestCaseExecutor.processExecutionPhase(TestCaseExecutor.java:418)
	at com.kms.katalon.core.main.TestCaseExecutor.accessMainPhase(TestCaseExecutor.java:410)
	at com.kms.katalon.core.main.TestCaseExecutor.execute(TestCaseExecutor.java:285)
	at com.kms.katalon.core.main.TestCaseMain.runTestCase(TestCaseMain.java:144)
	at com.kms.katalon.core.keyword.builtin.CallTestCaseKeyword$_callTestCase_closure1.doCall(CallTestCaseKeyword.groovy:59)
	... 23 more
Caused by: com.kms.katalon.core.exception.StepFailedException: com.kms.katalon.core.webui.exception.WebElementNotFoundException: Web element with id: 'Object Repository/secondhand-web/Registration/label error message' located by '//div[@id='login_button_container']/div/form/div[3]/h3' not found
	at com.kms.katalon.core.webui.keyword.internal.WebUIKeywordMain.stepFailed(WebUIKeywordMain.groovy:64)
	at com.kms.katalon.core.webui.keyword.builtin.VerifyElementPresentKeyword$_verifyElementPresent_closure1.doCall(VerifyElementPresentKeyword.groovy:85)
	at com.kms.katalon.core.webui.keyword.builtin.VerifyElementPresentKeyword$_verifyElementPresent_closure1.call(VerifyElementPresentKeyword.groovy)
	at com.kms.katalon.core.webui.keyword.internal.WebUIKeywordMain.runKeyword(WebUIKeywordMain.groovy:20)
	... 38 more
)]]></system-out>
         <system-err><![CDATA[2023-07-20 20:27:34 - [TEST_CASE][FAILED] - Test Cases/secondhand-web/Step Definition/Feature Registration/REG003 - user should not be able to register using password lenght under 6 characters: Test Cases/secondhand-web/Step Definition/Feature Registration/REG003 - user should not be able to register using password lenght under 6 characters FAILED.
Reason:
com.kms.katalon.core.exception.StepFailedException: Call Test Case 'Test Cases/secondhand-web/Pages/User Registration/Read Error Messages' failed
	at com.kms.katalon.core.keyword.builtin.CallTestCaseKeyword$_callTestCase_closure1.doCall(CallTestCaseKeyword.groovy:63)
	at com.kms.katalon.core.keyword.builtin.CallTestCaseKeyword$_callTestCase_closure1.call(CallTestCaseKeyword.groovy)
	at com.kms.katalon.core.keyword.internal.KeywordMain.runKeyword(KeywordMain.groovy:75)
	at com.kms.katalon.core.keyword.builtin.CallTestCaseKeyword.callTestCase(CallTestCaseKeyword.groovy:81)
	at com.kms.katalon.core.keyword.builtin.CallTestCaseKeyword.execute(CallTestCaseKeyword.groovy:44)
	at com.kms.katalon.core.keyword.internal.KeywordExecutor.executeKeywordForPlatform(KeywordExecutor.groovy:74)
	at com.kms.katalon.core.keyword.BuiltinKeywords.callTestCase(BuiltinKeywords.groovy:310)
	at REG003 - user should not be able to register using password lenght under 6 characters.run(REG003 - user should not be able to register using password lenght under 6 characters:37)
	at com.kms.katalon.core.main.ScriptEngine.run(ScriptEngine.java:194)
	at com.kms.katalon.core.main.ScriptEngine.runScriptAsRawText(ScriptEngine.java:119)
	at com.kms.katalon.core.main.TestCaseExecutor.runScript(TestCaseExecutor.java:448)
	at com.kms.katalon.core.main.TestCaseExecutor.doExecute(TestCaseExecutor.java:439)
	at com.kms.katalon.core.main.TestCaseExecutor.processExecutionPhase(TestCaseExecutor.java:418)
	at com.kms.katalon.core.main.TestCaseExecutor.accessMainPhase(TestCaseExecutor.java:410)
	at com.kms.katalon.core.main.TestCaseExecutor.execute(TestCaseExecutor.java:285)
	at com.kms.katalon.core.main.TestCaseExecutor.execute(TestCaseExecutor.java:369)
	at com.kms.katalon.core.main.TestCaseExecutor.execute(TestCaseExecutor.java:369)
	at com.kms.katalon.core.main.TestCaseExecutor.execute(TestCaseExecutor.java:369)
	at com.kms.katalon.core.common.CommonExecutor.accessTestCaseMainPhase(CommonExecutor.java:65)
	at com.kms.katalon.core.main.TestSuiteExecutor.accessTestSuiteMainPhase(TestSuiteExecutor.java:148)
	at com.kms.katalon.core.main.TestSuiteExecutor.execute(TestSuiteExecutor.java:106)
	at com.kms.katalon.core.main.TestCaseMain.startTestSuite(TestCaseMain.java:187)
	at com.kms.katalon.core.main.TestCaseMain$startTestSuite$0.call(Unknown Source)
	at TempTestSuite1689859487170.run(TempTestSuite1689859487170.groovy:36)
Caused by: com.kms.katalon.core.exception.StepFailedException: Unable to verify object 'Object Repository/secondhand-web/Registration/label error message' is present
	at com.kms.katalon.core.webui.keyword.internal.WebUIKeywordMain.stepFailed(WebUIKeywordMain.groovy:64)
	at com.kms.katalon.core.webui.keyword.internal.WebUIKeywordMain.runKeyword(WebUIKeywordMain.groovy:26)
	at com.kms.katalon.core.webui.keyword.builtin.VerifyElementPresentKeyword.verifyElementPresent(VerifyElementPresentKeyword.groovy:92)
	at com.kms.katalon.core.webui.keyword.builtin.VerifyElementPresentKeyword.execute(VerifyElementPresentKeyword.groovy:68)
	at com.kms.katalon.core.keyword.internal.KeywordExecutor.executeKeywordForPlatform(KeywordExecutor.groovy:74)
	at com.kms.katalon.core.webui.keyword.WebUiBuiltInKeywords.verifyElementPresent(WebUiBuiltInKeywords.groovy:1464)
	at com.kms.katalon.core.webui.keyword.WebUiBuiltInKeywords$verifyElementPresent$8.call(Unknown Source)
	at Read Error Messages.run(Read Error Messages:21)
	at com.kms.katalon.core.main.ScriptEngine.run(ScriptEngine.java:194)
	at com.kms.katalon.core.main.ScriptEngine.runScriptAsRawText(ScriptEngine.java:119)
	at com.kms.katalon.core.main.TestCaseExecutor.runScript(TestCaseExecutor.java:448)
	at com.kms.katalon.core.main.TestCaseExecutor.doExecute(TestCaseExecutor.java:439)
	at com.kms.katalon.core.main.TestCaseExecutor.processExecutionPhase(TestCaseExecutor.java:418)
	at com.kms.katalon.core.main.TestCaseExecutor.accessMainPhase(TestCaseExecutor.java:410)
	at com.kms.katalon.core.main.TestCaseExecutor.execute(TestCaseExecutor.java:285)
	at com.kms.katalon.core.main.TestCaseMain.runTestCase(TestCaseMain.java:144)
	at com.kms.katalon.core.keyword.builtin.CallTestCaseKeyword$_callTestCase_closure1.doCall(CallTestCaseKeyword.groovy:59)
	... 23 more
Caused by: com.kms.katalon.core.exception.StepFailedException: com.kms.katalon.core.webui.exception.WebElementNotFoundException: Web element with id: 'Object Repository/secondhand-web/Registration/label error message' located by '//div[@id='login_button_container']/div/form/div[3]/h3' not found
	at com.kms.katalon.core.webui.keyword.internal.WebUIKeywordMain.stepFailed(WebUIKeywordMain.groovy:64)
	at com.kms.katalon.core.webui.keyword.builtin.VerifyElementPresentKeyword$_verifyElementPresent_closure1.doCall(VerifyElementPresentKeyword.groovy:85)
	at com.kms.katalon.core.webui.keyword.builtin.VerifyElementPresentKeyword$_verifyElementPresent_closure1.call(VerifyElementPresentKeyword.groovy)
	at com.kms.katalon.core.webui.keyword.internal.WebUIKeywordMain.runKeyword(WebUIKeywordMain.groovy:20)
	... 38 more]]></system-err>
      </testcase>
      <testcase name="Test Cases/secondhand-web/Step Definition/Feature Registration/REG004 - user should not be able to register using already used email" time="16.855" classname="Test Cases/secondhand-web/Step Definition/Feature Registration/REG004 - user should not be able to register using already used email" status="PASSED">
         <system-out><![CDATA[2023-07-20 20:27:54 - [TEST_CASE][PASSED] - Test Cases/secondhand-web/Step Definition/Feature Registration/REG004 - user should not be able to register using already used email: Test Cases/secondhand-web/Step Definition/Feature Registration/REG004 - user should not be able to register using already used email

2023-07-20 20:27:54 - [TEST_STEP][PASSED] - callTestCase(findTestCase("secondhand-web/Common/Launch Web"), [:], STOP_ON_FAILURE): Call Test Case 'Test Cases/secondhand-web/Common/Launch Web' successfully

2023-07-20 20:27:54 - [MESSAGE][INFO] - Checking called Test Case

2023-07-20 20:27:54 - [MESSAGE][INFO] - Starting to call Test Case 'Test Cases/secondhand-web/Common/Launch Web'

2023-07-20 20:27:54 - [TEST_CASE][PASSED] - Test Cases/secondhand-web/Common/Launch Web: Test Cases/secondhand-web/Common/Launch Web

2023-07-20 20:27:54 - [TEST_STEP][PASSED] - openBrowser(""): Browser is opened with url: ''

2023-07-20 20:27:54 - [MESSAGE][INFO] - Opening browser

2023-07-20 20:27:54 - [MESSAGE][WARNING] - A browser is already opened. Closing browser and opening a new one

2023-07-20 20:27:56 - [MESSAGE][INFO] - Starting 'Chrome' driver

2023-07-20 20:27:56 - [MESSAGE][INFO] - Action delay is set to 0 milliseconds

2023-07-20 20:27:57 - [MESSAGE][PASSED] - Browser is opened with url: ''

2023-07-20 20:27:57 - [TEST_STEP][PASSED] - maximizeWindow(): Current window maximized

2023-07-20 20:27:57 - [MESSAGE][INFO] - Maximizing current window

2023-07-20 20:27:57 - [MESSAGE][PASSED] - Current window maximized

2023-07-20 20:27:57 - [MESSAGE][PASSED] - Call Test Case 'Test Cases/secondhand-web/Common/Launch Web' successfully

2023-07-20 20:27:57 - [TEST_STEP][PASSED] - callTestCase(findTestCase("secondhand-web/Common/Navigate To Web"), [:], STOP_ON_FAILURE): Call Test Case 'Test Cases/secondhand-web/Common/Navigate To Web' successfully

2023-07-20 20:27:57 - [MESSAGE][INFO] - Checking called Test Case

2023-07-20 20:27:57 - [MESSAGE][INFO] - Starting to call Test Case 'Test Cases/secondhand-web/Common/Navigate To Web'

2023-07-20 20:27:57 - [TEST_CASE][PASSED] - Test Cases/secondhand-web/Common/Navigate To Web: Test Cases/secondhand-web/Common/Navigate To Web

2023-07-20 20:27:57 - [TEST_STEP][PASSED] - navigateToUrl(baseUrl): Navigate to 'https://secondhand.binaracademy.org/' successfully

2023-07-20 20:27:57 - [MESSAGE][INFO] - Checking url

2023-07-20 20:27:57 - [MESSAGE][INFO] - Navigating to 'https://secondhand.binaracademy.org/'

2023-07-20 20:27:59 - [MESSAGE][PASSED] - Navigate to 'https://secondhand.binaracademy.org/' successfully

2023-07-20 20:27:59 - [MESSAGE][PASSED] - Call Test Case 'Test Cases/secondhand-web/Common/Navigate To Web' successfully

2023-07-20 20:27:59 - [TEST_STEP][PASSED] - callTestCase(findTestCase("secondhand-web/Pages/User Registration/Open Registration Page"), [:], STOP_ON_FAILURE): Call Test Case 'Test Cases/secondhand-web/Pages/User Registration/Open Registration Page' successfully

2023-07-20 20:27:59 - [MESSAGE][INFO] - Checking called Test Case

2023-07-20 20:27:59 - [MESSAGE][INFO] - Starting to call Test Case 'Test Cases/secondhand-web/Pages/User Registration/Open Registration Page'

2023-07-20 20:27:59 - [TEST_CASE][PASSED] - Test Cases/secondhand-web/Pages/User Registration/Open Registration Page: Test Cases/secondhand-web/Pages/User Registration/Open Registration Page

2023-07-20 20:27:59 - [TEST_STEP][PASSED] - verifyElementVisible(findTestObject("secondhand-web/Registration/buttonMasuk in landing page")): Object 'Object Repository/secondhand-web/Registration/buttonMasuk in landing page' is visible

2023-07-20 20:27:59 - [MESSAGE][INFO] - Finding Test Object 'Object Repository/secondhand-web/Registration/buttonMasuk in landing page'

2023-07-20 20:27:59 - [MESSAGE][INFO] - Checking object

2023-07-20 20:27:59 - [MESSAGE][INFO] - Finding web element from Test Object's properties

2023-07-20 20:27:59 - [MESSAGE][INFO] - Checking timeout

2023-07-20 20:27:59 - [MESSAGE][INFO] - Finding web element with id: 'Object Repository/secondhand-web/Registration/buttonMasuk in landing page' located by 'By.xpath: //a[@class="btn btn-primary"]' in '30' second(s)

2023-07-20 20:27:59 - [MESSAGE][INFO] - Smart Wait Function is triggered

2023-07-20 20:27:59 - [MESSAGE][INFO] - Found 1 web elements with id: 'Object Repository/secondhand-web/Registration/buttonMasuk in landing page' located by 'By.xpath: //a[@class="btn btn-primary"]' in '30' second(s)

2023-07-20 20:27:59 - [MESSAGE][PASSED] - Object 'Object Repository/secondhand-web/Registration/buttonMasuk in landing page' is visible

2023-07-20 20:27:59 - [TEST_STEP][PASSED] - click(findTestObject("secondhand-web/Registration/buttonMasuk in landing page")): Object: 'Object Repository/secondhand-web/Registration/buttonMasuk in landing page' is clicked on

2023-07-20 20:27:59 - [MESSAGE][INFO] - Finding Test Object 'Object Repository/secondhand-web/Registration/buttonMasuk in landing page'

2023-07-20 20:27:59 - [MESSAGE][INFO] - Checking object

2023-07-20 20:27:59 - [MESSAGE][INFO] - Checking timeout

2023-07-20 20:27:59 - [MESSAGE][INFO] - Finding web element from Test Object's properties

2023-07-20 20:27:59 - [MESSAGE][INFO] - Checking timeout

2023-07-20 20:27:59 - [MESSAGE][INFO] - Finding web element with id: 'Object Repository/secondhand-web/Registration/buttonMasuk in landing page' located by 'By.xpath: //a[@class="btn btn-primary"]' in '30' second(s)

2023-07-20 20:27:59 - [MESSAGE][INFO] - Smart Wait Function is triggered

2023-07-20 20:28:00 - [MESSAGE][INFO] - Found 1 web elements with id: 'Object Repository/secondhand-web/Registration/buttonMasuk in landing page' located by 'By.xpath: //a[@class="btn btn-primary"]' in '30' second(s)

2023-07-20 20:28:00 - [MESSAGE][INFO] - Clicking on object: 'Object Repository/secondhand-web/Registration/buttonMasuk in landing page'

2023-07-20 20:28:00 - [MESSAGE][PASSED] - Object: 'Object Repository/secondhand-web/Registration/buttonMasuk in landing page' is clicked on

2023-07-20 20:28:00 - [TEST_STEP][PASSED] - click(findTestObject("secondhand-web/Registration/buttonDaftarDisini in login page")): Object: 'Object Repository/secondhand-web/Registration/buttonDaftarDisini in login page' is clicked on

2023-07-20 20:28:00 - [MESSAGE][INFO] - Finding Test Object 'Object Repository/secondhand-web/Registration/buttonDaftarDisini in login page'

2023-07-20 20:28:00 - [MESSAGE][INFO] - Checking object

2023-07-20 20:28:00 - [MESSAGE][INFO] - Checking timeout

2023-07-20 20:28:00 - [MESSAGE][INFO] - Finding web element from Test Object's properties

2023-07-20 20:28:00 - [MESSAGE][INFO] - Checking timeout

2023-07-20 20:28:00 - [MESSAGE][INFO] - Finding web element with id: 'Object Repository/secondhand-web/Registration/buttonDaftarDisini in login page' located by 'By.xpath: //a[@class="fw-bold"]' in '30' second(s)

2023-07-20 20:28:00 - [MESSAGE][INFO] - Smart Wait Function is triggered

2023-07-20 20:28:00 - [MESSAGE][INFO] - Found 1 web elements with id: 'Object Repository/secondhand-web/Registration/buttonDaftarDisini in login page' located by 'By.xpath: //a[@class="fw-bold"]' in '30' second(s)

2023-07-20 20:28:00 - [MESSAGE][INFO] - Clicking on object: 'Object Repository/secondhand-web/Registration/buttonDaftarDisini in login page'

2023-07-20 20:28:00 - [MESSAGE][PASSED] - Object: 'Object Repository/secondhand-web/Registration/buttonDaftarDisini in login page' is clicked on

2023-07-20 20:28:00 - [MESSAGE][PASSED] - Call Test Case 'Test Cases/secondhand-web/Pages/User Registration/Open Registration Page' successfully

2023-07-20 20:28:00 - [TEST_STEP][PASSED] - callTestCase(findTestCase("secondhand-web/Pages/User Registration/Input Username"), ["username":unameOktaSeller], STOP_ON_FAILURE): Call Test Case 'Test Cases/secondhand-web/Pages/User Registration/Input Username' successfully

2023-07-20 20:28:00 - [MESSAGE][INFO] - Checking called Test Case

2023-07-20 20:28:00 - [MESSAGE][INFO] - Starting to call Test Case 'Test Cases/secondhand-web/Pages/User Registration/Input Username'

2023-07-20 20:28:00 - [TEST_CASE][PASSED] - Test Cases/secondhand-web/Pages/User Registration/Input Username: Test Cases/secondhand-web/Pages/User Registration/Input Username

2023-07-20 20:28:00 - [TEST_STEP][PASSED] - waitForElementVisible(findTestObject("secondhand-web/Registration/input user_name"), 3): Object 'Object Repository/secondhand-web/Registration/input user_name' is visible

2023-07-20 20:28:00 - [MESSAGE][INFO] - Finding Test Object 'Object Repository/secondhand-web/Registration/input user_name'

2023-07-20 20:28:01 - [MESSAGE][INFO] - Checking object

2023-07-20 20:28:01 - [MESSAGE][INFO] - Checking timeout

2023-07-20 20:28:01 - [MESSAGE][INFO] - Finding web element from Test Object's properties

2023-07-20 20:28:01 - [MESSAGE][INFO] - Checking timeout

2023-07-20 20:28:01 - [MESSAGE][INFO] - Finding web element with id: 'Object Repository/secondhand-web/Registration/input user_name' located by 'By.xpath: //input[@id="user_name"]' in '3' second(s)

2023-07-20 20:28:01 - [MESSAGE][INFO] - Smart Wait Function is triggered

2023-07-20 20:28:01 - [MESSAGE][INFO] - Found 1 web elements with id: 'Object Repository/secondhand-web/Registration/input user_name' located by 'By.xpath: //input[@id="user_name"]' in '3' second(s)

2023-07-20 20:28:01 - [MESSAGE][PASSED] - Object 'Object Repository/secondhand-web/Registration/input user_name' is visible

2023-07-20 20:28:01 - [TEST_STEP][PASSED] - setText(findTestObject("secondhand-web/Registration/input user_name"), username): Text 'Oktavia DPP_Seller' is set on object 'Object Repository/secondhand-web/Registration/input user_name'

2023-07-20 20:28:01 - [MESSAGE][INFO] - Finding Test Object 'Object Repository/secondhand-web/Registration/input user_name'

2023-07-20 20:28:01 - [MESSAGE][INFO] - Checking object

2023-07-20 20:28:01 - [MESSAGE][INFO] - Checking text

2023-07-20 20:28:01 - [MESSAGE][INFO] - Finding web element from Test Object's properties

2023-07-20 20:28:01 - [MESSAGE][INFO] - Checking timeout

2023-07-20 20:28:01 - [MESSAGE][INFO] - Finding web element with id: 'Object Repository/secondhand-web/Registration/input user_name' located by 'By.xpath: //input[@id="user_name"]' in '30' second(s)

2023-07-20 20:28:01 - [MESSAGE][INFO] - Smart Wait Function is triggered

2023-07-20 20:28:02 - [MESSAGE][INFO] - Found 1 web elements with id: 'Object Repository/secondhand-web/Registration/input user_name' located by 'By.xpath: //input[@id="user_name"]' in '30' second(s)

2023-07-20 20:28:02 - [MESSAGE][INFO] - Clearing text of object 'Object Repository/secondhand-web/Registration/input user_name'

2023-07-20 20:28:02 - [MESSAGE][INFO] - Finding web element from Test Object's properties

2023-07-20 20:28:02 - [MESSAGE][INFO] - Checking timeout

2023-07-20 20:28:02 - [MESSAGE][INFO] - Finding web element with id: 'Object Repository/secondhand-web/Registration/input user_name' located by 'By.xpath: //input[@id="user_name"]' in '30' second(s)

2023-07-20 20:28:02 - [MESSAGE][INFO] - Smart Wait Function is triggered

2023-07-20 20:28:02 - [MESSAGE][INFO] - Found 1 web elements with id: 'Object Repository/secondhand-web/Registration/input user_name' located by 'By.xpath: //input[@id="user_name"]' in '30' second(s)

2023-07-20 20:28:02 - [MESSAGE][INFO] - Setting text of object 'Object Repository/secondhand-web/Registration/input user_name' to value 'Oktavia DPP_Seller'

2023-07-20 20:28:02 - [MESSAGE][PASSED] - Text 'Oktavia DPP_Seller' is set on object 'Object Repository/secondhand-web/Registration/input user_name'

2023-07-20 20:28:02 - [TEST_STEP][PASSED] - takeScreenshot(): Taking screenshot successfully

2023-07-20 20:28:02 - [MESSAGE][INFO] - Smart Wait Function is triggered

2023-07-20 20:28:03 - [MESSAGE][PASSED] - Taking screenshot successfully
[[ATTACHMENT|D:\\Binar Academy\\Platinum Challenge\\SQA-Wave9-Kelompok2\\Reports\\20230720_202447\\secondhand-web\\Feature Register\\20230720_202447\\1689859682922.png]]

2023-07-20 20:28:03 - [MESSAGE][PASSED] - Call Test Case 'Test Cases/secondhand-web/Pages/User Registration/Input Username' successfully

2023-07-20 20:28:03 - [TEST_STEP][PASSED] - callTestCase(findTestCase("secondhand-web/Pages/User Registration/Input Email"), ["email":emailTaken], STOP_ON_FAILURE): Call Test Case 'Test Cases/secondhand-web/Pages/User Registration/Input Email' successfully

2023-07-20 20:28:03 - [MESSAGE][INFO] - Checking called Test Case

2023-07-20 20:28:03 - [MESSAGE][INFO] - Starting to call Test Case 'Test Cases/secondhand-web/Pages/User Registration/Input Email'

2023-07-20 20:28:03 - [TEST_CASE][PASSED] - Test Cases/secondhand-web/Pages/User Registration/Input Email: Test Cases/secondhand-web/Pages/User Registration/Input Email

2023-07-20 20:28:03 - [TEST_STEP][PASSED] - waitForElementVisible(findTestObject("secondhand-web/Registration/input user_email"), 3): Object 'Object Repository/secondhand-web/Registration/input user_email' is visible

2023-07-20 20:28:03 - [MESSAGE][INFO] - Finding Test Object 'Object Repository/secondhand-web/Registration/input user_email'

2023-07-20 20:28:03 - [MESSAGE][INFO] - Checking object

2023-07-20 20:28:03 - [MESSAGE][INFO] - Checking timeout

2023-07-20 20:28:03 - [MESSAGE][INFO] - Finding web element from Test Object's properties

2023-07-20 20:28:03 - [MESSAGE][INFO] - Checking timeout

2023-07-20 20:28:03 - [MESSAGE][INFO] - Finding web element with id: 'Object Repository/secondhand-web/Registration/input user_email' located by 'By.xpath: //input[@id="user_email"]' in '3' second(s)

2023-07-20 20:28:03 - [MESSAGE][INFO] - Smart Wait Function is triggered

2023-07-20 20:28:04 - [MESSAGE][INFO] - Found 1 web elements with id: 'Object Repository/secondhand-web/Registration/input user_email' located by 'By.xpath: //input[@id="user_email"]' in '3' second(s)

2023-07-20 20:28:04 - [MESSAGE][PASSED] - Object 'Object Repository/secondhand-web/Registration/input user_email' is visible

2023-07-20 20:28:04 - [TEST_STEP][PASSED] - setText(findTestObject("secondhand-web/Registration/input user_email"), email): Text 'oktavia_buyer_w9@gmail.com' is set on object 'Object Repository/secondhand-web/Registration/input user_email'

2023-07-20 20:28:04 - [MESSAGE][INFO] - Finding Test Object 'Object Repository/secondhand-web/Registration/input user_email'

2023-07-20 20:28:04 - [MESSAGE][INFO] - Checking object

2023-07-20 20:28:04 - [MESSAGE][INFO] - Checking text

2023-07-20 20:28:04 - [MESSAGE][INFO] - Finding web element from Test Object's properties

2023-07-20 20:28:04 - [MESSAGE][INFO] - Checking timeout

2023-07-20 20:28:04 - [MESSAGE][INFO] - Finding web element with id: 'Object Repository/secondhand-web/Registration/input user_email' located by 'By.xpath: //input[@id="user_email"]' in '30' second(s)

2023-07-20 20:28:04 - [MESSAGE][INFO] - Smart Wait Function is triggered

2023-07-20 20:28:04 - [MESSAGE][INFO] - Found 1 web elements with id: 'Object Repository/secondhand-web/Registration/input user_email' located by 'By.xpath: //input[@id="user_email"]' in '30' second(s)

2023-07-20 20:28:04 - [MESSAGE][INFO] - Clearing text of object 'Object Repository/secondhand-web/Registration/input user_email'

2023-07-20 20:28:04 - [MESSAGE][INFO] - Finding web element from Test Object's properties

2023-07-20 20:28:04 - [MESSAGE][INFO] - Checking timeout

2023-07-20 20:28:04 - [MESSAGE][INFO] - Finding web element with id: 'Object Repository/secondhand-web/Registration/input user_email' located by 'By.xpath: //input[@id="user_email"]' in '30' second(s)

2023-07-20 20:28:04 - [MESSAGE][INFO] - Smart Wait Function is triggered

2023-07-20 20:28:04 - [MESSAGE][INFO] - Found 1 web elements with id: 'Object Repository/secondhand-web/Registration/input user_email' located by 'By.xpath: //input[@id="user_email"]' in '30' second(s)

2023-07-20 20:28:04 - [MESSAGE][INFO] - Setting text of object 'Object Repository/secondhand-web/Registration/input user_email' to value 'oktavia_buyer_w9@gmail.com'

2023-07-20 20:28:04 - [MESSAGE][PASSED] - Text 'oktavia_buyer_w9@gmail.com' is set on object 'Object Repository/secondhand-web/Registration/input user_email'

2023-07-20 20:28:04 - [TEST_STEP][PASSED] - takeScreenshot(): Taking screenshot successfully

2023-07-20 20:28:04 - [MESSAGE][INFO] - Smart Wait Function is triggered

2023-07-20 20:28:05 - [MESSAGE][PASSED] - Taking screenshot successfully
[[ATTACHMENT|D:\\Binar Academy\\Platinum Challenge\\SQA-Wave9-Kelompok2\\Reports\\20230720_202447\\secondhand-web\\Feature Register\\20230720_202447\\1689859685169.png]]

2023-07-20 20:28:05 - [MESSAGE][PASSED] - Call Test Case 'Test Cases/secondhand-web/Pages/User Registration/Input Email' successfully

2023-07-20 20:28:05 - [TEST_STEP][PASSED] - callTestCase(findTestCase("secondhand-web/Pages/User Registration/Input Password"), ["password":pwdOktaSeller], STOP_ON_FAILURE): Call Test Case 'Test Cases/secondhand-web/Pages/User Registration/Input Password' successfully

2023-07-20 20:28:05 - [MESSAGE][INFO] - Checking called Test Case

2023-07-20 20:28:05 - [MESSAGE][INFO] - Starting to call Test Case 'Test Cases/secondhand-web/Pages/User Registration/Input Password'

2023-07-20 20:28:05 - [TEST_CASE][PASSED] - Test Cases/secondhand-web/Pages/User Registration/Input Password: Test Cases/secondhand-web/Pages/User Registration/Input Password

2023-07-20 20:28:05 - [TEST_STEP][PASSED] - waitForElementVisible(findTestObject("secondhand-web/Registration/input user_password"), 3): Object 'Object Repository/secondhand-web/Registration/input user_password' is visible

2023-07-20 20:28:05 - [MESSAGE][INFO] - Finding Test Object 'Object Repository/secondhand-web/Registration/input user_password'

2023-07-20 20:28:05 - [MESSAGE][INFO] - Checking object

2023-07-20 20:28:05 - [MESSAGE][INFO] - Checking timeout

2023-07-20 20:28:05 - [MESSAGE][INFO] - Finding web element from Test Object's properties

2023-07-20 20:28:05 - [MESSAGE][INFO] - Checking timeout

2023-07-20 20:28:05 - [MESSAGE][INFO] - Finding web element with id: 'Object Repository/secondhand-web/Registration/input user_password' located by 'By.xpath: //input[@id="user_password"]' in '3' second(s)

2023-07-20 20:28:05 - [MESSAGE][INFO] - Smart Wait Function is triggered

2023-07-20 20:28:06 - [MESSAGE][INFO] - Found 1 web elements with id: 'Object Repository/secondhand-web/Registration/input user_password' located by 'By.xpath: //input[@id="user_password"]' in '3' second(s)

2023-07-20 20:28:06 - [MESSAGE][PASSED] - Object 'Object Repository/secondhand-web/Registration/input user_password' is visible

2023-07-20 20:28:06 - [TEST_STEP][PASSED] - setText(findTestObject("secondhand-web/Registration/input user_password"), password): Text '123456' is set on object 'Object Repository/secondhand-web/Registration/input user_password'

2023-07-20 20:28:06 - [MESSAGE][INFO] - Finding Test Object 'Object Repository/secondhand-web/Registration/input user_password'

2023-07-20 20:28:06 - [MESSAGE][INFO] - Checking object

2023-07-20 20:28:06 - [MESSAGE][INFO] - Checking text

2023-07-20 20:28:06 - [MESSAGE][INFO] - Finding web element from Test Object's properties

2023-07-20 20:28:06 - [MESSAGE][INFO] - Checking timeout

2023-07-20 20:28:06 - [MESSAGE][INFO] - Finding web element with id: 'Object Repository/secondhand-web/Registration/input user_password' located by 'By.xpath: //input[@id="user_password"]' in '30' second(s)

2023-07-20 20:28:06 - [MESSAGE][INFO] - Smart Wait Function is triggered

2023-07-20 20:28:06 - [MESSAGE][INFO] - Found 1 web elements with id: 'Object Repository/secondhand-web/Registration/input user_password' located by 'By.xpath: //input[@id="user_password"]' in '30' second(s)

2023-07-20 20:28:06 - [MESSAGE][INFO] - Clearing text of object 'Object Repository/secondhand-web/Registration/input user_password'

2023-07-20 20:28:06 - [MESSAGE][INFO] - Finding web element from Test Object's properties

2023-07-20 20:28:06 - [MESSAGE][INFO] - Checking timeout

2023-07-20 20:28:06 - [MESSAGE][INFO] - Finding web element with id: 'Object Repository/secondhand-web/Registration/input user_password' located by 'By.xpath: //input[@id="user_password"]' in '30' second(s)

2023-07-20 20:28:06 - [MESSAGE][INFO] - Smart Wait Function is triggered

2023-07-20 20:28:06 - [MESSAGE][INFO] - Found 1 web elements with id: 'Object Repository/secondhand-web/Registration/input user_password' located by 'By.xpath: //input[@id="user_password"]' in '30' second(s)

2023-07-20 20:28:06 - [MESSAGE][INFO] - Setting text of object 'Object Repository/secondhand-web/Registration/input user_password' to value '123456'

2023-07-20 20:28:07 - [MESSAGE][PASSED] - Text '123456' is set on object 'Object Repository/secondhand-web/Registration/input user_password'

2023-07-20 20:28:07 - [TEST_STEP][PASSED] - takeScreenshot(): Taking screenshot successfully

2023-07-20 20:28:07 - [MESSAGE][INFO] - Smart Wait Function is triggered

2023-07-20 20:28:07 - [MESSAGE][PASSED] - Taking screenshot successfully
[[ATTACHMENT|D:\\Binar Academy\\Platinum Challenge\\SQA-Wave9-Kelompok2\\Reports\\20230720_202447\\secondhand-web\\Feature Register\\20230720_202447\\1689859687308.png]]

2023-07-20 20:28:07 - [MESSAGE][PASSED] - Call Test Case 'Test Cases/secondhand-web/Pages/User Registration/Input Password' successfully

2023-07-20 20:28:07 - [TEST_STEP][PASSED] - callTestCase(findTestCase("secondhand-web/Pages/User Registration/Click button Daftar"), [:], STOP_ON_FAILURE): Call Test Case 'Test Cases/secondhand-web/Pages/User Registration/Click button Daftar' successfully

2023-07-20 20:28:07 - [MESSAGE][INFO] - Checking called Test Case

2023-07-20 20:28:07 - [MESSAGE][INFO] - Starting to call Test Case 'Test Cases/secondhand-web/Pages/User Registration/Click button Daftar'

2023-07-20 20:28:08 - [TEST_CASE][PASSED] - Test Cases/secondhand-web/Pages/User Registration/Click button Daftar: Test Cases/secondhand-web/Pages/User Registration/Click button Daftar

2023-07-20 20:28:08 - [TEST_STEP][PASSED] - verifyElementVisible(findTestObject("secondhand-web/Registration/button daftar in register page")): Object 'Object Repository/secondhand-web/Registration/button daftar in register page' is visible

2023-07-20 20:28:08 - [MESSAGE][INFO] - Finding Test Object 'Object Repository/secondhand-web/Registration/button daftar in register page'

2023-07-20 20:28:08 - [MESSAGE][INFO] - Checking object

2023-07-20 20:28:08 - [MESSAGE][INFO] - Finding web element from Test Object's properties

2023-07-20 20:28:08 - [MESSAGE][INFO] - Checking timeout

2023-07-20 20:28:08 - [MESSAGE][INFO] - Finding web element with id: 'Object Repository/secondhand-web/Registration/button daftar in register page' located by 'By.xpath: //input[@name="commit"]' in '30' second(s)

2023-07-20 20:28:08 - [MESSAGE][INFO] - Smart Wait Function is triggered

2023-07-20 20:28:08 - [MESSAGE][INFO] - Found 1 web elements with id: 'Object Repository/secondhand-web/Registration/button daftar in register page' located by 'By.xpath: //input[@name="commit"]' in '30' second(s)

2023-07-20 20:28:08 - [MESSAGE][PASSED] - Object 'Object Repository/secondhand-web/Registration/button daftar in register page' is visible

2023-07-20 20:28:08 - [TEST_STEP][PASSED] - click(findTestObject("secondhand-web/Registration/button daftar in register page")): Object: 'Object Repository/secondhand-web/Registration/button daftar in register page' is clicked on

2023-07-20 20:28:08 - [MESSAGE][INFO] - Finding Test Object 'Object Repository/secondhand-web/Registration/button daftar in register page'

2023-07-20 20:28:08 - [MESSAGE][INFO] - Checking object

2023-07-20 20:28:08 - [MESSAGE][INFO] - Checking timeout

2023-07-20 20:28:08 - [MESSAGE][INFO] - Finding web element from Test Object's properties

2023-07-20 20:28:08 - [MESSAGE][INFO] - Checking timeout

2023-07-20 20:28:08 - [MESSAGE][INFO] - Finding web element with id: 'Object Repository/secondhand-web/Registration/button daftar in register page' located by 'By.xpath: //input[@name="commit"]' in '30' second(s)

2023-07-20 20:28:08 - [MESSAGE][INFO] - Smart Wait Function is triggered

2023-07-20 20:28:08 - [MESSAGE][INFO] - Found 1 web elements with id: 'Object Repository/secondhand-web/Registration/button daftar in register page' located by 'By.xpath: //input[@name="commit"]' in '30' second(s)

2023-07-20 20:28:08 - [MESSAGE][INFO] - Clicking on object: 'Object Repository/secondhand-web/Registration/button daftar in register page'

2023-07-20 20:28:08 - [MESSAGE][PASSED] - Object: 'Object Repository/secondhand-web/Registration/button daftar in register page' is clicked on

2023-07-20 20:28:08 - [MESSAGE][PASSED] - Call Test Case 'Test Cases/secondhand-web/Pages/User Registration/Click button Daftar' successfully

2023-07-20 20:28:08 - [TEST_STEP][PASSED] - callTestCase(findTestCase("secondhand-web/Pages/User Registration/Read Error Messages Email Taken"), ["expected":erroMessageEmailTaken], STOP_ON_FAILURE): Call Test Case 'Test Cases/secondhand-web/Pages/User Registration/Read Error Messages Email Taken' successfully

2023-07-20 20:28:08 - [MESSAGE][INFO] - Checking called Test Case

2023-07-20 20:28:08 - [MESSAGE][INFO] - Starting to call Test Case 'Test Cases/secondhand-web/Pages/User Registration/Read Error Messages Email Taken'

2023-07-20 20:28:08 - [TEST_CASE][PASSED] - Test Cases/secondhand-web/Pages/User Registration/Read Error Messages Email Taken: Test Cases/secondhand-web/Pages/User Registration/Read Error Messages Email Taken

2023-07-20 20:28:09 - [TEST_STEP][PASSED] - errorText = getText(findTestObject("secondhand-web/Registration/label email taken")): Text of object 'Object Repository/secondhand-web/Registration/label email taken' is: 'Email has already been taken'

2023-07-20 20:28:09 - [MESSAGE][INFO] - Finding Test Object 'Object Repository/secondhand-web/Registration/label email taken'

2023-07-20 20:28:09 - [MESSAGE][INFO] - Checking object

2023-07-20 20:28:09 - [MESSAGE][INFO] - Finding web element from Test Object's properties

2023-07-20 20:28:09 - [MESSAGE][INFO] - Checking timeout

2023-07-20 20:28:09 - [MESSAGE][INFO] - Finding web element with id: 'Object Repository/secondhand-web/Registration/label email taken' located by 'By.xpath: //form[@id="new_user"]/div[2]/div[3]' in '30' second(s)

2023-07-20 20:28:09 - [MESSAGE][INFO] - Smart Wait Function is triggered

2023-07-20 20:28:09 - [MESSAGE][INFO] - Found 1 web elements with id: 'Object Repository/secondhand-web/Registration/label email taken' located by 'By.xpath: //form[@id="new_user"]/div[2]/div[3]' in '30' second(s)

2023-07-20 20:28:09 - [MESSAGE][INFO] - Getting text of object 'Object Repository/secondhand-web/Registration/label email taken'

2023-07-20 20:28:09 - [MESSAGE][PASSED] - Text of object 'Object Repository/secondhand-web/Registration/label email taken' is: 'Email has already been taken'

2023-07-20 20:28:09 - [TEST_STEP][PASSED] - logInfo("Error Text : " + errorText): Error Text : Email has already been taken

2023-07-20 20:28:09 - [MESSAGE][INFO] - Error Text : Email has already been taken

2023-07-20 20:28:09 - [TEST_STEP][PASSED] - verifyMatch(errorText, expected, false): Actual text 'Email has already been taken' and expected text 'Email has already been taken' are matched 

2023-07-20 20:28:09 - [MESSAGE][INFO] - Matching actual text 'Email has already been taken' with expected text 'Email has already been taken'

2023-07-20 20:28:09 - [MESSAGE][PASSED] - Actual text 'Email has already been taken' and expected text 'Email has already been taken' are matched 

2023-07-20 20:28:09 - [MESSAGE][PASSED] - Call Test Case 'Test Cases/secondhand-web/Pages/User Registration/Read Error Messages Email Taken' successfully

2023-07-20 20:28:09 - [TEST_STEP][PASSED] - callTestCase(findTestCase("secondhand-web/Common/Close Web"), [:], STOP_ON_FAILURE): Call Test Case 'Test Cases/secondhand-web/Common/Close Web' successfully

2023-07-20 20:28:09 - [MESSAGE][INFO] - Checking called Test Case

2023-07-20 20:28:09 - [MESSAGE][INFO] - Starting to call Test Case 'Test Cases/secondhand-web/Common/Close Web'

2023-07-20 20:28:09 - [TEST_CASE][PASSED] - Test Cases/secondhand-web/Common/Close Web: Test Cases/secondhand-web/Common/Close Web

2023-07-20 20:28:09 - [TEST_STEP][PASSED] - closeBrowser(): Browser is closed

2023-07-20 20:28:09 - [MESSAGE][INFO] - Closing browser

2023-07-20 20:28:11 - [MESSAGE][PASSED] - Browser is closed

2023-07-20 20:28:11 - [MESSAGE][PASSED] - Call Test Case 'Test Cases/secondhand-web/Common/Close Web' successfully]]></system-out>
         <system-err><![CDATA[]]></system-err>
      </testcase>
      <system-out><![CDATA[2023-07-20 20:24:49 - [TEST_SUITE][FAILED] - Feature Register: Test Cases/secondhand-web/Step Definition/Feature Registration/REG002 - user should not be able to register using invalid email or special character FAILED.
Reason:
com.kms.katalon.core.exception.StepFailedException: Call Test Case 'Test Cases/secondhand-web/Pages/User Registration/Read Error Messages' failed
	at com.kms.katalon.core.keyword.builtin.CallTestCaseKeyword$_callTestCase_closure1.doCall(CallTestCaseKeyword.groovy:63)
	at com.kms.katalon.core.keyword.builtin.CallTestCaseKeyword$_callTestCase_closure1.call(CallTestCaseKeyword.groovy)
	at com.kms.katalon.core.keyword.internal.KeywordMain.runKeyword(KeywordMain.groovy:75)
	at com.kms.katalon.core.keyword.builtin.CallTestCaseKeyword.callTestCase(CallTestCaseKeyword.groovy:81)
	at com.kms.katalon.core.keyword.builtin.CallTestCaseKeyword.execute(CallTestCaseKeyword.groovy:44)
	at com.kms.katalon.core.keyword.internal.KeywordExecutor.executeKeywordForPlatform(KeywordExecutor.groovy:74)
	at com.kms.katalon.core.keyword.BuiltinKeywords.callTestCase(BuiltinKeywords.groovy:310)
	at REG002 - user should not be able to register using invalid email or special character.run(REG002 - user should not be able to register using invalid email or special character:37)
	at com.kms.katalon.core.main.ScriptEngine.run(ScriptEngine.java:194)
	at com.kms.katalon.core.main.ScriptEngine.runScriptAsRawText(ScriptEngine.java:119)
	at com.kms.katalon.core.main.TestCaseExecutor.runScript(TestCaseExecutor.java:448)
	at com.kms.katalon.core.main.TestCaseExecutor.doExecute(TestCaseExecutor.java:439)
	at com.kms.katalon.core.main.TestCaseExecutor.processExecutionPhase(TestCaseExecutor.java:418)
	at com.kms.katalon.core.main.TestCaseExecutor.accessMainPhase(TestCaseExecutor.java:410)
	at com.kms.katalon.core.main.TestCaseExecutor.execute(TestCaseExecutor.java:285)
	at com.kms.katalon.core.common.CommonExecutor.accessTestCaseMainPhase(CommonExecutor.java:65)
	at com.kms.katalon.core.main.TestSuiteExecutor.accessTestSuiteMainPhase(TestSuiteExecutor.java:148)
	at com.kms.katalon.core.main.TestSuiteExecutor.execute(TestSuiteExecutor.java:106)
	at com.kms.katalon.core.main.TestCaseMain.startTestSuite(TestCaseMain.java:187)
	at com.kms.katalon.core.main.TestCaseMain$startTestSuite$0.call(Unknown Source)
	at TempTestSuite1689859487170.run(TempTestSuite1689859487170.groovy:36)
Caused by: com.kms.katalon.core.exception.StepFailedException: Unable to verify object 'Object Repository/secondhand-web/Registration/label error message' is present
	at com.kms.katalon.core.webui.keyword.internal.WebUIKeywordMain.stepFailed(WebUIKeywordMain.groovy:64)
	at com.kms.katalon.core.webui.keyword.internal.WebUIKeywordMain.runKeyword(WebUIKeywordMain.groovy:26)
	at com.kms.katalon.core.webui.keyword.builtin.VerifyElementPresentKeyword.verifyElementPresent(VerifyElementPresentKeyword.groovy:92)
	at com.kms.katalon.core.webui.keyword.builtin.VerifyElementPresentKeyword.execute(VerifyElementPresentKeyword.groovy:68)
	at com.kms.katalon.core.keyword.internal.KeywordExecutor.executeKeywordForPlatform(KeywordExecutor.groovy:74)
	at com.kms.katalon.core.webui.keyword.WebUiBuiltInKeywords.verifyElementPresent(WebUiBuiltInKeywords.groovy:1464)
	at com.kms.katalon.core.webui.keyword.WebUiBuiltInKeywords$verifyElementPresent$8.call(Unknown Source)
	at Read Error Messages.run(Read Error Messages:21)
	at com.kms.katalon.core.main.ScriptEngine.run(ScriptEngine.java:194)
	at com.kms.katalon.core.main.ScriptEngine.runScriptAsRawText(ScriptEngine.java:119)
	at com.kms.katalon.core.main.TestCaseExecutor.runScript(TestCaseExecutor.java:448)
	at com.kms.katalon.core.main.TestCaseExecutor.doExecute(TestCaseExecutor.java:439)
	at com.kms.katalon.core.main.TestCaseExecutor.processExecutionPhase(TestCaseExecutor.java:418)
	at com.kms.katalon.core.main.TestCaseExecutor.accessMainPhase(TestCaseExecutor.java:410)
	at com.kms.katalon.core.main.TestCaseExecutor.execute(TestCaseExecutor.java:285)
	at com.kms.katalon.core.main.TestCaseMain.runTestCase(TestCaseMain.java:144)
	at com.kms.katalon.core.keyword.builtin.CallTestCaseKeyword$_callTestCase_closure1.doCall(CallTestCaseKeyword.groovy:59)
	... 20 more
Caused by: com.kms.katalon.core.exception.StepFailedException: com.kms.katalon.core.webui.exception.WebElementNotFoundException: Web element with id: 'Object Repository/secondhand-web/Registration/label error message' located by '//div[@id='login_button_container']/div/form/div[3]/h3' not found
	at com.kms.katalon.core.webui.keyword.internal.WebUIKeywordMain.stepFailed(WebUIKeywordMain.groovy:64)
	at com.kms.katalon.core.webui.keyword.builtin.VerifyElementPresentKeyword$_verifyElementPresent_closure1.doCall(VerifyElementPresentKeyword.groovy:85)
	at com.kms.katalon.core.webui.keyword.builtin.VerifyElementPresentKeyword$_verifyElementPresent_closure1.call(VerifyElementPresentKeyword.groovy)
	at com.kms.katalon.core.webui.keyword.internal.WebUIKeywordMain.runKeyword(WebUIKeywordMain.groovy:20)
	... 35 more]]></system-out>
      <system-err><![CDATA[2023-07-20 20:24:49 - [TEST_SUITE][FAILED] - Feature Register: Test Cases/secondhand-web/Step Definition/Feature Registration/REG002 - user should not be able to register using invalid email or special character FAILED.
Reason:
com.kms.katalon.core.exception.StepFailedException: Call Test Case 'Test Cases/secondhand-web/Pages/User Registration/Read Error Messages' failed
	at com.kms.katalon.core.keyword.builtin.CallTestCaseKeyword$_callTestCase_closure1.doCall(CallTestCaseKeyword.groovy:63)
	at com.kms.katalon.core.keyword.builtin.CallTestCaseKeyword$_callTestCase_closure1.call(CallTestCaseKeyword.groovy)
	at com.kms.katalon.core.keyword.internal.KeywordMain.runKeyword(KeywordMain.groovy:75)
	at com.kms.katalon.core.keyword.builtin.CallTestCaseKeyword.callTestCase(CallTestCaseKeyword.groovy:81)
	at com.kms.katalon.core.keyword.builtin.CallTestCaseKeyword.execute(CallTestCaseKeyword.groovy:44)
	at com.kms.katalon.core.keyword.internal.KeywordExecutor.executeKeywordForPlatform(KeywordExecutor.groovy:74)
	at com.kms.katalon.core.keyword.BuiltinKeywords.callTestCase(BuiltinKeywords.groovy:310)
	at REG002 - user should not be able to register using invalid email or special character.run(REG002 - user should not be able to register using invalid email or special character:37)
	at com.kms.katalon.core.main.ScriptEngine.run(ScriptEngine.java:194)
	at com.kms.katalon.core.main.ScriptEngine.runScriptAsRawText(ScriptEngine.java:119)
	at com.kms.katalon.core.main.TestCaseExecutor.runScript(TestCaseExecutor.java:448)
	at com.kms.katalon.core.main.TestCaseExecutor.doExecute(TestCaseExecutor.java:439)
	at com.kms.katalon.core.main.TestCaseExecutor.processExecutionPhase(TestCaseExecutor.java:418)
	at com.kms.katalon.core.main.TestCaseExecutor.accessMainPhase(TestCaseExecutor.java:410)
	at com.kms.katalon.core.main.TestCaseExecutor.execute(TestCaseExecutor.java:285)
	at com.kms.katalon.core.common.CommonExecutor.accessTestCaseMainPhase(CommonExecutor.java:65)
	at com.kms.katalon.core.main.TestSuiteExecutor.accessTestSuiteMainPhase(TestSuiteExecutor.java:148)
	at com.kms.katalon.core.main.TestSuiteExecutor.execute(TestSuiteExecutor.java:106)
	at com.kms.katalon.core.main.TestCaseMain.startTestSuite(TestCaseMain.java:187)
	at com.kms.katalon.core.main.TestCaseMain$startTestSuite$0.call(Unknown Source)
	at TempTestSuite1689859487170.run(TempTestSuite1689859487170.groovy:36)
Caused by: com.kms.katalon.core.exception.StepFailedException: Unable to verify object 'Object Repository/secondhand-web/Registration/label error message' is present
	at com.kms.katalon.core.webui.keyword.internal.WebUIKeywordMain.stepFailed(WebUIKeywordMain.groovy:64)
	at com.kms.katalon.core.webui.keyword.internal.WebUIKeywordMain.runKeyword(WebUIKeywordMain.groovy:26)
	at com.kms.katalon.core.webui.keyword.builtin.VerifyElementPresentKeyword.verifyElementPresent(VerifyElementPresentKeyword.groovy:92)
	at com.kms.katalon.core.webui.keyword.builtin.VerifyElementPresentKeyword.execute(VerifyElementPresentKeyword.groovy:68)
	at com.kms.katalon.core.keyword.internal.KeywordExecutor.executeKeywordForPlatform(KeywordExecutor.groovy:74)
	at com.kms.katalon.core.webui.keyword.WebUiBuiltInKeywords.verifyElementPresent(WebUiBuiltInKeywords.groovy:1464)
	at com.kms.katalon.core.webui.keyword.WebUiBuiltInKeywords$verifyElementPresent$8.call(Unknown Source)
	at Read Error Messages.run(Read Error Messages:21)
	at com.kms.katalon.core.main.ScriptEngine.run(ScriptEngine.java:194)
	at com.kms.katalon.core.main.ScriptEngine.runScriptAsRawText(ScriptEngine.java:119)
	at com.kms.katalon.core.main.TestCaseExecutor.runScript(TestCaseExecutor.java:448)
	at com.kms.katalon.core.main.TestCaseExecutor.doExecute(TestCaseExecutor.java:439)
	at com.kms.katalon.core.main.TestCaseExecutor.processExecutionPhase(TestCaseExecutor.java:418)
	at com.kms.katalon.core.main.TestCaseExecutor.accessMainPhase(TestCaseExecutor.java:410)
	at com.kms.katalon.core.main.TestCaseExecutor.execute(TestCaseExecutor.java:285)
	at com.kms.katalon.core.main.TestCaseMain.runTestCase(TestCaseMain.java:144)
	at com.kms.katalon.core.keyword.builtin.CallTestCaseKeyword$_callTestCase_closure1.doCall(CallTestCaseKeyword.groovy:59)
	... 20 more
Caused by: com.kms.katalon.core.exception.StepFailedException: com.kms.katalon.core.webui.exception.WebElementNotFoundException: Web element with id: 'Object Repository/secondhand-web/Registration/label error message' located by '//div[@id='login_button_container']/div/form/div[3]/h3' not found
	at com.kms.katalon.core.webui.keyword.internal.WebUIKeywordMain.stepFailed(WebUIKeywordMain.groovy:64)
	at com.kms.katalon.core.webui.keyword.builtin.VerifyElementPresentKeyword$_verifyElementPresent_closure1.doCall(VerifyElementPresentKeyword.groovy:85)
	at com.kms.katalon.core.webui.keyword.builtin.VerifyElementPresentKeyword$_verifyElementPresent_closure1.call(VerifyElementPresentKeyword.groovy)
	at com.kms.katalon.core.webui.keyword.internal.WebUIKeywordMain.runKeyword(WebUIKeywordMain.groovy:20)
	... 35 more]]></system-err>
   </testsuite>
</testsuites>
