<?xml version="1.0" encoding="UTF-8"?>
<testsuites name="Feature Price Negotiation" time="30.679" tests="1" failures="0" errors="1">
   <testsuite name="Feature Price Negotiation" tests="1" failures="0" errors="1" time="30.679" skipped="0" timestamp="2023-07-24 21:11:49" hostname="User - WINDOWS-5V2O60F" id="Test Suites/secondhand-web/Feature Price Negotiation">
      <properties>
         <property name="deviceName" value=""/>
         <property name="devicePlatform" value=""/>
         <property name="logFolder" value="C:\\Users\\User\\SQA-Wave9-Kelompok2\\Reports\\20230724_211145\\secondhand-web\\Feature Price Negotiation\\20230724_211145"/>
         <property name="logFiles" value="C:\\Users\\User\\SQA-Wave9-Kelompok2\\Reports\\20230724_211145\\secondhand-web\\Feature Price Negotiation\\20230724_211145\\execution0.log"/>
         <property name="attachments" value=""/>
         <property name="hostName" value="User - WINDOWS-5V2O60F"/>
         <property name="os" value="Windows 10 64bit"/>
         <property name="katalonVersion" value="8.6.5.208"/>
         <property name="browser" value="Chrome 115.0.0.0"/>
         <property name="hostAddress" value="192.168.50.93"/>
         <property name="sessionId" value="acd0e6b1f8818ae13316d583ccdf332e"/>
         <property name="seleniumVersion" value="3.141.59"/>
         <property name="proxyInformation" value="ProxyInformation { proxyOption=NO_PROXY, proxyServerType=HTTP, username=, password=********, proxyServerAddress=, proxyServerPort=0, executionList=&quot;&quot;, isApplyToDesiredCapabilities=true }"/>
         <property name="platform" value="Windows 10"/>
      </properties>
      <testcase name="Test Cases/secondhand-web/Step Definition/Feature Product Price Negotiation/PPN001 - user should be able successfully negotiate the price of the product" time="4.843" classname="Test Cases/secondhand-web/Step Definition/Feature Product Price Negotiation/PPN001 - user should be able successfully negotiate the price of the product" status="ERROR">
         <error type="ERROR" message="Test Cases/secondhand-web/Step Definition/Feature Product Price Negotiation/PPN001 - user should be able successfully negotiate the price of the product FAILED.
Reason:
groovy.lang.MissingPropertyException: No such property: AsiyahEmailSellerEmailAsiyah for class: internal.GlobalVariable
	at PPN001 - user should be able successfully negotiate the price of the product.run(PPN001 - user should be able successfully negotiate the price of the product:26)
	at com.kms.katalon.core.main.ScriptEngine.run(ScriptEngine.java:194)
	at com.kms.katalon.core.main.ScriptEngine.runScriptAsRawText(ScriptEngine.java:119)
	at com.kms.katalon.core.main.TestCaseExecutor.runScript(TestCaseExecutor.java:448)
	at com.kms.katalon.core.main.TestCaseExecutor.doExecute(TestCaseExecutor.java:439)
	at com.kms.katalon.core.main.TestCaseExecutor.processExecutionPhase(TestCaseExecutor.java:418)
	at com.kms.katalon.core.main.TestCaseExecutor.accessMainPhase(TestCaseExecutor.java:410)
	at com.kms.katalon.core.main.TestCaseExecutor.execute(TestCaseExecutor.java:285)
	at com.kms.katalon.core.main.TestCaseExecutor.execute(TestCaseExecutor.java:369)
	at com.kms.katalon.core.main.TestCaseExecutor.execute(TestCaseExecutor.java:369)
	at com.kms.katalon.core.main.TestCaseExecutor.execute(TestCaseExecutor.java:369)
	at com.kms.katalon.core.common.CommonExecutor.accessTestCaseMainPhase(CommonExecutor.java:65)
	at com.kms.katalon.core.main.TestSuiteExecutor.accessTestSuiteMainPhase(TestSuiteExecutor.java:148)
	at com.kms.katalon.core.main.TestSuiteExecutor.execute(TestSuiteExecutor.java:106)
	at com.kms.katalon.core.main.TestCaseMain.startTestSuite(TestCaseMain.java:187)
	at com.kms.katalon.core.main.TestCaseMain$startTestSuite$0.call(Unknown Source)
	at TempTestSuite1690207905267.run(TempTestSuite1690207905267.groovy:36)
"/>
         <system-out><![CDATA[2023-07-24 21:12:15 - [TEST_CASE][ERROR] - Test Cases/secondhand-web/Step Definition/Feature Product Price Negotiation/PPN001 - user should be able successfully negotiate the price of the product: Test Cases/secondhand-web/Step Definition/Feature Product Price Negotiation/PPN001 - user should be able successfully negotiate the price of the product FAILED.
Reason:
groovy.lang.MissingPropertyException: No such property: AsiyahEmailSellerEmailAsiyah for class: internal.GlobalVariable
	at PPN001 - user should be able successfully negotiate the price of the product.run(PPN001 - user should be able successfully negotiate the price of the product:26)
	at com.kms.katalon.core.main.ScriptEngine.run(ScriptEngine.java:194)
	at com.kms.katalon.core.main.ScriptEngine.runScriptAsRawText(ScriptEngine.java:119)
	at com.kms.katalon.core.main.TestCaseExecutor.runScript(TestCaseExecutor.java:448)
	at com.kms.katalon.core.main.TestCaseExecutor.doExecute(TestCaseExecutor.java:439)
	at com.kms.katalon.core.main.TestCaseExecutor.processExecutionPhase(TestCaseExecutor.java:418)
	at com.kms.katalon.core.main.TestCaseExecutor.accessMainPhase(TestCaseExecutor.java:410)
	at com.kms.katalon.core.main.TestCaseExecutor.execute(TestCaseExecutor.java:285)
	at com.kms.katalon.core.main.TestCaseExecutor.execute(TestCaseExecutor.java:369)
	at com.kms.katalon.core.main.TestCaseExecutor.execute(TestCaseExecutor.java:369)
	at com.kms.katalon.core.main.TestCaseExecutor.execute(TestCaseExecutor.java:369)
	at com.kms.katalon.core.common.CommonExecutor.accessTestCaseMainPhase(CommonExecutor.java:65)
	at com.kms.katalon.core.main.TestSuiteExecutor.accessTestSuiteMainPhase(TestSuiteExecutor.java:148)
	at com.kms.katalon.core.main.TestSuiteExecutor.execute(TestSuiteExecutor.java:106)
	at com.kms.katalon.core.main.TestCaseMain.startTestSuite(TestCaseMain.java:187)
	at com.kms.katalon.core.main.TestCaseMain$startTestSuite$0.call(Unknown Source)
	at TempTestSuite1690207905267.run(TempTestSuite1690207905267.groovy:36)


2023-07-24 21:12:15 - [TEST_STEP][PASSED] - callTestCase(findTestCase("secondhand-web/Common/Launch Web"), [:], STOP_ON_FAILURE): Call Test Case 'Test Cases/secondhand-web/Common/Launch Web' successfully

2023-07-24 21:12:15 - [MESSAGE][INFO] - Checking called Test Case

2023-07-24 21:12:15 - [MESSAGE][INFO] - Starting to call Test Case 'Test Cases/secondhand-web/Common/Launch Web'

2023-07-24 21:12:15 - [TEST_CASE][PASSED] - Test Cases/secondhand-web/Common/Launch Web: Test Cases/secondhand-web/Common/Launch Web

2023-07-24 21:12:15 - [TEST_STEP][PASSED] - openBrowser(""): Browser is opened with url: ''

2023-07-24 21:12:15 - [MESSAGE][INFO] - Opening browser

2023-07-24 21:12:15 - [MESSAGE][WARNING] - A browser is already opened. Closing browser and opening a new one

2023-07-24 21:12:16 - [MESSAGE][INFO] - Starting 'Chrome' driver

2023-07-24 21:12:16 - [MESSAGE][INFO] - Action delay is set to 0 milliseconds

2023-07-24 21:12:17 - [MESSAGE][PASSED] - Browser is opened with url: ''

2023-07-24 21:12:17 - [TEST_STEP][PASSED] - maximizeWindow(): Current window maximized

2023-07-24 21:12:17 - [MESSAGE][INFO] - Maximizing current window

2023-07-24 21:12:18 - [MESSAGE][PASSED] - Current window maximized

2023-07-24 21:12:18 - [MESSAGE][PASSED] - Call Test Case 'Test Cases/secondhand-web/Common/Launch Web' successfully

2023-07-24 21:12:18 - [TEST_STEP][PASSED] - callTestCase(findTestCase("secondhand-web/Common/Navigate To Web"), [:], STOP_ON_FAILURE): Call Test Case 'Test Cases/secondhand-web/Common/Navigate To Web' successfully

2023-07-24 21:12:18 - [MESSAGE][INFO] - Checking called Test Case

2023-07-24 21:12:18 - [MESSAGE][INFO] - Starting to call Test Case 'Test Cases/secondhand-web/Common/Navigate To Web'

2023-07-24 21:12:18 - [TEST_CASE][PASSED] - Test Cases/secondhand-web/Common/Navigate To Web: Test Cases/secondhand-web/Common/Navigate To Web

2023-07-24 21:12:18 - [TEST_STEP][PASSED] - navigateToUrl(baseUrl): Navigate to 'https://secondhand.binaracademy.org/' successfully

2023-07-24 21:12:18 - [MESSAGE][INFO] - Checking url

2023-07-24 21:12:18 - [MESSAGE][INFO] - Navigating to 'https://secondhand.binaracademy.org/'

2023-07-24 21:12:18 - [MESSAGE][PASSED] - Navigate to 'https://secondhand.binaracademy.org/' successfully

2023-07-24 21:12:18 - [MESSAGE][PASSED] - Call Test Case 'Test Cases/secondhand-web/Common/Navigate To Web' successfully

2023-07-24 21:12:18 - [TEST_STEP][PASSED] - callTestCase(findTestCase("secondhand-web/Pages/User Login/Click Button Masuk"), [:], STOP_ON_FAILURE): Call Test Case 'Test Cases/secondhand-web/Pages/User Login/Click Button Masuk' successfully

2023-07-24 21:12:18 - [MESSAGE][INFO] - Checking called Test Case

2023-07-24 21:12:18 - [MESSAGE][INFO] - Starting to call Test Case 'Test Cases/secondhand-web/Pages/User Login/Click Button Masuk'

2023-07-24 21:12:19 - [TEST_CASE][PASSED] - Test Cases/secondhand-web/Pages/User Login/Click Button Masuk: Test Cases/secondhand-web/Pages/User Login/Click Button Masuk

2023-07-24 21:12:19 - [TEST_STEP][PASSED] - verifyElementVisible(findTestObject("secondhand-web/Login/Click Button Masuk"), STOP_ON_FAILURE): Object 'Object Repository/secondhand-web/Login/Click Button Masuk' is visible

2023-07-24 21:12:19 - [MESSAGE][INFO] - Finding Test Object 'Object Repository/secondhand-web/Login/Click Button Masuk'

2023-07-24 21:12:19 - [MESSAGE][INFO] - Checking object

2023-07-24 21:12:19 - [MESSAGE][INFO] - Finding web element from Test Object's properties

2023-07-24 21:12:19 - [MESSAGE][INFO] - Checking timeout

2023-07-24 21:12:19 - [MESSAGE][INFO] - Finding web element with id: 'Object Repository/secondhand-web/Login/Click Button Masuk' located by 'By.xpath: //div[@id='navbarSupportedContent']/div/a' in '30' second(s)

2023-07-24 21:12:19 - [MESSAGE][INFO] - Smart Wait Function is triggered

2023-07-24 21:12:19 - [MESSAGE][INFO] - Found 1 web elements with id: 'Object Repository/secondhand-web/Login/Click Button Masuk' located by 'By.xpath: //div[@id='navbarSupportedContent']/div/a' in '30' second(s)

2023-07-24 21:12:19 - [MESSAGE][PASSED] - Object 'Object Repository/secondhand-web/Login/Click Button Masuk' is visible

2023-07-24 21:12:19 - [TEST_STEP][PASSED] - click(findTestObject("secondhand-web/Login/Click Button Masuk")): Object: 'Object Repository/secondhand-web/Login/Click Button Masuk' is clicked on

2023-07-24 21:12:19 - [MESSAGE][INFO] - Finding Test Object 'Object Repository/secondhand-web/Login/Click Button Masuk'

2023-07-24 21:12:19 - [MESSAGE][INFO] - Checking object

2023-07-24 21:12:19 - [MESSAGE][INFO] - Checking timeout

2023-07-24 21:12:19 - [MESSAGE][INFO] - Finding web element from Test Object's properties

2023-07-24 21:12:19 - [MESSAGE][INFO] - Checking timeout

2023-07-24 21:12:19 - [MESSAGE][INFO] - Finding web element with id: 'Object Repository/secondhand-web/Login/Click Button Masuk' located by 'By.xpath: //div[@id='navbarSupportedContent']/div/a' in '30' second(s)

2023-07-24 21:12:19 - [MESSAGE][INFO] - Smart Wait Function is triggered

2023-07-24 21:12:20 - [MESSAGE][INFO] - Found 1 web elements with id: 'Object Repository/secondhand-web/Login/Click Button Masuk' located by 'By.xpath: //div[@id='navbarSupportedContent']/div/a' in '30' second(s)

2023-07-24 21:12:20 - [MESSAGE][INFO] - Clicking on object: 'Object Repository/secondhand-web/Login/Click Button Masuk'

2023-07-24 21:12:20 - [MESSAGE][PASSED] - Object: 'Object Repository/secondhand-web/Login/Click Button Masuk' is clicked on

2023-07-24 21:12:20 - [MESSAGE][PASSED] - Call Test Case 'Test Cases/secondhand-web/Pages/User Login/Click Button Masuk' successfully

2023-07-24 21:12:20 - [TEST_STEP][ERROR] - callTestCase(findTestCase("secondhand-web/Pages/User Login/Input Email"), ["email":AsiyahEmailSellerEmailAsiyah], STOP_ON_FAILURE): Test Cases/secondhand-web/Step Definition/Feature Product Price Negotiation/PPN001 - user should be able successfully negotiate the price of the product FAILED.
Reason:
groovy.lang.MissingPropertyException: No such property: AsiyahEmailSellerEmailAsiyah for class: internal.GlobalVariable
	at PPN001 - user should be able successfully negotiate the price of the product.run(PPN001 - user should be able successfully negotiate the price of the product:26)
	at com.kms.katalon.core.main.ScriptEngine.run(ScriptEngine.java:194)
	at com.kms.katalon.core.main.ScriptEngine.runScriptAsRawText(ScriptEngine.java:119)
	at com.kms.katalon.core.main.TestCaseExecutor.runScript(TestCaseExecutor.java:448)
	at com.kms.katalon.core.main.TestCaseExecutor.doExecute(TestCaseExecutor.java:439)
	at com.kms.katalon.core.main.TestCaseExecutor.processExecutionPhase(TestCaseExecutor.java:418)
	at com.kms.katalon.core.main.TestCaseExecutor.accessMainPhase(TestCaseExecutor.java:410)
	at com.kms.katalon.core.main.TestCaseExecutor.execute(TestCaseExecutor.java:285)
	at com.kms.katalon.core.main.TestCaseExecutor.execute(TestCaseExecutor.java:369)
	at com.kms.katalon.core.main.TestCaseExecutor.execute(TestCaseExecutor.java:369)
	at com.kms.katalon.core.main.TestCaseExecutor.execute(TestCaseExecutor.java:369)
	at com.kms.katalon.core.common.CommonExecutor.accessTestCaseMainPhase(CommonExecutor.java:65)
	at com.kms.katalon.core.main.TestSuiteExecutor.accessTestSuiteMainPhase(TestSuiteExecutor.java:148)
	at com.kms.katalon.core.main.TestSuiteExecutor.execute(TestSuiteExecutor.java:106)
	at com.kms.katalon.core.main.TestCaseMain.startTestSuite(TestCaseMain.java:187)
	at com.kms.katalon.core.main.TestCaseMain$startTestSuite$0.call(Unknown Source)
	at TempTestSuite1690207905267.run(TempTestSuite1690207905267.groovy:36)


2023-07-24 21:12:20 - [MESSAGE][ERROR] - Test Cases/secondhand-web/Step Definition/Feature Product Price Negotiation/PPN001 - user should be able successfully negotiate the price of the product FAILED.
Reason:
groovy.lang.MissingPropertyException: No such property: AsiyahEmailSellerEmailAsiyah for class: internal.GlobalVariable
	at PPN001 - user should be able successfully negotiate the price of the product.run(PPN001 - user should be able successfully negotiate the price of the product:26)
	at com.kms.katalon.core.main.ScriptEngine.run(ScriptEngine.java:194)
	at com.kms.katalon.core.main.ScriptEngine.runScriptAsRawText(ScriptEngine.java:119)
	at com.kms.katalon.core.main.TestCaseExecutor.runScript(TestCaseExecutor.java:448)
	at com.kms.katalon.core.main.TestCaseExecutor.doExecute(TestCaseExecutor.java:439)
	at com.kms.katalon.core.main.TestCaseExecutor.processExecutionPhase(TestCaseExecutor.java:418)
	at com.kms.katalon.core.main.TestCaseExecutor.accessMainPhase(TestCaseExecutor.java:410)
	at com.kms.katalon.core.main.TestCaseExecutor.execute(TestCaseExecutor.java:285)
	at com.kms.katalon.core.main.TestCaseExecutor.execute(TestCaseExecutor.java:369)
	at com.kms.katalon.core.main.TestCaseExecutor.execute(TestCaseExecutor.java:369)
	at com.kms.katalon.core.main.TestCaseExecutor.execute(TestCaseExecutor.java:369)
	at com.kms.katalon.core.common.CommonExecutor.accessTestCaseMainPhase(CommonExecutor.java:65)
	at com.kms.katalon.core.main.TestSuiteExecutor.accessTestSuiteMainPhase(TestSuiteExecutor.java:148)
	at com.kms.katalon.core.main.TestSuiteExecutor.execute(TestSuiteExecutor.java:106)
	at com.kms.katalon.core.main.TestCaseMain.startTestSuite(TestCaseMain.java:187)
	at com.kms.katalon.core.main.TestCaseMain$startTestSuite$0.call(Unknown Source)
	at TempTestSuite1690207905267.run(TempTestSuite1690207905267.groovy:36)]]></system-out>
         <system-err><![CDATA[2023-07-24 21:12:15 - [TEST_CASE][ERROR] - Test Cases/secondhand-web/Step Definition/Feature Product Price Negotiation/PPN001 - user should be able successfully negotiate the price of the product: Test Cases/secondhand-web/Step Definition/Feature Product Price Negotiation/PPN001 - user should be able successfully negotiate the price of the product FAILED.
Reason:
groovy.lang.MissingPropertyException: No such property: AsiyahEmailSellerEmailAsiyah for class: internal.GlobalVariable
	at PPN001 - user should be able successfully negotiate the price of the product.run(PPN001 - user should be able successfully negotiate the price of the product:26)
	at com.kms.katalon.core.main.ScriptEngine.run(ScriptEngine.java:194)
	at com.kms.katalon.core.main.ScriptEngine.runScriptAsRawText(ScriptEngine.java:119)
	at com.kms.katalon.core.main.TestCaseExecutor.runScript(TestCaseExecutor.java:448)
	at com.kms.katalon.core.main.TestCaseExecutor.doExecute(TestCaseExecutor.java:439)
	at com.kms.katalon.core.main.TestCaseExecutor.processExecutionPhase(TestCaseExecutor.java:418)
	at com.kms.katalon.core.main.TestCaseExecutor.accessMainPhase(TestCaseExecutor.java:410)
	at com.kms.katalon.core.main.TestCaseExecutor.execute(TestCaseExecutor.java:285)
	at com.kms.katalon.core.main.TestCaseExecutor.execute(TestCaseExecutor.java:369)
	at com.kms.katalon.core.main.TestCaseExecutor.execute(TestCaseExecutor.java:369)
	at com.kms.katalon.core.main.TestCaseExecutor.execute(TestCaseExecutor.java:369)
	at com.kms.katalon.core.common.CommonExecutor.accessTestCaseMainPhase(CommonExecutor.java:65)
	at com.kms.katalon.core.main.TestSuiteExecutor.accessTestSuiteMainPhase(TestSuiteExecutor.java:148)
	at com.kms.katalon.core.main.TestSuiteExecutor.execute(TestSuiteExecutor.java:106)
	at com.kms.katalon.core.main.TestCaseMain.startTestSuite(TestCaseMain.java:187)
	at com.kms.katalon.core.main.TestCaseMain$startTestSuite$0.call(Unknown Source)
	at TempTestSuite1690207905267.run(TempTestSuite1690207905267.groovy:36)]]></system-err>
      </testcase>
      <system-out><![CDATA[2023-07-24 21:11:49 - [TEST_SUITE][ERROR] - Feature Price Negotiation: Test Cases/secondhand-web/Step Definition/Feature Product Price Negotiation/PPN001 - user should be able successfully negotiate the price of the product FAILED.
Reason:
groovy.lang.MissingPropertyException: No such property: AsiyahEmailSellerEmailAsiyah for class: internal.GlobalVariable
	at PPN001 - user should be able successfully negotiate the price of the product.run(PPN001 - user should be able successfully negotiate the price of the product:26)
	at com.kms.katalon.core.main.ScriptEngine.run(ScriptEngine.java:194)
	at com.kms.katalon.core.main.ScriptEngine.runScriptAsRawText(ScriptEngine.java:119)
	at com.kms.katalon.core.main.TestCaseExecutor.runScript(TestCaseExecutor.java:448)
	at com.kms.katalon.core.main.TestCaseExecutor.doExecute(TestCaseExecutor.java:439)
	at com.kms.katalon.core.main.TestCaseExecutor.processExecutionPhase(TestCaseExecutor.java:418)
	at com.kms.katalon.core.main.TestCaseExecutor.accessMainPhase(TestCaseExecutor.java:410)
	at com.kms.katalon.core.main.TestCaseExecutor.execute(TestCaseExecutor.java:285)
	at com.kms.katalon.core.common.CommonExecutor.accessTestCaseMainPhase(CommonExecutor.java:65)
	at com.kms.katalon.core.main.TestSuiteExecutor.accessTestSuiteMainPhase(TestSuiteExecutor.java:148)
	at com.kms.katalon.core.main.TestSuiteExecutor.execute(TestSuiteExecutor.java:106)
	at com.kms.katalon.core.main.TestCaseMain.startTestSuite(TestCaseMain.java:187)
	at com.kms.katalon.core.main.TestCaseMain$startTestSuite$0.call(Unknown Source)
	at TempTestSuite1690207905267.run(TempTestSuite1690207905267.groovy:36)]]></system-out>
      <system-err><![CDATA[2023-07-24 21:11:49 - [TEST_SUITE][ERROR] - Feature Price Negotiation: Test Cases/secondhand-web/Step Definition/Feature Product Price Negotiation/PPN001 - user should be able successfully negotiate the price of the product FAILED.
Reason:
groovy.lang.MissingPropertyException: No such property: AsiyahEmailSellerEmailAsiyah for class: internal.GlobalVariable
	at PPN001 - user should be able successfully negotiate the price of the product.run(PPN001 - user should be able successfully negotiate the price of the product:26)
	at com.kms.katalon.core.main.ScriptEngine.run(ScriptEngine.java:194)
	at com.kms.katalon.core.main.ScriptEngine.runScriptAsRawText(ScriptEngine.java:119)
	at com.kms.katalon.core.main.TestCaseExecutor.runScript(TestCaseExecutor.java:448)
	at com.kms.katalon.core.main.TestCaseExecutor.doExecute(TestCaseExecutor.java:439)
	at com.kms.katalon.core.main.TestCaseExecutor.processExecutionPhase(TestCaseExecutor.java:418)
	at com.kms.katalon.core.main.TestCaseExecutor.accessMainPhase(TestCaseExecutor.java:410)
	at com.kms.katalon.core.main.TestCaseExecutor.execute(TestCaseExecutor.java:285)
	at com.kms.katalon.core.common.CommonExecutor.accessTestCaseMainPhase(CommonExecutor.java:65)
	at com.kms.katalon.core.main.TestSuiteExecutor.accessTestSuiteMainPhase(TestSuiteExecutor.java:148)
	at com.kms.katalon.core.main.TestSuiteExecutor.execute(TestSuiteExecutor.java:106)
	at com.kms.katalon.core.main.TestCaseMain.startTestSuite(TestCaseMain.java:187)
	at com.kms.katalon.core.main.TestCaseMain$startTestSuite$0.call(Unknown Source)
	at TempTestSuite1690207905267.run(TempTestSuite1690207905267.groovy:36)]]></system-err>
   </testsuite>
</testsuites>
